#
# There is insufficient memory for the Java Runtime Environment to continue.
# Native memory allocation (malloc) failed to allocate 47185920 bytes for committing reserved memory.
# Possible reasons:
#   The system is out of physical RAM or swap space
#   In 32 bit mode, the process size limit was hit
# Possible solutions:
#   Reduce memory load on the system
#   Increase physical memory or swap space
#   Check if swap backing store is full
#   Use 64 bit Java on a 64 bit OS
#   Decrease Java heap size (-Xmx/-Xms)
#   Decrease number of Java threads
#   Decrease Java thread stack sizes (-Xss)
#   Set larger code cache with -XX:ReservedCodeCacheSize=
# This output file may be truncated or incomplete.
#
#  Out of Memory Error (os_linux.cpp:2798), pid=11787, tid=140689116239616
#
# JRE version: OpenJDK Runtime Environment (7.0_65-b32) (build 1.7.0_65-b32)
# Java VM: OpenJDK 64-Bit Server VM (24.65-b04 mixed mode linux-amd64 compressed oops)
# Derivative: IcedTea 2.5.3
# Distribution: Ubuntu 14.04 LTS, package 7u71-2.5.3-0ubuntu0.14.04.1
# Failed to write core dump. Core dumps have been disabled. To enable core dumping, try "ulimit -c unlimited" before starting Java again
#

---------------  T H R E A D  ---------------

Current thread (0x00007ff4c813c800):  VMThread [stack: 0x00007ff4bcbc1000,0x00007ff4bccc2000] [id=11801]

Stack: [0x00007ff4bcbc1000,0x00007ff4bccc2000],  sp=0x00007ff4bccc0490,  free space=1021k
Native frames: (J=compiled Java code, j=interpreted, Vv=VM code, C=native code)
V  [libjvm.so+0x948b05]  VMError::report_and_die()+0x175
V  [libjvm.so+0x48bc34]  report_vm_out_of_memory(char const*, int, unsigned long, char const*)+0x74
V  [libjvm.so+0x7c7bfb]  os::pd_commit_memory(char*, unsigned long, unsigned long, bool)+0xeb
V  [libjvm.so+0x7c26bf]  os::commit_memory(char*, unsigned long, unsigned long, bool)+0x1f
V  [libjvm.so+0x833e4b]  PSVirtualSpace::expand_by(unsigned long)+0x5b
V  [libjvm.so+0x834ca0]  PSYoungGen::resize_generation(unsigned long, unsigned long)+0xb0
V  [libjvm.so+0x83538b]  PSYoungGen::resize(unsigned long, unsigned long)+0x1b
V  [libjvm.so+0x831670]  PSScavenge::invoke_no_policy()+0xde0
V  [libjvm.so+0x831e48]  PSScavenge::invoke()+0x38
V  [libjvm.so+0x7e8823]  ParallelScavengeHeap::failed_mem_allocate(unsigned long)+0x63
V  [libjvm.so+0x94a504]  VM_ParallelGCFailedAllocation::doit()+0x84
V  [libjvm.so+0x94e9f7]  VM_Operation::evaluate()+0x47
V  [libjvm.so+0x94d368]  VMThread::evaluate_operation(VM_Operation*)+0x318
V  [libjvm.so+0x94d7c9]  VMThread::loop()+0x219
V  [libjvm.so+0x94dc12]  VMThread::run()+0x72
V  [libjvm.so+0x7c4ac2]  java_start(Thread*)+0xf2

VM_Operation (0x00007ff4cf39c420): ParallelGCFailedAllocation, mode: safepoint, requested by thread 0x00007ff4c800a000


---------------  P R O C E S S  ---------------

Java Threads: ( => current thread )
  0x00007ff4c8175800 JavaThread "Service Thread" daemon [_thread_blocked, id=11807, stack(0x00007ff49fcfd000,0x00007ff49fdfe000)]
  0x00007ff4c8173000 JavaThread "C2 CompilerThread1" daemon [_thread_blocked, id=11806, stack(0x00007ff49fdfe000,0x00007ff49feff000)]
  0x00007ff4c8170000 JavaThread "C2 CompilerThread0" daemon [_thread_blocked, id=11805, stack(0x00007ff49feff000,0x00007ff4a0000000)]
  0x00007ff4c816e000 JavaThread "Signal Dispatcher" daemon [_thread_blocked, id=11804, stack(0x00007ff4bc072000,0x00007ff4bc173000)]
  0x00007ff4c8143000 JavaThread "Finalizer" daemon [_thread_blocked, id=11803, stack(0x00007ff4bc9bf000,0x00007ff4bcac0000)]
  0x00007ff4c8141000 JavaThread "Reference Handler" daemon [_thread_blocked, id=11802, stack(0x00007ff4bcac0000,0x00007ff4bcbc1000)]
  0x00007ff4c800a000 JavaThread "main" [_thread_blocked, id=11796, stack(0x00007ff4cf29d000,0x00007ff4cf39e000)]

Other Threads:
=>0x00007ff4c813c800 VMThread [stack: 0x00007ff4bcbc1000,0x00007ff4bccc2000] [id=11801]
  0x00007ff4c8180800 WatcherThread [stack: 0x00007ff49fbfc000,0x00007ff49fcfd000] [id=11808]

VM state:at safepoint (normal execution)

VM Mutex/Monitor currently owned by a thread:  ([mutex/lock_event])
[0x00007ff4c80066a0] Threads_lock - owner thread: 0x00007ff4c813c800
[0x00007ff4c8006ba0] Heap_lock - owner thread: 0x00007ff4c800a000

Heap
 PSYoungGen      total 123904K, used 18892K [0x00000000eaa80000, 0x00000000f3e00000, 0x0000000100000000)
  eden space 103424K, 0% used [0x00000000eaa80000,0x00000000eaa80000,0x00000000f0f80000)
  from space 20480K, 92% used [0x00000000f0f80000,0x00000000f21f3190,0x00000000f2380000)
  to   space 16896K, 0% used [0x00000000f2380000,0x00000000f2380000,0x00000000f3400000)
 ParOldGen       total 53248K, used 38168K [0x00000000c0000000, 0x00000000c3400000, 0x00000000eaa80000)
  object space 53248K, 71% used [0x00000000c0000000,0x00000000c2546058,0x00000000c3400000)
 PSPermGen       total 21504K, used 7255K [0x00000000b5a00000, 0x00000000b6f00000, 0x00000000c0000000)
  object space 21504K, 33% used [0x00000000b5a00000,0x00000000b6115db0,0x00000000b6f00000)

Card table byte_map: [0x00007ff4c4ba3000,0x00007ff4c4df7000] byte_map_base: 0x00007ff4c45f6000

Polling page: 0x00007ff4cf3c1000

Code Cache  [0x00007ff4c4df7000, 0x00007ff4c50b7000, 0x00007ff4c7df7000)
 total_blobs=1179 nmethods=927 adapters=205 free_code_cache=46418Kb largest_free_block=47484608

Compilation events (10 events):
Event: 14,521 Thread 0x00007ff4c8173000 nmethod 941 0x00007ff4c50a6790 code [0x00007ff4c50a68c0, 0x00007ff4c50a6918]
Event: 14,521 Thread 0x00007ff4c8173000  942             com.android.dx.io.instructions.FourRegisterDecodedInstruction::getC (5 bytes)
Event: 14,521 Thread 0x00007ff4c8173000 nmethod 942 0x00007ff4c50a6590 code [0x00007ff4c50a66c0, 0x00007ff4c50a6718]
Event: 14,521 Thread 0x00007ff4c8173000  943             com.android.dx.io.instructions.FourRegisterDecodedInstruction::getD (5 bytes)
Event: 14,521 Thread 0x00007ff4c8173000 nmethod 943 0x00007ff4c50a6390 code [0x00007ff4c50a64c0, 0x00007ff4c50a6518]
Event: 14,537 Thread 0x00007ff4c8170000 nmethod 937 0x00007ff4c50aae90 code [0x00007ff4c50ab160, 0x00007ff4c50ac7b0]
Event: 14,597 Thread 0x00007ff4c8173000  944             com.android.dx.io.instructions.InstructionCodec$32::decode (74 bytes)
Event: 14,597 Thread 0x00007ff4c8170000  945             com.android.dx.io.instructions.InstructionCodec$32::encode (95 bytes)
Event: 14,605 Thread 0x00007ff4c8170000 nmethod 945 0x00007ff4c509b610 code [0x00007ff4c509b7a0, 0x00007ff4c509bd68]
Event: 14,606 Thread 0x00007ff4c8173000 nmethod 944 0x00007ff4c50a8210 code [0x00007ff4c50a83a0, 0x00007ff4c50a8b08]

GC Heap History (10 events):
Event: 13,019 GC heap after
Heap after GC invocations=9 (full 1):
 PSYoungGen      total 74752K, used 11804K [0x00000000eaa80000, 0x00000000f0f80000, 0x0000000100000000)
  eden space 62464K, 0% used [0x00000000eaa80000,0x00000000eaa80000,0x00000000ee780000)
  from space 12288K, 96% used [0x00000000ef480000,0x00000000f0007098,0x00000000f0080000)
  to   space 13312K, 0% used [0x00000000ee780000,0x00000000ee780000,0x00000000ef480000)
 ParOldGen       total 53248K, used 21437K [0x00000000c0000000, 0x00000000c3400000, 0x00000000eaa80000)
  object space 53248K, 40% used [0x00000000c0000000,0x00000000c14ef588,0x00000000c3400000)
 PSPermGen       total 21504K, used 7134K [0x00000000b5a00000, 0x00000000b6f00000, 0x00000000c0000000)
  object space 21504K, 33% used [0x00000000b5a00000,0x00000000b60f78c0,0x00000000b6f00000)
}
Event: 13,955 GC heap before
{Heap before GC invocations=10 (full 1):
 PSYoungGen      total 74752K, used 74268K [0x00000000eaa80000, 0x00000000f0f80000, 0x0000000100000000)
  eden space 62464K, 100% used [0x00000000eaa80000,0x00000000ee780000,0x00000000ee780000)
  from space 12288K, 96% used [0x00000000ef480000,0x00000000f0007098,0x00000000f0080000)
  to   space 13312K, 0% used [0x00000000ee780000,0x00000000ee780000,0x00000000ef480000)
 ParOldGen       total 53248K, used 21437K [0x00000000c0000000, 0x00000000c3400000, 0x00000000eaa80000)
  object space 53248K, 40% used [0x00000000c0000000,0x00000000c14ef588,0x00000000c3400000)
 PSPermGen       total 21504K, used 7233K [0x00000000b5a00000, 0x00000000b6f00000, 0x00000000c0000000)
  object space 21504K, 33% used [0x00000000b5a00000,0x00000000b6110550,0x00000000b6f00000)
Event: 13,960 GC heap after
Heap after GC invocations=10 (full 1):
 PSYoungGen      total 75776K, used 12265K [0x00000000eaa80000, 0x00000000f1500000, 0x0000000100000000)
  eden space 62464K, 0% used [0x00000000eaa80000,0x00000000eaa80000,0x00000000ee780000)
  from space 13312K, 92% used [0x00000000ee780000,0x00000000ef37a5b0,0x00000000ef480000)
  to   space 14336K, 0% used [0x00000000f0700000,0x00000000f0700000,0x00000000f1500000)
 ParOldGen       total 53248K, used 21445K [0x00000000c0000000, 0x00000000c3400000, 0x00000000eaa80000)
  object space 53248K, 40% used [0x00000000c0000000,0x00000000c14f1588,0x00000000c3400000)
 PSPermGen       total 21504K, used 7233K [0x00000000b5a00000, 0x00000000b6f00000, 0x00000000c0000000)
  object space 21504K, 33% used [0x00000000b5a00000,0x00000000b6110550,0x00000000b6f00000)
}
Event: 14,140 GC heap before
{Heap before GC invocations=11 (full 1):
 PSYoungGen      total 75776K, used 74729K [0x00000000eaa80000, 0x00000000f1500000, 0x0000000100000000)
  eden space 62464K, 100% used [0x00000000eaa80000,0x00000000ee780000,0x00000000ee780000)
  from space 13312K, 92% used [0x00000000ee780000,0x00000000ef37a5b0,0x00000000ef480000)
  to   space 14336K, 0% used [0x00000000f0700000,0x00000000f0700000,0x00000000f1500000)
 ParOldGen       total 53248K, used 21445K [0x00000000c0000000, 0x00000000c3400000, 0x00000000eaa80000)
  object space 53248K, 40% used [0x00000000c0000000,0x00000000c14f1588,0x00000000c3400000)
 PSPermGen       total 21504K, used 7240K [0x00000000b5a00000, 0x00000000b6f00000, 0x00000000c0000000)
  object space 21504K, 33% used [0x00000000b5a00000,0x00000000b61121e8,0x00000000b6f00000)
Event: 14,158 GC heap after
Heap after GC invocations=11 (full 1):
 PSYoungGen      total 93696K, used 12461K [0x00000000eaa80000, 0x00000000f1b80000, 0x0000000100000000)
  eden space 79360K, 0% used [0x00000000eaa80000,0x00000000eaa80000,0x00000000ef800000)
  from space 14336K, 86% used [0x00000000f0700000,0x00000000f132b768,0x00000000f1500000)
  to   space 15360K, 0% used [0x00000000ef800000,0x00000000ef800000,0x00000000f0700000)
 ParOldGen       total 53248K, used 25061K [0x00000000c0000000, 0x00000000c3400000, 0x00000000eaa80000)
  object space 53248K, 47% used [0x00000000c0000000,0x00000000c18797b8,0x00000000c3400000)
 PSPermGen       total 21504K, used 7240K [0x00000000b5a00000, 0x00000000b6f00000, 0x00000000c0000000)
  object space 21504K, 33% used [0x00000000b5a00000,0x00000000b61121e8,0x00000000b6f00000)
}
Event: 14,321 GC heap before
{Heap before GC invocations=12 (full 1):
 PSYoungGen      total 93696K, used 91821K [0x00000000eaa80000, 0x00000000f1b80000, 0x0000000100000000)
  eden space 79360K, 100% used [0x00000000eaa80000,0x00000000ef800000,0x00000000ef800000)
  from space 14336K, 86% used [0x00000000f0700000,0x00000000f132b768,0x00000000f1500000)
  to   space 15360K, 0% used [0x00000000ef800000,0x00000000ef800000,0x00000000f0700000)
 ParOldGen       total 53248K, used 25061K [0x00000000c0000000, 0x00000000c3400000, 0x00000000eaa80000)
  object space 53248K, 47% used [0x00000000c0000000,0x00000000c18797b8,0x00000000c3400000)
 PSPermGen       total 21504K, used 7247K [0x00000000b5a00000, 0x00000000b6f00000, 0x00000000c0000000)
  object space 21504K, 33% used [0x00000000b5a00000,0x00000000b6113c80,0x00000000b6f00000)
Event: 14,327 GC heap after
Heap after GC invocations=12 (full 1):
 PSYoungGen      total 94720K, used 15341K [0x00000000eaa80000, 0x00000000f3400000, 0x0000000100000000)
  eden space 79360K, 0% used [0x00000000eaa80000,0x00000000eaa80000,0x00000000ef800000)
  from space 15360K, 99% used [0x00000000ef800000,0x00000000f06fb600,0x00000000f0700000)
  to   space 16896K, 0% used [0x00000000f2380000,0x00000000f2380000,0x00000000f3400000)
 ParOldGen       total 53248K, used 25245K [0x00000000c0000000, 0x00000000c3400000, 0x00000000eaa80000)
  object space 53248K, 47% used [0x00000000c0000000,0x00000000c18a77b8,0x00000000c3400000)
 PSPermGen       total 21504K, used 7247K [0x00000000b5a00000, 0x00000000b6f00000, 0x00000000c0000000)
  object space 21504K, 33% used [0x00000000b5a00000,0x00000000b6113c80,0x00000000b6f00000)
}
Event: 14,458 GC heap before
{Heap before GC invocations=13 (full 1):
 PSYoungGen      total 94720K, used 94701K [0x00000000eaa80000, 0x00000000f3400000, 0x0000000100000000)
  eden space 79360K, 100% used [0x00000000eaa80000,0x00000000ef800000,0x00000000ef800000)
  from space 15360K, 99% used [0x00000000ef800000,0x00000000f06fb600,0x00000000f0700000)
  to   space 16896K, 0% used [0x00000000f2380000,0x00000000f2380000,0x00000000f3400000)
 ParOldGen       total 53248K, used 25245K [0x00000000c0000000, 0x00000000c3400000, 0x00000000eaa80000)
  object space 53248K, 47% used [0x00000000c0000000,0x00000000c18a77b8,0x00000000c3400000)
 PSPermGen       total 21504K, used 7253K [0x00000000b5a00000, 0x00000000b6f00000, 0x00000000c0000000)
  object space 21504K, 33% used [0x00000000b5a00000,0x00000000b6115428,0x00000000b6f00000)
Event: 14,471 GC heap after
Heap after GC invocations=13 (full 1):
 PSYoungGen      total 120320K, used 16893K [0x00000000eaa80000, 0x00000000f3e00000, 0x0000000100000000)
  eden space 103424K, 0% used [0x00000000eaa80000,0x00000000eaa80000,0x00000000f0f80000)
  from space 16896K, 99% used [0x00000000f2380000,0x00000000f33ff7e8,0x00000000f3400000)
  to   space 20480K, 0% used [0x00000000f0f80000,0x00000000f0f80000,0x00000000f2380000)
 ParOldGen       total 53248K, used 29743K [0x00000000c0000000, 0x00000000c3400000, 0x00000000eaa80000)
  object space 53248K, 55% used [0x00000000c0000000,0x00000000c1d0bea8,0x00000000c3400000)
 PSPermGen       total 21504K, used 7253K [0x00000000b5a00000, 0x00000000b6f00000, 0x00000000c0000000)
  object space 21504K, 33% used [0x00000000b5a00000,0x00000000b6115428,0x00000000b6f00000)
}
Event: 14,638 GC heap before
{Heap before GC invocations=14 (full 1):
 PSYoungGen      total 120320K, used 120317K [0x00000000eaa80000, 0x00000000f3e00000, 0x0000000100000000)
  eden space 103424K, 100% used [0x00000000eaa80000,0x00000000f0f80000,0x00000000f0f80000)
  from space 16896K, 99% used [0x00000000f2380000,0x00000000f33ff7e8,0x00000000f3400000)
  to   space 20480K, 0% used [0x00000000f0f80000,0x00000000f0f80000,0x00000000f2380000)
 ParOldGen       total 53248K, used 29743K [0x00000000c0000000, 0x00000000c3400000, 0x00000000eaa80000)
  object space 53248K, 55% used [0x00000000c0000000,0x00000000c1d0bea8,0x00000000c3400000)
 PSPermGen       total 21504K, used 7255K [0x00000000b5a00000, 0x00000000b6f00000, 0x00000000c0000000)
  object space 21504K, 33% used [0x00000000b5a00000,0x00000000b6115db0,0x00000000b6f00000)

Deoptimization events (10 events):
Event: 13,871 Thread 0x00007ff4c800a000 Uncommon trap: reason=array_check action=maybe_recompile pc=0x00007ff4c504a50c method=java.util.TimSort.binarySort([Ljava/lang/Object;IIILjava/util/Comparator;)V @ 183
Event: 13,871 Thread 0x00007ff4c800a000 Uncommon trap: reason=array_check action=maybe_recompile pc=0x00007ff4c504a50c method=java.util.TimSort.binarySort([Ljava/lang/Object;IIILjava/util/Comparator;)V @ 183
Event: 13,871 Thread 0x00007ff4c800a000 Uncommon trap: reason=array_check action=maybe_recompile pc=0x00007ff4c504a448 method=java.util.TimSort.binarySort([Ljava/lang/Object;IIILjava/util/Comparator;)V @ 193
Event: 13,871 Thread 0x00007ff4c800a000 Uncommon trap: reason=array_check action=maybe_recompile pc=0x00007ff4c504a50c method=java.util.TimSort.binarySort([Ljava/lang/Object;IIILjava/util/Comparator;)V @ 183
Event: 13,898 Thread 0x00007ff4c800a000 Uncommon trap: reason=array_check action=maybe_recompile pc=0x00007ff4c5048434 method=java.util.ComparableTimSort.binarySort([Ljava/lang/Object;III)V @ 215
Event: 13,966 Thread 0x00007ff4c800a000 Uncommon trap: reason=array_check action=maybe_recompile pc=0x00007ff4c5054b90 method=java.util.TimSort.binarySort([Ljava/lang/Object;IIILjava/util/Comparator;)V @ 215
Event: 13,966 Thread 0x00007ff4c800a000 Uncommon trap: reason=array_check action=maybe_recompile pc=0x00007ff4c5054b90 method=java.util.TimSort.binarySort([Ljava/lang/Object;IIILjava/util/Comparator;)V @ 215
Event: 14,002 Thread 0x00007ff4c800a000 Uncommon trap: reason=array_check action=maybe_recompile pc=0x00007ff4c5048434 method=java.util.ComparableTimSort.binarySort([Ljava/lang/Object;III)V @ 215
Event: 14,312 Thread 0x00007ff4c800a000 Uncommon trap: reason=array_check action=maybe_recompile pc=0x00007ff4c5092074 method=java.util.ComparableTimSort.binarySort([Ljava/lang/Object;III)V @ 183
Event: 14,422 Thread 0x00007ff4c800a000 Uncommon trap: reason=array_check action=maybe_recompile pc=0x00007ff4c5092074 method=java.util.ComparableTimSort.binarySort([Ljava/lang/Object;III)V @ 183

Internal exceptions (10 events):
Event: 11,242 Thread 0x00007ff4c800a000 Threw 0x00000000eb0e8ed0 at /build/buildd/openjdk-7-7u71-2.5.3/build/openjdk/hotspot/src/share/vm/prims/jvm.cpp:1284
Event: 11,243 Thread 0x00007ff4c800a000 Threw 0x00000000eb0f06d8 at /build/buildd/openjdk-7-7u71-2.5.3/build/openjdk/hotspot/src/share/vm/prims/jvm.cpp:1284
Event: 11,244 Thread 0x00007ff4c800a000 Threw 0x00000000eb0f3260 at /build/buildd/openjdk-7-7u71-2.5.3/build/openjdk/hotspot/src/share/vm/prims/jvm.cpp:1284
Event: 11,650 Thread 0x00007ff4c800a000 Threw 0x00000000eb51c298 at /build/buildd/openjdk-7-7u71-2.5.3/build/openjdk/hotspot/src/share/vm/prims/jvm.cpp:1284
Event: 11,650 Thread 0x00007ff4c800a000 Threw 0x00000000eb51c3c0 at /build/buildd/openjdk-7-7u71-2.5.3/build/openjdk/hotspot/src/share/vm/prims/jvm.cpp:1284
Event: 11,650 Thread 0x00007ff4c800a000 Threw 0x00000000eb51ea70 at /build/buildd/openjdk-7-7u71-2.5.3/build/openjdk/hotspot/src/share/vm/prims/jvm.cpp:1284
Event: 11,650 Thread 0x00007ff4c800a000 Threw 0x00000000eb51eb98 at /build/buildd/openjdk-7-7u71-2.5.3/build/openjdk/hotspot/src/share/vm/prims/jvm.cpp:1284
Event: 11,650 Thread 0x00007ff4c800a000 Threw 0x00000000eb51f598 at /build/buildd/openjdk-7-7u71-2.5.3/build/openjdk/hotspot/src/share/vm/prims/jvm.cpp:1284
Event: 11,650 Thread 0x00007ff4c800a000 Threw 0x00000000eb51f6c0 at /build/buildd/openjdk-7-7u71-2.5.3/build/openjdk/hotspot/src/share/vm/prims/jvm.cpp:1284
Event: 12,617 Thread 0x00007ff4c800a000 Threw 0x00000000eac51790 at /build/buildd/openjdk-7-7u71-2.5.3/build/openjdk/hotspot/src/share/vm/prims/jvm.cpp:1284

Events (10 events):
Event: 14,312 Thread 0x00007ff4c800a000 DEOPT UNPACKING pc=0x00007ff4c4e30445 sp=0x00007ff4cf39c418 mode 2
Event: 14,321 Executing VM operation: ParallelGCFailedAllocation
Event: 14,328 Executing VM operation: ParallelGCFailedAllocation done
Event: 14,422 Thread 0x00007ff4c800a000 Uncommon trap: trap_request=0xffffffd6 fr.pc=0x00007ff4c5092074
Event: 14,422 Thread 0x00007ff4c800a000 DEOPT PACKING pc=0x00007ff4c5092074 sp=0x00007ff4cf39c450
Event: 14,422 Thread 0x00007ff4c800a000 DEOPT UNPACKING pc=0x00007ff4c4e30445 sp=0x00007ff4cf39c418 mode 2
Event: 14,458 Executing VM operation: ParallelGCFailedAllocation
Event: 14,471 Executing VM operation: ParallelGCFailedAllocation done
Event: 14,521 Thread 0x00007ff4c8173000 flushing nmethod 0x00007ff4c5006910
Event: 14,638 Executing VM operation: ParallelGCFailedAllocation


Dynamic libraries:
00400000-00401000 r-xp 00000000 08:06 1584066                            /usr/lib/jvm/java-7-openjdk-amd64/jre/bin/java
00600000-00601000 r--p 00000000 08:06 1584066                            /usr/lib/jvm/java-7-openjdk-amd64/jre/bin/java
00601000-00602000 rw-p 00001000 08:06 1584066                            /usr/lib/jvm/java-7-openjdk-amd64/jre/bin/java
01f99000-01fba000 rw-p 00000000 00:00 0                                  [heap]
b5a00000-b6f00000 rw-p 00000000 00:00 0 
b6f00000-c0000000 rw-p 00000000 00:00 0 
c0000000-c3400000 rw-p 00000000 00:00 0 
c3400000-eaa80000 rw-p 00000000 00:00 0 
eaa80000-f3e00000 rw-p 00000000 00:00 0 
f6b00000-100000000 rw-p 00000000 00:00 0 
7ff488000000-7ff488021000 rw-p 00000000 00:00 0 
7ff488021000-7ff48c000000 ---p 00000000 00:00 0 
7ff490000000-7ff490ed7000 rw-p 00000000 00:00 0 
7ff490ed7000-7ff494000000 ---p 00000000 00:00 0 
7ff494000000-7ff494021000 rw-p 00000000 00:00 0 
7ff494021000-7ff498000000 ---p 00000000 00:00 0 
7ff498000000-7ff498eec000 rw-p 00000000 00:00 0 
7ff498eec000-7ff49c000000 ---p 00000000 00:00 0 
7ff49e47e000-7ff49e4bb000 r-xp 00000000 08:06 2232416                    /lib/x86_64-linux-gnu/libpcre.so.3.13.1
7ff49e4bb000-7ff49e6ba000 ---p 0003d000 08:06 2232416                    /lib/x86_64-linux-gnu/libpcre.so.3.13.1
7ff49e6ba000-7ff49e6bb000 r--p 0003c000 08:06 2232416                    /lib/x86_64-linux-gnu/libpcre.so.3.13.1
7ff49e6bb000-7ff49e6bc000 rw-p 0003d000 08:06 2232416                    /lib/x86_64-linux-gnu/libpcre.so.3.13.1
7ff49e6bc000-7ff49e6c3000 r-xp 00000000 08:06 1451072                    /usr/lib/x86_64-linux-gnu/libffi.so.6.0.1
7ff49e6c3000-7ff49e8c2000 ---p 00007000 08:06 1451072                    /usr/lib/x86_64-linux-gnu/libffi.so.6.0.1
7ff49e8c2000-7ff49e8c3000 r--p 00006000 08:06 1451072                    /usr/lib/x86_64-linux-gnu/libffi.so.6.0.1
7ff49e8c3000-7ff49e8c4000 rw-p 00007000 08:06 1451072                    /usr/lib/x86_64-linux-gnu/libffi.so.6.0.1
7ff49e8c4000-7ff49e8db000 r-xp 00000000 08:06 2237559                    /lib/x86_64-linux-gnu/libresolv-2.19.so
7ff49e8db000-7ff49eadb000 ---p 00017000 08:06 2237559                    /lib/x86_64-linux-gnu/libresolv-2.19.so
7ff49eadb000-7ff49eadc000 r--p 00017000 08:06 2237559                    /lib/x86_64-linux-gnu/libresolv-2.19.so
7ff49eadc000-7ff49eadd000 rw-p 00018000 08:06 2237559                    /lib/x86_64-linux-gnu/libresolv-2.19.so
7ff49eadd000-7ff49eadf000 rw-p 00000000 00:00 0 
7ff49eadf000-7ff49eaff000 r-xp 00000000 08:06 2232443                    /lib/x86_64-linux-gnu/libselinux.so.1
7ff49eaff000-7ff49ecfe000 ---p 00020000 08:06 2232443                    /lib/x86_64-linux-gnu/libselinux.so.1
7ff49ecfe000-7ff49ecff000 r--p 0001f000 08:06 2232443                    /lib/x86_64-linux-gnu/libselinux.so.1
7ff49ecff000-7ff49ed00000 rw-p 00020000 08:06 2232443                    /lib/x86_64-linux-gnu/libselinux.so.1
7ff49ed00000-7ff49ed02000 rw-p 00000000 00:00 0 
7ff49ed02000-7ff49ed05000 r-xp 00000000 08:06 1442156                    /usr/lib/x86_64-linux-gnu/libgmodule-2.0.so.0.4002.0
7ff49ed05000-7ff49ef04000 ---p 00003000 08:06 1442156                    /usr/lib/x86_64-linux-gnu/libgmodule-2.0.so.0.4002.0
7ff49ef04000-7ff49ef05000 r--p 00002000 08:06 1442156                    /usr/lib/x86_64-linux-gnu/libgmodule-2.0.so.0.4002.0
7ff49ef05000-7ff49ef06000 rw-p 00003000 08:06 1442156                    /usr/lib/x86_64-linux-gnu/libgmodule-2.0.so.0.4002.0
7ff49ef06000-7ff49f00c000 r-xp 00000000 08:06 2239090                    /lib/x86_64-linux-gnu/libglib-2.0.so.0.4002.0
7ff49f00c000-7ff49f20b000 ---p 00106000 08:06 2239090                    /lib/x86_64-linux-gnu/libglib-2.0.so.0.4002.0
7ff49f20b000-7ff49f20c000 r--p 00105000 08:06 2239090                    /lib/x86_64-linux-gnu/libglib-2.0.so.0.4002.0
7ff49f20c000-7ff49f20d000 rw-p 00106000 08:06 2239090                    /lib/x86_64-linux-gnu/libglib-2.0.so.0.4002.0
7ff49f20d000-7ff49f20e000 rw-p 00000000 00:00 0 
7ff49f20e000-7ff49f25d000 r-xp 00000000 08:06 1442174                    /usr/lib/x86_64-linux-gnu/libgobject-2.0.so.0.4002.0
7ff49f25d000-7ff49f45d000 ---p 0004f000 08:06 1442174                    /usr/lib/x86_64-linux-gnu/libgobject-2.0.so.0.4002.0
7ff49f45d000-7ff49f45e000 r--p 0004f000 08:06 1442174                    /usr/lib/x86_64-linux-gnu/libgobject-2.0.so.0.4002.0
7ff49f45e000-7ff49f45f000 rw-p 00050000 08:06 1442174                    /usr/lib/x86_64-linux-gnu/libgobject-2.0.so.0.4002.0
7ff49f45f000-7ff49f5cb000 r-xp 00000000 08:06 1442178                    /usr/lib/x86_64-linux-gnu/libgio-2.0.so.0.4002.0
7ff49f5cb000-7ff49f7ca000 ---p 0016c000 08:06 1442178                    /usr/lib/x86_64-linux-gnu/libgio-2.0.so.0.4002.0
7ff49f7ca000-7ff49f7ce000 r--p 0016b000 08:06 1442178                    /usr/lib/x86_64-linux-gnu/libgio-2.0.so.0.4002.0
7ff49f7ce000-7ff49f7d0000 rw-p 0016f000 08:06 1442178                    /usr/lib/x86_64-linux-gnu/libgio-2.0.so.0.4002.0
7ff49f7d0000-7ff49f7d2000 rw-p 00000000 00:00 0 
7ff49f7d2000-7ff49f7e9000 r-xp 00000000 08:06 1455285                    /usr/lib/jvm/java-7-openjdk-amd64/jre/lib/amd64/libnet.so
7ff49f7e9000-7ff49f9e8000 ---p 00017000 08:06 1455285                    /usr/lib/jvm/java-7-openjdk-amd64/jre/lib/amd64/libnet.so
7ff49f9e8000-7ff49f9e9000 r--p 00016000 08:06 1455285                    /usr/lib/jvm/java-7-openjdk-amd64/jre/lib/amd64/libnet.so
7ff49f9e9000-7ff49f9ea000 rw-p 00017000 08:06 1455285                    /usr/lib/jvm/java-7-openjdk-amd64/jre/lib/amd64/libnet.so
7ff49f9ea000-7ff49f9fa000 r-xp 00000000 08:06 1455300                    /usr/lib/jvm/java-7-openjdk-amd64/jre/lib/amd64/libnio.so
7ff49f9fa000-7ff49fbfa000 ---p 00010000 08:06 1455300                    /usr/lib/jvm/java-7-openjdk-amd64/jre/lib/amd64/libnio.so
7ff49fbfa000-7ff49fbfb000 r--p 00010000 08:06 1455300                    /usr/lib/jvm/java-7-openjdk-amd64/jre/lib/amd64/libnio.so
7ff49fbfb000-7ff49fbfc000 rw-p 00011000 08:06 1455300                    /usr/lib/jvm/java-7-openjdk-amd64/jre/lib/amd64/libnio.so
7ff49fbfc000-7ff49fbfd000 ---p 00000000 00:00 0 
7ff49fbfd000-7ff49fcfd000 rw-p 00000000 00:00 0                          [stack:11808]
7ff49fcfd000-7ff49fd00000 ---p 00000000 00:00 0 
7ff49fd00000-7ff49fdfe000 rw-p 00000000 00:00 0                          [stack:11807]
7ff49fdfe000-7ff49fe01000 ---p 00000000 00:00 0 
7ff49fe01000-7ff49feff000 rw-p 00000000 00:00 0                          [stack:11806]
7ff49feff000-7ff49ff02000 ---p 00000000 00:00 0 
7ff49ff02000-7ff4a0000000 rw-p 00000000 00:00 0                          [stack:11805]
7ff4a0000000-7ff4a0021000 rw-p 00000000 00:00 0 
7ff4a0021000-7ff4a4000000 ---p 00000000 00:00 0 
7ff4a4000000-7ff4a4021000 rw-p 00000000 00:00 0 
7ff4a4021000-7ff4a8000000 ---p 00000000 00:00 0 
7ff4a8000000-7ff4a8243000 rw-p 00000000 00:00 0 
7ff4a8243000-7ff4ac000000 ---p 00000000 00:00 0 
7ff4ac000000-7ff4ac021000 rw-p 00000000 00:00 0 
7ff4ac021000-7ff4b0000000 ---p 00000000 00:00 0 
7ff4b0000000-7ff4b0021000 rw-p 00000000 00:00 0 
7ff4b0021000-7ff4b4000000 ---p 00000000 00:00 0 
7ff4b4000000-7ff4b4021000 rw-p 00000000 00:00 0 
7ff4b4021000-7ff4b8000000 ---p 00000000 00:00 0 
7ff4b8000000-7ff4b8021000 rw-p 00000000 00:00 0 
7ff4b8021000-7ff4bc000000 ---p 00000000 00:00 0 
7ff4bc072000-7ff4bc075000 ---p 00000000 00:00 0 
7ff4bc075000-7ff4bc173000 rw-p 00000000 00:00 0                          [stack:11804]
7ff4bc173000-7ff4bc9bf000 r--p 00000000 08:06 1449661                    /usr/lib/locale/locale-archive
7ff4bc9bf000-7ff4bc9c2000 ---p 00000000 00:00 0 
7ff4bc9c2000-7ff4bcac0000 rw-p 00000000 00:00 0                          [stack:11803]
7ff4bcac0000-7ff4bcac3000 ---p 00000000 00:00 0 
7ff4bcac3000-7ff4bcbc1000 rw-p 00000000 00:00 0                          [stack:11802]
7ff4bcbc1000-7ff4bcbc2000 ---p 00000000 00:00 0 
7ff4bcbc2000-7ff4c0000000 rw-p 00000000 00:00 0                          [stack:11801]
7ff4c0000000-7ff4c0021000 rw-p 00000000 00:00 0 
7ff4c0021000-7ff4c4000000 ---p 00000000 00:00 0 
7ff4c4055000-7ff4c4085000 r--p 00000000 08:06 2387679                    /usr/share/locale-langpack/uk/LC_MESSAGES/libc.mo
7ff4c4085000-7ff4c41cf000 rw-p 00000000 00:00 0 
7ff4c41cf000-7ff4c4380000 r--s 01d25000 08:06 1455343                    /usr/lib/jvm/java-7-openjdk-amd64/jre/lib/rt.jar
7ff4c4380000-7ff4c4649000 rw-p 00000000 00:00 0 
7ff4c4649000-7ff4c464a000 ---p 00000000 00:00 0 
7ff4c464a000-7ff4c474a000 rw-p 00000000 00:00 0                          [stack:11800]
7ff4c474a000-7ff4c474b000 ---p 00000000 00:00 0 
7ff4c474b000-7ff4c484b000 rw-p 00000000 00:00 0                          [stack:11799]
7ff4c484b000-7ff4c484c000 ---p 00000000 00:00 0 
7ff4c484c000-7ff4c494c000 rw-p 00000000 00:00 0                          [stack:11798]
7ff4c494c000-7ff4c494d000 ---p 00000000 00:00 0 
7ff4c494d000-7ff4c4a67000 rw-p 00000000 00:00 0                          [stack:11797]
7ff4c4a67000-7ff4c4ba3000 rw-p 00000000 00:00 0 
7ff4c4ba3000-7ff4c4bae000 rw-p 00000000 00:00 0 
7ff4c4bae000-7ff4c4bf6000 rw-p 00000000 00:00 0 
7ff4c4bf6000-7ff4c4c10000 rw-p 00000000 00:00 0 
7ff4c4c10000-7ff4c4d4b000 rw-p 00000000 00:00 0 
7ff4c4d4b000-7ff4c4d95000 rw-p 00000000 00:00 0 
7ff4c4d95000-7ff4c4df6000 rw-p 00000000 00:00 0 
7ff4c4df6000-7ff4c4df7000 rw-p 00000000 00:00 0 
7ff4c4df7000-7ff4c50b7000 rwxp 00000000 00:00 0 
7ff4c50b7000-7ff4c7df7000 rw-p 00000000 00:00 0 
7ff4c7df7000-7ff4c7dff000 r-xp 00000000 08:06 1455279                    /usr/lib/jvm/java-7-openjdk-amd64/jre/lib/amd64/libzip.so
7ff4c7dff000-7ff4c7ffe000 ---p 00008000 08:06 1455279                    /usr/lib/jvm/java-7-openjdk-amd64/jre/lib/amd64/libzip.so
7ff4c7ffe000-7ff4c7fff000 r--p 00007000 08:06 1455279                    /usr/lib/jvm/java-7-openjdk-amd64/jre/lib/amd64/libzip.so
7ff4c7fff000-7ff4c8000000 rw-p 00008000 08:06 1455279                    /usr/lib/jvm/java-7-openjdk-amd64/jre/lib/amd64/libzip.so
7ff4c8000000-7ff4c8334000 rw-p 00000000 00:00 0 
7ff4c8334000-7ff4cc000000 ---p 00000000 00:00 0 
7ff4cc027000-7ff4cc02e000 r--s 00000000 08:06 1710979                    /usr/lib/x86_64-linux-gnu/gconv/gconv-modules.cache
7ff4cc02e000-7ff4cc033000 r--s 0004c000 08:06 1455321                    /usr/lib/jvm/java-7-openjdk-amd64/jre/lib/jsse.jar
7ff4cc033000-7ff4cc042000 r--s 000dd000 08:06 1056252                    /opt/android-studio/sdk/build-tools/21.1.2/lib/dx.jar
7ff4cc042000-7ff4cc0a8000 rw-p 00000000 00:00 0 
7ff4cc0a8000-7ff4cc0f0000 rw-p 00000000 00:00 0 
7ff4cc0f0000-7ff4cc0fb000 r-xp 00000000 08:06 2237573                    /lib/x86_64-linux-gnu/libnss_files-2.19.so
7ff4cc0fb000-7ff4cc2fa000 ---p 0000b000 08:06 2237573                    /lib/x86_64-linux-gnu/libnss_files-2.19.so
7ff4cc2fa000-7ff4cc2fb000 r--p 0000a000 08:06 2237573                    /lib/x86_64-linux-gnu/libnss_files-2.19.so
7ff4cc2fb000-7ff4cc2fc000 rw-p 0000b000 08:06 2237573                    /lib/x86_64-linux-gnu/libnss_files-2.19.so
7ff4cc2fc000-7ff4cc307000 r-xp 00000000 08:06 2237574                    /lib/x86_64-linux-gnu/libnss_nis-2.19.so
7ff4cc307000-7ff4cc506000 ---p 0000b000 08:06 2237574                    /lib/x86_64-linux-gnu/libnss_nis-2.19.so
7ff4cc506000-7ff4cc507000 r--p 0000a000 08:06 2237574                    /lib/x86_64-linux-gnu/libnss_nis-2.19.so
7ff4cc507000-7ff4cc508000 rw-p 0000b000 08:06 2237574                    /lib/x86_64-linux-gnu/libnss_nis-2.19.so
7ff4cc508000-7ff4cc51f000 r-xp 00000000 08:06 2237560                    /lib/x86_64-linux-gnu/libnsl-2.19.so
7ff4cc51f000-7ff4cc71e000 ---p 00017000 08:06 2237560                    /lib/x86_64-linux-gnu/libnsl-2.19.so
7ff4cc71e000-7ff4cc71f000 r--p 00016000 08:06 2237560                    /lib/x86_64-linux-gnu/libnsl-2.19.so
7ff4cc71f000-7ff4cc720000 rw-p 00017000 08:06 2237560                    /lib/x86_64-linux-gnu/libnsl-2.19.so
7ff4cc720000-7ff4cc722000 rw-p 00000000 00:00 0 
7ff4cc722000-7ff4cc72b000 r-xp 00000000 08:06 2237557                    /lib/x86_64-linux-gnu/libnss_compat-2.19.so
7ff4cc72b000-7ff4cc92a000 ---p 00009000 08:06 2237557                    /lib/x86_64-linux-gnu/libnss_compat-2.19.so
7ff4cc92a000-7ff4cc92b000 r--p 00008000 08:06 2237557                    /lib/x86_64-linux-gnu/libnss_compat-2.19.so
7ff4cc92b000-7ff4cc92c000 rw-p 00009000 08:06 2237557                    /lib/x86_64-linux-gnu/libnss_compat-2.19.so
7ff4cc92c000-7ff4cc957000 r-xp 00000000 08:06 1455284                    /usr/lib/jvm/java-7-openjdk-amd64/jre/lib/amd64/libjava.so
7ff4cc957000-7ff4ccb56000 ---p 0002b000 08:06 1455284                    /usr/lib/jvm/java-7-openjdk-amd64/jre/lib/amd64/libjava.so
7ff4ccb56000-7ff4ccb57000 r--p 0002a000 08:06 1455284                    /usr/lib/jvm/java-7-openjdk-amd64/jre/lib/amd64/libjava.so
7ff4ccb57000-7ff4ccb59000 rw-p 0002b000 08:06 1455284                    /usr/lib/jvm/java-7-openjdk-amd64/jre/lib/amd64/libjava.so
7ff4ccb59000-7ff4ccb69000 r-xp 00000000 08:06 1455299                    /usr/lib/jvm/java-7-openjdk-amd64/jre/lib/amd64/libverify.so
7ff4ccb69000-7ff4ccd68000 ---p 00010000 08:06 1455299                    /usr/lib/jvm/java-7-openjdk-amd64/jre/lib/amd64/libverify.so
7ff4ccd68000-7ff4ccd6a000 r--p 0000f000 08:06 1455299                    /usr/lib/jvm/java-7-openjdk-amd64/jre/lib/amd64/libverify.so
7ff4ccd6a000-7ff4ccd6b000 rw-p 00011000 08:06 1455299                    /usr/lib/jvm/java-7-openjdk-amd64/jre/lib/amd64/libverify.so
7ff4ccd6b000-7ff4ccd72000 r-xp 00000000 08:06 2237562                    /lib/x86_64-linux-gnu/librt-2.19.so
7ff4ccd72000-7ff4ccf71000 ---p 00007000 08:06 2237562                    /lib/x86_64-linux-gnu/librt-2.19.so
7ff4ccf71000-7ff4ccf72000 r--p 00006000 08:06 2237562                    /lib/x86_64-linux-gnu/librt-2.19.so
7ff4ccf72000-7ff4ccf73000 rw-p 00007000 08:06 2237562                    /lib/x86_64-linux-gnu/librt-2.19.so
7ff4ccf73000-7ff4ccf89000 r-xp 00000000 08:06 2232319                    /lib/x86_64-linux-gnu/libgcc_s.so.1
7ff4ccf89000-7ff4cd188000 ---p 00016000 08:06 2232319                    /lib/x86_64-linux-gnu/libgcc_s.so.1
7ff4cd188000-7ff4cd189000 rw-p 00015000 08:06 2232319                    /lib/x86_64-linux-gnu/libgcc_s.so.1
7ff4cd189000-7ff4cd28e000 r-xp 00000000 08:06 2237569                    /lib/x86_64-linux-gnu/libm-2.19.so
7ff4cd28e000-7ff4cd48d000 ---p 00105000 08:06 2237569                    /lib/x86_64-linux-gnu/libm-2.19.so
7ff4cd48d000-7ff4cd48e000 r--p 00104000 08:06 2237569                    /lib/x86_64-linux-gnu/libm-2.19.so
7ff4cd48e000-7ff4cd48f000 rw-p 00105000 08:06 2237569                    /lib/x86_64-linux-gnu/libm-2.19.so
7ff4cd48f000-7ff4cd575000 r-xp 00000000 08:06 1451700                    /usr/lib/x86_64-linux-gnu/libstdc++.so.6.0.19
7ff4cd575000-7ff4cd774000 ---p 000e6000 08:06 1451700                    /usr/lib/x86_64-linux-gnu/libstdc++.so.6.0.19
7ff4cd774000-7ff4cd77c000 r--p 000e5000 08:06 1451700                    /usr/lib/x86_64-linux-gnu/libstdc++.so.6.0.19
7ff4cd77c000-7ff4cd77e000 rw-p 000ed000 08:06 1451700                    /usr/lib/x86_64-linux-gnu/libstdc++.so.6.0.19
7ff4cd77e000-7ff4cd793000 rw-p 00000000 00:00 0 
7ff4cd793000-7ff4ce2a9000 r-xp 00000000 08:06 1584041                    /usr/lib/jvm/java-7-openjdk-amd64/jre/lib/amd64/server/libjvm.so
7ff4ce2a9000-7ff4ce4a8000 ---p 00b16000 08:06 1584041                    /usr/lib/jvm/java-7-openjdk-amd64/jre/lib/amd64/server/libjvm.so
7ff4ce4a8000-7ff4ce542000 r--p 00b15000 08:06 1584041                    /usr/lib/jvm/java-7-openjdk-amd64/jre/lib/amd64/server/libjvm.so
7ff4ce542000-7ff4ce565000 rw-p 00baf000 08:06 1584041                    /usr/lib/jvm/java-7-openjdk-amd64/jre/lib/amd64/server/libjvm.so
7ff4ce565000-7ff4ce593000 rw-p 00000000 00:00 0 
7ff4ce593000-7ff4ce5ab000 r-xp 00000000 08:06 2232476                    /lib/x86_64-linux-gnu/libz.so.1.2.8
7ff4ce5ab000-7ff4ce7aa000 ---p 00018000 08:06 2232476                    /lib/x86_64-linux-gnu/libz.so.1.2.8
7ff4ce7aa000-7ff4ce7ab000 r--p 00017000 08:06 2232476                    /lib/x86_64-linux-gnu/libz.so.1.2.8
7ff4ce7ab000-7ff4ce7ac000 rw-p 00018000 08:06 2232476                    /lib/x86_64-linux-gnu/libz.so.1.2.8
7ff4ce7ac000-7ff4ce7c5000 r-xp 00000000 08:06 2237579                    /lib/x86_64-linux-gnu/libpthread-2.19.so
7ff4ce7c5000-7ff4ce9c4000 ---p 00019000 08:06 2237579                    /lib/x86_64-linux-gnu/libpthread-2.19.so
7ff4ce9c4000-7ff4ce9c5000 r--p 00018000 08:06 2237579                    /lib/x86_64-linux-gnu/libpthread-2.19.so
7ff4ce9c5000-7ff4ce9c6000 rw-p 00019000 08:06 2237579                    /lib/x86_64-linux-gnu/libpthread-2.19.so
7ff4ce9c6000-7ff4ce9ca000 rw-p 00000000 00:00 0 
7ff4ce9ca000-7ff4ce9cd000 r-xp 00000000 08:06 2237578                    /lib/x86_64-linux-gnu/libdl-2.19.so
7ff4ce9cd000-7ff4cebcc000 ---p 00003000 08:06 2237578                    /lib/x86_64-linux-gnu/libdl-2.19.so
7ff4cebcc000-7ff4cebcd000 r--p 00002000 08:06 2237578                    /lib/x86_64-linux-gnu/libdl-2.19.so
7ff4cebcd000-7ff4cebce000 rw-p 00003000 08:06 2237578                    /lib/x86_64-linux-gnu/libdl-2.19.so
7ff4cebce000-7ff4ced89000 r-xp 00000000 08:06 2237566                    /lib/x86_64-linux-gnu/libc-2.19.so
7ff4ced89000-7ff4cef89000 ---p 001bb000 08:06 2237566                    /lib/x86_64-linux-gnu/libc-2.19.so
7ff4cef89000-7ff4cef8d000 r--p 001bb000 08:06 2237566                    /lib/x86_64-linux-gnu/libc-2.19.so
7ff4cef8d000-7ff4cef8f000 rw-p 001bf000 08:06 2237566                    /lib/x86_64-linux-gnu/libc-2.19.so
7ff4cef8f000-7ff4cef94000 rw-p 00000000 00:00 0 
7ff4cef94000-7ff4cefa1000 r-xp 00000000 08:06 1584039                    /usr/lib/jvm/java-7-openjdk-amd64/jre/lib/amd64/jli/libjli.so
7ff4cefa1000-7ff4cf1a0000 ---p 0000d000 08:06 1584039                    /usr/lib/jvm/java-7-openjdk-amd64/jre/lib/amd64/jli/libjli.so
7ff4cf1a0000-7ff4cf1a1000 r--p 0000c000 08:06 1584039                    /usr/lib/jvm/java-7-openjdk-amd64/jre/lib/amd64/jli/libjli.so
7ff4cf1a1000-7ff4cf1a2000 rw-p 0000d000 08:06 1584039                    /usr/lib/jvm/java-7-openjdk-amd64/jre/lib/amd64/jli/libjli.so
7ff4cf1a2000-7ff4cf1c5000 r-xp 00000000 08:06 2237567                    /lib/x86_64-linux-gnu/ld-2.19.so
7ff4cf1c5000-7ff4cf1e8000 rw-p 00000000 00:00 0 
7ff4cf1e8000-7ff4cf29d000 rw-p 00000000 00:00 0 
7ff4cf29d000-7ff4cf2a0000 ---p 00000000 00:00 0 
7ff4cf2a0000-7ff4cf3a4000 rw-p 00000000 00:00 0                          [stack:11796]
7ff4cf3a4000-7ff4cf3a8000 r--s 00085000 08:06 1455340                    /usr/lib/jvm/java-7-openjdk-amd64/jre/lib/ext/localedata.jar
7ff4cf3a8000-7ff4cf3ab000 r--s 0000f000 08:06 1455336                    /usr/lib/jvm/java-7-openjdk-amd64/jre/lib/ext/icedtea-sound.jar
7ff4cf3ab000-7ff4cf3af000 r--s 00034000 08:06 1455341                    /usr/lib/jvm/java-7-openjdk-amd64/jre/lib/ext/sunjce_provider.jar
7ff4cf3af000-7ff4cf3b1000 r--s 00012000 08:06 1455337                    /usr/lib/jvm/java-7-openjdk-amd64/jre/lib/ext/zipfs.jar
7ff4cf3b1000-7ff4cf3b5000 r--s 0003c000 08:06 1455339                    /usr/lib/jvm/java-7-openjdk-amd64/jre/lib/ext/sunpkcs11.jar
7ff4cf3b5000-7ff4cf3b7000 r--s 00006000 08:06 1851433                    /usr/share/java/java-atk-wrapper.jar
7ff4cf3b7000-7ff4cf3b8000 r--s 00002000 08:06 1455342                    /usr/lib/jvm/java-7-openjdk-amd64/jre/lib/ext/dnsns.jar
7ff4cf3b8000-7ff4cf3c0000 rw-s 00000000 08:06 1198358                    /tmp/hsperfdata_gigamole/11787
7ff4cf3c0000-7ff4cf3c1000 rw-p 00000000 00:00 0 
7ff4cf3c1000-7ff4cf3c2000 ---p 00000000 00:00 0 
7ff4cf3c2000-7ff4cf3c4000 rw-p 00000000 00:00 0 
7ff4cf3c4000-7ff4cf3c5000 r--p 00022000 08:06 2237567                    /lib/x86_64-linux-gnu/ld-2.19.so
7ff4cf3c5000-7ff4cf3c6000 rw-p 00023000 08:06 2237567                    /lib/x86_64-linux-gnu/ld-2.19.so
7ff4cf3c6000-7ff4cf3c7000 rw-p 00000000 00:00 0 
7fff5a279000-7fff5a29a000 rw-p 00000000 00:00 0                          [stack]
7fff5a361000-7fff5a363000 r-xp 00000000 00:00 0                          [vdso]
ffffffffff600000-ffffffffff601000 r-xp 00000000 00:00 0                  [vsyscall]

VM Arguments:
jvm_args: -Xmx1024M 
java_command: /opt/android-studio/sdk/build-tools/21.1.2/lib/dx.jar --dex --no-optimize --output /home/gigamole/Projects/tif/tif/app/build/intermediates/dex/debug --input-list=/home/gigamole/Projects/tif/tif/app/build/intermediates/tmp/dex/debug/inputList.txt
Launcher Type: SUN_STANDARD

Environment Variables:
JAVA_HOME=/usr/lib/jvm/jdk1.7.0
CLASSPATH=/opt/android-studio/bin/../lib/bootstrap.jar:/opt/android-studio/bin/../lib/extensions.jar:/opt/android-studio/bin/../lib/util.jar:/opt/android-studio/bin/../lib/jdom.jar:/opt/android-studio/bin/../lib/log4j.jar:/opt/android-studio/bin/../lib/trove4j.jar:/opt/android-studio/bin/../lib/jna.jar:/usr/lib/jvm/java-7-openjdk-amd64/lib/tools.jar
PATH=/usr/local/sbin:/usr/local/bin:/usr/sbin:/usr/bin:/sbin:/bin:/usr/games:/usr/local/games:/home/gigamole/bin:/usr/lib/jvm/jdk1.7.0/bin
LD_LIBRARY_PATH=/opt/android-studio/bin:
SHELL=/bin/bash
DISPLAY=:0

Signal Handlers:
SIGSEGV: [libjvm.so+0x9495e0], sa_mask[0]=0x7ffbfeff, sa_flags=0x10000004
SIGBUS: [libjvm.so+0x9495e0], sa_mask[0]=0x7ffbfeff, sa_flags=0x10000004
SIGFPE: [libjvm.so+0x7c3410], sa_mask[0]=0x7ffbfeff, sa_flags=0x10000004
SIGPIPE: [libjvm.so+0x7c3410], sa_mask[0]=0x7ffbfeff, sa_flags=0x10000004
SIGXFSZ: [libjvm.so+0x7c3410], sa_mask[0]=0x7ffbfeff, sa_flags=0x10000004
SIGILL: [libjvm.so+0x7c3410], sa_mask[0]=0x7ffbfeff, sa_flags=0x10000004
SIGUSR1: SIG_DFL, sa_mask[0]=0x00000000, sa_flags=0x00000000
SIGUSR2: [libjvm.so+0x7c32b0], sa_mask[0]=0x00000004, sa_flags=0x10000004
SIGHUP: [libjvm.so+0x7c3490], sa_mask[0]=0x7ffbfeff, sa_flags=0x10000004
SIGINT: [libjvm.so+0x7c3490], sa_mask[0]=0x7ffbfeff, sa_flags=0x10000004
SIGTERM: [libjvm.so+0x7c3490], sa_mask[0]=0x7ffbfeff, sa_flags=0x10000004
SIGQUIT: [libjvm.so+0x7c3490], sa_mask[0]=0x7ffbfeff, sa_flags=0x10000004
SIGTRAP: SIG_DFL, sa_mask[0]=0x00000000, sa_flags=0x00000000


---------------  S Y S T E M  ---------------

OS:Ubuntu 14.04 (trusty)
uname:Linux 3.13.0-37-generic #64-Ubuntu SMP Mon Sep 22 21:28:38 UTC 2014 x86_64
libc:glibc 2.19 NPTL 2.19 
rlimit: STACK 8192k, CORE 0k, NPROC 26792, NOFILE 4096, AS infinity
load average:4,46 2,21 1,51

/proc/meminfo:
MemTotal:        3459312 kB
MemFree:          108640 kB
Buffers:             296 kB
Cached:           302028 kB
SwapCached:         2744 kB
Active:          2257248 kB
Inactive:         891288 kB
Active(anon):    2250776 kB
Inactive(anon):   881128 kB
Active(file):       6472 kB
Inactive(file):    10160 kB
Unevictable:          32 kB
Mlocked:              32 kB
SwapTotal:        999420 kB
SwapFree:              4 kB
Dirty:               136 kB
Writeback:             4 kB
AnonPages:       2844072 kB
Mapped:            19048 kB
Shmem:            285380 kB
Slab:              69260 kB
SReclaimable:      32368 kB
SUnreclaim:        36892 kB
KernelStack:        5120 kB
PageTables:        40812 kB
NFS_Unstable:          0 kB
Bounce:                0 kB
WritebackTmp:          0 kB
CommitLimit:     2729076 kB
Committed_AS:    7696132 kB
VmallocTotal:   34359738367 kB
VmallocUsed:      545460 kB
VmallocChunk:   34359187512 kB
HardwareCorrupted:     0 kB
AnonHugePages:   1193984 kB
HugePages_Total:       0
HugePages_Free:        0
HugePages_Rsvd:        0
HugePages_Surp:        0
Hugepagesize:       2048 kB
DirectMap4k:       71168 kB
DirectMap2M:     2478080 kB
DirectMap1G:     1048576 kB


CPU:total 4 (2 cores per cpu, 2 threads per core) family 6 model 60 stepping 3, cmov, cx8, fxsr, mmx, sse, sse2, sse3, ssse3, sse4.1, sse4.2, popcnt, avx, avx2, aes, erms, ht, tsc, tscinvbit

/proc/cpuinfo:
processor	: 0
vendor_id	: GenuineIntel
cpu family	: 6
model		: 60
model name	: Intel(R) Core(TM) i5-4300M CPU @ 2.60GHz
stepping	: 3
microcode	: 0x16
cpu MHz		: 2300.000
cache size	: 3072 KB
physical id	: 0
siblings	: 4
core id		: 0
cpu cores	: 2
apicid		: 0
initial apicid	: 0
fpu		: yes
fpu_exception	: yes
cpuid level	: 13
wp		: yes
flags		: fpu vme de pse tsc msr pae mce cx8 apic sep mtrr pge mca cmov pat pse36 clflush dts acpi mmx fxsr sse sse2 ss ht tm pbe syscall nx pdpe1gb rdtscp lm constant_tsc arch_perfmon pebs bts rep_good nopl xtopology nonstop_tsc aperfmperf eagerfpu pni pclmulqdq dtes64 monitor ds_cpl vmx smx est tm2 ssse3 fma cx16 xtpr pdcm pcid sse4_1 sse4_2 x2apic movbe popcnt tsc_deadline_timer aes xsave avx f16c rdrand lahf_lm abm ida arat epb xsaveopt pln pts dtherm tpr_shadow vnmi flexpriority ept vpid fsgsbase tsc_adjust bmi1 hle avx2 smep bmi2 erms invpcid rtm
bogomips	: 5188.21
clflush size	: 64
cache_alignment	: 64
address sizes	: 39 bits physical, 48 bits virtual
power management:

processor	: 1
vendor_id	: GenuineIntel
cpu family	: 6
model		: 60
model name	: Intel(R) Core(TM) i5-4300M CPU @ 2.60GHz
stepping	: 3
microcode	: 0x16
cpu MHz		: 2601.000
cache size	: 3072 KB
physical id	: 0
siblings	: 4
core id		: 0
cpu cores	: 2
apicid		: 1
initial apicid	: 1
fpu		: yes
fpu_exception	: yes
cpuid level	: 13
wp		: yes
flags		: fpu vme de pse tsc msr pae mce cx8 apic sep mtrr pge mca cmov pat pse36 clflush dts acpi mmx fxsr sse sse2 ss ht tm pbe syscall nx pdpe1gb rdtscp lm constant_tsc arch_perfmon pebs bts rep_good nopl xtopology nonstop_tsc aperfmperf eagerfpu pni pclmulqdq dtes64 monitor ds_cpl vmx smx est tm2 ssse3 fma cx16 xtpr pdcm pcid sse4_1 sse4_2 x2apic movbe popcnt tsc_deadline_timer aes xsave avx f16c rdrand lahf_lm abm ida arat epb xsaveopt pln pts dtherm tpr_shadow vnmi flexpriority ept vpid fsgsbase tsc_adjust bmi1 hle avx2 smep bmi2 erms invpcid rtm
bogomips	: 5188.21
clflush size	: 64
cache_alignment	: 64
address sizes	: 39 bits physical, 48 bits virtual
power management:

processor	: 2
vendor_id	: GenuineIntel
cpu family	: 6
model		: 60
model name	: Intel(R) Core(TM) i5-4300M CPU @ 2.60GHz
stepping	: 3
microcode	: 0x16
cpu MHz		: 800.000
cache size	: 3072 KB
physical id	: 0
siblings	: 4
core id		: 1
cpu cores	: 2
apicid		: 2
initial apicid	: 2
fpu		: yes
fpu_exception	: yes
cpuid level	: 13
wp		: yes
flags		: fpu vme de pse tsc msr pae mce cx8 apic sep mtrr pge mca cmov pat pse36 clflush dts acpi mmx fxsr sse sse2 ss ht tm pbe syscall nx pdpe1gb rdtscp lm constant_tsc arch_perfmon pebs bts rep_good nopl xtopology nonstop_tsc aperfmperf eagerfpu pni pclmulqdq dtes64 monitor ds_cpl vmx smx est tm2 ssse3 fma cx16 xtpr pdcm pcid sse4_1 sse4_2 x2apic movbe popcnt tsc_deadline_timer aes xsave avx f16c rdrand lahf_lm abm ida arat epb xsaveopt pln pts dtherm tpr_shadow vnmi flexpriority ept vpid fsgsbase tsc_adjust bmi1 hle avx2 smep bmi2 erms invpcid rtm
bogomips	: 5188.21
clflush size	: 64
cache_alignment	: 64
address sizes	: 39 bits physical, 48 bits virtual
power management:

processor	: 3
vendor_id	: GenuineIntel
cpu family	: 6
model		: 60
model name	: Intel(R) Core(TM) i5-4300M CPU @ 2.60GHz
stepping	: 3
microcode	: 0x16
cpu MHz		: 2601.000
cache size	: 3072 KB
physical id	: 0
siblings	: 4
core id		: 1
cpu cores	: 2
apicid		: 3
initial apicid	: 3
fpu		: yes
fpu_exception	: yes
cpuid level	: 13
wp		: yes
flags		: fpu vme de pse tsc msr pae mce cx8 apic sep mtrr pge mca cmov pat pse36 clflush dts acpi mmx fxsr sse sse2 ss ht tm pbe syscall nx pdpe1gb rdtscp lm constant_tsc arch_perfmon pebs bts rep_good nopl xtopology nonstop_tsc aperfmperf eagerfpu pni pclmulqdq dtes64 monitor ds_cpl vmx smx est tm2 ssse3 fma cx16 xtpr pdcm pcid sse4_1 sse4_2 x2apic movbe popcnt tsc_deadline_timer aes xsave avx f16c rdrand lahf_lm abm ida arat epb xsaveopt pln pts dtherm tpr_shadow vnmi flexpriority ept vpid fsgsbase tsc_adjust bmi1 hle avx2 smep bmi2 erms invpcid rtm
bogomips	: 5188.21
clflush size	: 64
cache_alignment	: 64
address sizes	: 39 bits physical, 48 bits virtual
power management:



Memory: 4k page, physical 3459312k(108640k free), swap 999420k(4k free)

vm_info: OpenJDK 64-Bit Server VM (24.65-b04) for linux-amd64 JRE (1.7.0_65-b32), built on Oct 22 2014 04:37:44 by "buildd" with gcc 4.8.2

time: Sun Feb  1 13:32:41 2015
elapsed time: 26 seconds

