#
# There is insufficient memory for the Java Runtime Environment to continue.
# Native memory allocation (malloc) failed to allocate 105381888 bytes for committing reserved memory.
# Possible reasons:
#   The system is out of physical RAM or swap space
#   In 32 bit mode, the process size limit was hit
# Possible solutions:
#   Reduce memory load on the system
#   Increase physical memory or swap space
#   Check if swap backing store is full
#   Use 64 bit Java on a 64 bit OS
#   Decrease Java heap size (-Xmx/-Xms)
#   Decrease number of Java threads
#   Decrease Java thread stack sizes (-Xss)
#   Set larger code cache with -XX:ReservedCodeCacheSize=
# This output file may be truncated or incomplete.
#
#  Out of Memory Error (os_linux.cpp:2798), pid=13059, tid=139644296681216
#
# JRE version: OpenJDK Runtime Environment (7.0_65-b32) (build 1.7.0_65-b32)
# Java VM: OpenJDK 64-Bit Server VM (24.65-b04 mixed mode linux-amd64 compressed oops)
# Derivative: IcedTea 2.5.3
# Distribution: Ubuntu 14.04 LTS, package 7u71-2.5.3-0ubuntu0.14.04.1
# Failed to write core dump. Core dumps have been disabled. To enable core dumping, try "ulimit -c unlimited" before starting Java again
#

---------------  T H R E A D  ---------------

Current thread (0x00007f017413c800):  VMThread [stack: 0x00007f0178a2d000,0x00007f0178b2e000] [id=13072]

Stack: [0x00007f0178a2d000,0x00007f0178b2e000],  sp=0x00007f0178b2c490,  free space=1021k
Native frames: (J=compiled Java code, j=interpreted, Vv=VM code, C=native code)
V  [libjvm.so+0x948b05]  VMError::report_and_die()+0x175
V  [libjvm.so+0x48bc34]  report_vm_out_of_memory(char const*, int, unsigned long, char const*)+0x74
V  [libjvm.so+0x7c7bfb]  os::pd_commit_memory(char*, unsigned long, unsigned long, bool)+0xeb
V  [libjvm.so+0x7c26bf]  os::commit_memory(char*, unsigned long, unsigned long, bool)+0x1f
V  [libjvm.so+0x833e4b]  PSVirtualSpace::expand_by(unsigned long)+0x5b
V  [libjvm.so+0x834ca0]  PSYoungGen::resize_generation(unsigned long, unsigned long)+0xb0
V  [libjvm.so+0x83538b]  PSYoungGen::resize(unsigned long, unsigned long)+0x1b
V  [libjvm.so+0x831670]  PSScavenge::invoke_no_policy()+0xde0
V  [libjvm.so+0x831e48]  PSScavenge::invoke()+0x38
V  [libjvm.so+0x7e8823]  ParallelScavengeHeap::failed_mem_allocate(unsigned long)+0x63
V  [libjvm.so+0x94a504]  VM_ParallelGCFailedAllocation::doit()+0x84
V  [libjvm.so+0x94e9f7]  VM_Operation::evaluate()+0x47
V  [libjvm.so+0x94d368]  VMThread::evaluate_operation(VM_Operation*)+0x318
V  [libjvm.so+0x94d7c9]  VMThread::loop()+0x219
V  [libjvm.so+0x94dc12]  VMThread::run()+0x72
V  [libjvm.so+0x7c4ac2]  java_start(Thread*)+0xf2

VM_Operation (0x00007f017dc11340): ParallelGCFailedAllocation, mode: safepoint, requested by thread 0x00007f017400a000


---------------  P R O C E S S  ---------------

Java Threads: ( => current thread )
  0x00007f0174177800 JavaThread "Service Thread" daemon [_thread_blocked, id=13078, stack(0x00007f0178427000,0x00007f0178528000)]
  0x00007f0174175000 JavaThread "C2 CompilerThread1" daemon [_thread_blocked, id=13077, stack(0x00007f0178528000,0x00007f0178629000)]
  0x00007f0174172000 JavaThread "C2 CompilerThread0" daemon [_thread_blocked, id=13076, stack(0x00007f0178629000,0x00007f017872a000)]
  0x00007f0174170000 JavaThread "Signal Dispatcher" daemon [_thread_blocked, id=13075, stack(0x00007f017872a000,0x00007f017882b000)]
  0x00007f0174143000 JavaThread "Finalizer" daemon [_thread_blocked, id=13074, stack(0x00007f017882b000,0x00007f017892c000)]
  0x00007f0174141000 JavaThread "Reference Handler" daemon [_thread_blocked, id=13073, stack(0x00007f017892c000,0x00007f0178a2d000)]
  0x00007f017400a000 JavaThread "main" [_thread_blocked, id=13067, stack(0x00007f017db12000,0x00007f017dc13000)]

Other Threads:
=>0x00007f017413c800 VMThread [stack: 0x00007f0178a2d000,0x00007f0178b2e000] [id=13072]
  0x00007f0174182800 WatcherThread [stack: 0x00007f0178326000,0x00007f0178427000] [id=13079]

VM state:at safepoint (normal execution)

VM Mutex/Monitor currently owned by a thread:  ([mutex/lock_event])
[0x00007f01740066a0] Threads_lock - owner thread: 0x00007f017413c800
[0x00007f0174006ba0] Heap_lock - owner thread: 0x00007f017400a000

Heap
 PSYoungGen      total 202752K, used 17394K [0x00000000eaa80000, 0x00000000f8700000, 0x0000000100000000)
  eden space 185344K, 0% used [0x00000000eaa80000,0x00000000eaa80000,0x00000000f5f80000)
  from space 17408K, 99% used [0x00000000f5f80000,0x00000000f707c948,0x00000000f7080000)
  to   space 15872K, 0% used [0x00000000f7080000,0x00000000f7080000,0x00000000f8000000)
 ParOldGen       total 58368K, used 32071K [0x00000000c0000000, 0x00000000c3900000, 0x00000000eaa80000)
  object space 58368K, 54% used [0x00000000c0000000,0x00000000c1f51e80,0x00000000c3900000)
 PSPermGen       total 21504K, used 7254K [0x00000000b5a00000, 0x00000000b6f00000, 0x00000000c0000000)
  object space 21504K, 33% used [0x00000000b5a00000,0x00000000b6115890,0x00000000b6f00000)

Card table byte_map: [0x00007f017a508000,0x00007f017a75c000] byte_map_base: 0x00007f0179f5b000

Polling page: 0x00007f017dc36000

Code Cache  [0x00007f0171000000, 0x00007f01712a0000, 0x00007f0174000000)
 total_blobs=1190 nmethods=938 adapters=205 free_code_cache=46518Kb largest_free_block=47583104

Compilation events (10 events):
Event: 10,644 Thread 0x00007f0174172000 nmethod 952 0x00007f0171289bd0 code [0x00007f0171289d00, 0x00007f0171289d58]
Event: 10,644 Thread 0x00007f0174172000  953             com.android.dx.io.instructions.FiveRegisterDecodedInstruction::getD (5 bytes)
Event: 10,644 Thread 0x00007f0174172000 nmethod 953 0x00007f0171298790 code [0x00007f01712988c0, 0x00007f0171298918]
Event: 10,645 Thread 0x00007f0174175000 nmethod 947 0x00007f0171298310 code [0x00007f0171298460, 0x00007f0171298638]
Event: 12,016 Thread 0x00007f0174172000  954             com.android.dx.io.instructions.InstructionCodec$7::decode (50 bytes)
Event: 12,017 Thread 0x00007f0174175000  955             com.android.dx.io.instructions.InstructionCodec$7::encode (23 bytes)
Event: 12,019 Thread 0x00007f0174175000 nmethod 955 0x00007f0171297e50 code [0x00007f0171297fa0, 0x00007f01712980f8]
Event: 12,020 Thread 0x00007f0174172000 nmethod 954 0x00007f0171297990 code [0x00007f0171297ae0, 0x00007f0171297cb8]
Event: 12,240 Thread 0x00007f0174175000  956             com.android.dex.EncodedValueCodec::readSignedLong (48 bytes)
Event: 12,246 Thread 0x00007f0174175000 nmethod 956 0x00007f0171297410 code [0x00007f0171297560, 0x00007f0171297878]

GC Heap History (10 events):
Event: 8,797 GC heap after
Heap after GC invocations=11 (full 1):
 PSYoungGen      total 100864K, used 6425K [0x00000000eaa80000, 0x00000000f1d00000, 0x0000000100000000)
  eden space 87552K, 0% used [0x00000000eaa80000,0x00000000eaa80000,0x00000000f0000000)
  from space 13312K, 48% used [0x00000000f1000000,0x00000000f1646568,0x00000000f1d00000)
  to   space 14848K, 0% used [0x00000000f0000000,0x00000000f0000000,0x00000000f0e80000)
 ParOldGen       total 58368K, used 25949K [0x00000000c0000000, 0x00000000c3900000, 0x00000000eaa80000)
  object space 58368K, 44% used [0x00000000c0000000,0x00000000c1957720,0x00000000c3900000)
 PSPermGen       total 21504K, used 7149K [0x00000000b5a00000, 0x00000000b6f00000, 0x00000000c0000000)
  object space 21504K, 33% used [0x00000000b5a00000,0x00000000b60fb528,0x00000000b6f00000)
}
Event: 9,654 GC heap before
{Heap before GC invocations=12 (full 1):
 PSYoungGen      total 100864K, used 93977K [0x00000000eaa80000, 0x00000000f1d00000, 0x0000000100000000)
  eden space 87552K, 100% used [0x00000000eaa80000,0x00000000f0000000,0x00000000f0000000)
  from space 13312K, 48% used [0x00000000f1000000,0x00000000f1646568,0x00000000f1d00000)
  to   space 14848K, 0% used [0x00000000f0000000,0x00000000f0000000,0x00000000f0e80000)
 ParOldGen       total 58368K, used 25949K [0x00000000c0000000, 0x00000000c3900000, 0x00000000eaa80000)
  object space 58368K, 44% used [0x00000000c0000000,0x00000000c1957720,0x00000000c3900000)
 PSPermGen       total 21504K, used 7243K [0x00000000b5a00000, 0x00000000b6f00000, 0x00000000c0000000)
  object space 21504K, 33% used [0x00000000b5a00000,0x00000000b6112c98,0x00000000b6f00000)
Event: 9,661 GC heap after
Heap after GC invocations=12 (full 1):
 PSYoungGen      total 102400K, used 7060K [0x00000000eaa80000, 0x00000000f4080000, 0x0000000100000000)
  eden space 87552K, 0% used [0x00000000eaa80000,0x00000000eaa80000,0x00000000f0000000)
  from space 14848K, 47% used [0x00000000f0000000,0x00000000f06e52e0,0x00000000f0e80000)
  to   space 14336K, 0% used [0x00000000f3280000,0x00000000f3280000,0x00000000f4080000)
 ParOldGen       total 58368K, used 25949K [0x00000000c0000000, 0x00000000c3900000, 0x00000000eaa80000)
  object space 58368K, 44% used [0x00000000c0000000,0x00000000c1957720,0x00000000c3900000)
 PSPermGen       total 21504K, used 7243K [0x00000000b5a00000, 0x00000000b6f00000, 0x00000000c0000000)
  object space 21504K, 33% used [0x00000000b5a00000,0x00000000b6112c98,0x00000000b6f00000)
}
Event: 9,819 GC heap before
{Heap before GC invocations=13 (full 1):
 PSYoungGen      total 102400K, used 94612K [0x00000000eaa80000, 0x00000000f4080000, 0x0000000100000000)
  eden space 87552K, 100% used [0x00000000eaa80000,0x00000000f0000000,0x00000000f0000000)
  from space 14848K, 47% used [0x00000000f0000000,0x00000000f06e52e0,0x00000000f0e80000)
  to   space 14336K, 0% used [0x00000000f3280000,0x00000000f3280000,0x00000000f4080000)
 ParOldGen       total 58368K, used 25949K [0x00000000c0000000, 0x00000000c3900000, 0x00000000eaa80000)
  object space 58368K, 44% used [0x00000000c0000000,0x00000000c1957720,0x00000000c3900000)
 PSPermGen       total 21504K, used 7248K [0x00000000b5a00000, 0x00000000b6f00000, 0x00000000c0000000)
  object space 21504K, 33% used [0x00000000b5a00000,0x00000000b6114078,0x00000000b6f00000)
Event: 9,830 GC heap after
Heap after GC invocations=13 (full 1):
 PSYoungGen      total 137216K, used 5614K [0x00000000eaa80000, 0x00000000f3f80000, 0x0000000100000000)
  eden space 123904K, 0% used [0x00000000eaa80000,0x00000000eaa80000,0x00000000f2380000)
  from space 13312K, 42% used [0x00000000f3280000,0x00000000f37fba90,0x00000000f3f80000)
  to   space 14336K, 0% used [0x00000000f2380000,0x00000000f2380000,0x00000000f3180000)
 ParOldGen       total 58368K, used 27860K [0x00000000c0000000, 0x00000000c3900000, 0x00000000eaa80000)
  object space 58368K, 47% used [0x00000000c0000000,0x00000000c1b353c8,0x00000000c3900000)
 PSPermGen       total 21504K, used 7248K [0x00000000b5a00000, 0x00000000b6f00000, 0x00000000c0000000)
  object space 21504K, 33% used [0x00000000b5a00000,0x00000000b6114078,0x00000000b6f00000)
}
Event: 10,037 GC heap before
{Heap before GC invocations=14 (full 1):
 PSYoungGen      total 137216K, used 129518K [0x00000000eaa80000, 0x00000000f3f80000, 0x0000000100000000)
  eden space 123904K, 100% used [0x00000000eaa80000,0x00000000f2380000,0x00000000f2380000)
  from space 13312K, 42% used [0x00000000f3280000,0x00000000f37fba90,0x00000000f3f80000)
  to   space 14336K, 0% used [0x00000000f2380000,0x00000000f2380000,0x00000000f3180000)
 ParOldGen       total 58368K, used 27860K [0x00000000c0000000, 0x00000000c3900000, 0x00000000eaa80000)
  object space 58368K, 47% used [0x00000000c0000000,0x00000000c1b353c8,0x00000000c3900000)
 PSPermGen       total 21504K, used 7250K [0x00000000b5a00000, 0x00000000b6f00000, 0x00000000c0000000)
  object space 21504K, 33% used [0x00000000b5a00000,0x00000000b61148c0,0x00000000b6f00000)
Event: 10,478 GC heap after
Heap after GC invocations=14 (full 1):
 PSYoungGen      total 138240K, used 13631K [0x00000000eaa80000, 0x00000000f8000000, 0x0000000100000000)
  eden space 123904K, 0% used [0x00000000eaa80000,0x00000000eaa80000,0x00000000f2380000)
  from space 14336K, 95% used [0x00000000f2380000,0x00000000f30cffb8,0x00000000f3180000)
  to   space 15872K, 0% used [0x00000000f7080000,0x00000000f7080000,0x00000000f8000000)
 ParOldGen       total 58368K, used 27868K [0x00000000c0000000, 0x00000000c3900000, 0x00000000eaa80000)
  object space 58368K, 47% used [0x00000000c0000000,0x00000000c1b373c8,0x00000000c3900000)
 PSPermGen       total 21504K, used 7250K [0x00000000b5a00000, 0x00000000b6f00000, 0x00000000c0000000)
  object space 21504K, 33% used [0x00000000b5a00000,0x00000000b61148c0,0x00000000b6f00000)
}
Event: 10,689 GC heap before
{Heap before GC invocations=15 (full 1):
 PSYoungGen      total 138240K, used 137535K [0x00000000eaa80000, 0x00000000f8000000, 0x0000000100000000)
  eden space 123904K, 100% used [0x00000000eaa80000,0x00000000f2380000,0x00000000f2380000)
  from space 14336K, 95% used [0x00000000f2380000,0x00000000f30cffb8,0x00000000f3180000)
  to   space 15872K, 0% used [0x00000000f7080000,0x00000000f7080000,0x00000000f8000000)
 ParOldGen       total 58368K, used 27868K [0x00000000c0000000, 0x00000000c3900000, 0x00000000eaa80000)
  object space 58368K, 47% used [0x00000000c0000000,0x00000000c1b373c8,0x00000000c3900000)
 PSPermGen       total 21504K, used 7250K [0x00000000b5a00000, 0x00000000b6f00000, 0x00000000c0000000)
  object space 21504K, 33% used [0x00000000b5a00000,0x00000000b61148c0,0x00000000b6f00000)
Event: 11,996 GC heap after
Heap after GC invocations=15 (full 1):
 PSYoungGen      total 201216K, used 15245K [0x00000000eaa80000, 0x00000000f8700000, 0x0000000100000000)
  eden space 185344K, 0% used [0x00000000eaa80000,0x00000000eaa80000,0x00000000f5f80000)
  from space 15872K, 96% used [0x00000000f7080000,0x00000000f7f63748,0x00000000f8000000)
  to   space 17408K, 0% used [0x00000000f5f80000,0x00000000f5f80000,0x00000000f7080000)
 ParOldGen       total 58368K, used 27876K [0x00000000c0000000, 0x00000000c3900000, 0x00000000eaa80000)
  object space 58368K, 47% used [0x00000000c0000000,0x00000000c1b393c8,0x00000000c3900000)
 PSPermGen       total 21504K, used 7250K [0x00000000b5a00000, 0x00000000b6f00000, 0x00000000c0000000)
  object space 21504K, 33% used [0x00000000b5a00000,0x00000000b61148c0,0x00000000b6f00000)
}
Event: 12,272 GC heap before
{Heap before GC invocations=16 (full 1):
 PSYoungGen      total 201216K, used 200589K [0x00000000eaa80000, 0x00000000f8700000, 0x0000000100000000)
  eden space 185344K, 100% used [0x00000000eaa80000,0x00000000f5f80000,0x00000000f5f80000)
  from space 15872K, 96% used [0x00000000f7080000,0x00000000f7f63748,0x00000000f8000000)
  to   space 17408K, 0% used [0x00000000f5f80000,0x00000000f5f80000,0x00000000f7080000)
 ParOldGen       total 58368K, used 27876K [0x00000000c0000000, 0x00000000c3900000, 0x00000000eaa80000)
  object space 58368K, 47% used [0x00000000c0000000,0x00000000c1b393c8,0x00000000c3900000)
 PSPermGen       total 21504K, used 7254K [0x00000000b5a00000, 0x00000000b6f00000, 0x00000000c0000000)
  object space 21504K, 33% used [0x00000000b5a00000,0x00000000b6115890,0x00000000b6f00000)

Deoptimization events (10 events):
Event: 7,022 Thread 0x00007f017400a000 Uncommon trap: reason=predicate action=maybe_recompile pc=0x00007f01712421d8 method=java.util.TimSort.binarySort([Ljava/lang/Object;IIILjava/util/Comparator;)V @ 37
Event: 7,047 Thread 0x00007f017400a000 Uncommon trap: reason=array_check action=maybe_recompile pc=0x00007f0171231b90 method=java.util.ComparableTimSort.binarySort([Ljava/lang/Object;III)V @ 193
Event: 7,116 Thread 0x00007f017400a000 Uncommon trap: reason=array_check action=maybe_recompile pc=0x00007f0171231b90 method=java.util.ComparableTimSort.binarySort([Ljava/lang/Object;III)V @ 193
Event: 7,144 Thread 0x00007f017400a000 Uncommon trap: reason=array_check action=maybe_recompile pc=0x00007f017125253c method=java.util.TimSort.binarySort([Ljava/lang/Object;IIILjava/util/Comparator;)V @ 193
Event: 7,144 Thread 0x00007f017400a000 Uncommon trap: reason=array_check action=maybe_recompile pc=0x00007f017125260c method=java.util.TimSort.binarySort([Ljava/lang/Object;IIILjava/util/Comparator;)V @ 183
Event: 7,144 Thread 0x00007f017400a000 Uncommon trap: reason=array_check action=maybe_recompile pc=0x00007f017125244c method=java.util.TimSort.binarySort([Ljava/lang/Object;IIILjava/util/Comparator;)V @ 215
Event: 7,144 Thread 0x00007f017400a000 Uncommon trap: reason=array_check action=maybe_recompile pc=0x00007f017125253c method=java.util.TimSort.binarySort([Ljava/lang/Object;IIILjava/util/Comparator;)V @ 193
Event: 8,661 Thread 0x00007f017400a000 Uncommon trap: reason=array_check action=maybe_recompile pc=0x00007f01711bd86c method=java.util.ComparableTimSort.binarySort([Ljava/lang/Object;III)V @ 215
Event: 8,661 Thread 0x00007f017400a000 Uncommon trap: reason=array_check action=maybe_recompile pc=0x00007f01711a19b4 method=java.util.ComparableTimSort.binarySort([Ljava/lang/Object;III)V @ 183
Event: 8,719 Thread 0x00007f017400a000 Uncommon trap: reason=array_check action=maybe_recompile pc=0x00007f01711bd86c method=java.util.ComparableTimSort.binarySort([Ljava/lang/Object;III)V @ 215

Internal exceptions (10 events):
Event: 5,961 Thread 0x00007f017400a000 Threw 0x00000000eb5d2e10 at /build/buildd/openjdk-7-7u71-2.5.3/build/openjdk/hotspot/src/share/vm/prims/jvm.cpp:1284
Event: 5,963 Thread 0x00007f017400a000 Threw 0x00000000eb61a638 at /build/buildd/openjdk-7-7u71-2.5.3/build/openjdk/hotspot/src/share/vm/prims/jvm.cpp:1284
Event: 5,963 Thread 0x00007f017400a000 Threw 0x00000000eb61d1c8 at /build/buildd/openjdk-7-7u71-2.5.3/build/openjdk/hotspot/src/share/vm/prims/jvm.cpp:1284
Event: 6,181 Thread 0x00007f017400a000 Threw 0x00000000ebd64f28 at /build/buildd/openjdk-7-7u71-2.5.3/build/openjdk/hotspot/src/share/vm/prims/jvm.cpp:1284
Event: 6,181 Thread 0x00007f017400a000 Threw 0x00000000ebd65050 at /build/buildd/openjdk-7-7u71-2.5.3/build/openjdk/hotspot/src/share/vm/prims/jvm.cpp:1284
Event: 6,181 Thread 0x00007f017400a000 Threw 0x00000000ebd67700 at /build/buildd/openjdk-7-7u71-2.5.3/build/openjdk/hotspot/src/share/vm/prims/jvm.cpp:1284
Event: 6,181 Thread 0x00007f017400a000 Threw 0x00000000ebd67828 at /build/buildd/openjdk-7-7u71-2.5.3/build/openjdk/hotspot/src/share/vm/prims/jvm.cpp:1284
Event: 6,181 Thread 0x00007f017400a000 Threw 0x00000000ebd68228 at /build/buildd/openjdk-7-7u71-2.5.3/build/openjdk/hotspot/src/share/vm/prims/jvm.cpp:1284
Event: 6,181 Thread 0x00007f017400a000 Threw 0x00000000ebd68350 at /build/buildd/openjdk-7-7u71-2.5.3/build/openjdk/hotspot/src/share/vm/prims/jvm.cpp:1284
Event: 6,333 Thread 0x00007f017400a000 Threw 0x00000000ec456348 at /build/buildd/openjdk-7-7u71-2.5.3/build/openjdk/hotspot/src/share/vm/prims/jvm.cpp:1284

Events (10 events):
Event: 9,519 loading class 0x00007f0179cdb7f0 done
Event: 9,654 Executing VM operation: ParallelGCFailedAllocation
Event: 9,661 Executing VM operation: ParallelGCFailedAllocation done
Event: 9,819 Executing VM operation: ParallelGCFailedAllocation
Event: 9,831 Executing VM operation: ParallelGCFailedAllocation done
Event: 10,037 Executing VM operation: ParallelGCFailedAllocation
Event: 10,478 Executing VM operation: ParallelGCFailedAllocation done
Event: 10,689 Executing VM operation: ParallelGCFailedAllocation
Event: 11,996 Executing VM operation: ParallelGCFailedAllocation done
Event: 12,272 Executing VM operation: ParallelGCFailedAllocation


Dynamic libraries:
00400000-00401000 r-xp 00000000 08:06 1584066                            /usr/lib/jvm/java-7-openjdk-amd64/jre/bin/java
00600000-00601000 r--p 00000000 08:06 1584066                            /usr/lib/jvm/java-7-openjdk-amd64/jre/bin/java
00601000-00602000 rw-p 00001000 08:06 1584066                            /usr/lib/jvm/java-7-openjdk-amd64/jre/bin/java
00caf000-00cd0000 rw-p 00000000 00:00 0                                  [heap]
b5a00000-b6f00000 rw-p 00000000 00:00 0 
b6f00000-c0000000 rw-p 00000000 00:00 0 
c0000000-c3900000 rw-p 00000000 00:00 0 
c3900000-eaa80000 rw-p 00000000 00:00 0 
eaa80000-f8700000 rw-p 00000000 00:00 0 
feb80000-100000000 rw-p 00000000 00:00 0 
7f013c000000-7f013c021000 rw-p 00000000 00:00 0 
7f013c021000-7f0140000000 ---p 00000000 00:00 0 
7f0140000000-7f0140021000 rw-p 00000000 00:00 0 
7f0140021000-7f0144000000 ---p 00000000 00:00 0 
7f0144000000-7f0144f9c000 rw-p 00000000 00:00 0 
7f0144f9c000-7f0148000000 ---p 00000000 00:00 0 
7f0148000000-7f0148c18000 rw-p 00000000 00:00 0 
7f0148c18000-7f014c000000 ---p 00000000 00:00 0 
7f014c000000-7f014c021000 rw-p 00000000 00:00 0 
7f014c021000-7f0150000000 ---p 00000000 00:00 0 
7f0150000000-7f0150021000 rw-p 00000000 00:00 0 
7f0150021000-7f0154000000 ---p 00000000 00:00 0 
7f0154000000-7f0154243000 rw-p 00000000 00:00 0 
7f0154243000-7f0158000000 ---p 00000000 00:00 0 
7f0158000000-7f0158021000 rw-p 00000000 00:00 0 
7f0158021000-7f015c000000 ---p 00000000 00:00 0 
7f015c000000-7f015c021000 rw-p 00000000 00:00 0 
7f015c021000-7f0160000000 ---p 00000000 00:00 0 
7f0160000000-7f0160021000 rw-p 00000000 00:00 0 
7f0160021000-7f0164000000 ---p 00000000 00:00 0 
7f0164000000-7f0164021000 rw-p 00000000 00:00 0 
7f0164021000-7f0168000000 ---p 00000000 00:00 0 
7f0168cf3000-7f0168d30000 r-xp 00000000 08:06 2232416                    /lib/x86_64-linux-gnu/libpcre.so.3.13.1
7f0168d30000-7f0168f2f000 ---p 0003d000 08:06 2232416                    /lib/x86_64-linux-gnu/libpcre.so.3.13.1
7f0168f2f000-7f0168f30000 r--p 0003c000 08:06 2232416                    /lib/x86_64-linux-gnu/libpcre.so.3.13.1
7f0168f30000-7f0168f31000 rw-p 0003d000 08:06 2232416                    /lib/x86_64-linux-gnu/libpcre.so.3.13.1
7f0168f31000-7f0168f38000 r-xp 00000000 08:06 1451072                    /usr/lib/x86_64-linux-gnu/libffi.so.6.0.1
7f0168f38000-7f0169137000 ---p 00007000 08:06 1451072                    /usr/lib/x86_64-linux-gnu/libffi.so.6.0.1
7f0169137000-7f0169138000 r--p 00006000 08:06 1451072                    /usr/lib/x86_64-linux-gnu/libffi.so.6.0.1
7f0169138000-7f0169139000 rw-p 00007000 08:06 1451072                    /usr/lib/x86_64-linux-gnu/libffi.so.6.0.1
7f0169139000-7f0169150000 r-xp 00000000 08:06 2237559                    /lib/x86_64-linux-gnu/libresolv-2.19.so
7f0169150000-7f0169350000 ---p 00017000 08:06 2237559                    /lib/x86_64-linux-gnu/libresolv-2.19.so
7f0169350000-7f0169351000 r--p 00017000 08:06 2237559                    /lib/x86_64-linux-gnu/libresolv-2.19.so
7f0169351000-7f0169352000 rw-p 00018000 08:06 2237559                    /lib/x86_64-linux-gnu/libresolv-2.19.so
7f0169352000-7f0169354000 rw-p 00000000 00:00 0 
7f0169354000-7f0169374000 r-xp 00000000 08:06 2232443                    /lib/x86_64-linux-gnu/libselinux.so.1
7f0169374000-7f0169573000 ---p 00020000 08:06 2232443                    /lib/x86_64-linux-gnu/libselinux.so.1
7f0169573000-7f0169574000 r--p 0001f000 08:06 2232443                    /lib/x86_64-linux-gnu/libselinux.so.1
7f0169574000-7f0169575000 rw-p 00020000 08:06 2232443                    /lib/x86_64-linux-gnu/libselinux.so.1
7f0169575000-7f0169577000 rw-p 00000000 00:00 0 
7f0169577000-7f016967d000 r-xp 00000000 08:06 2239090                    /lib/x86_64-linux-gnu/libglib-2.0.so.0.4002.0
7f016967d000-7f016987c000 ---p 00106000 08:06 2239090                    /lib/x86_64-linux-gnu/libglib-2.0.so.0.4002.0
7f016987c000-7f016987d000 r--p 00105000 08:06 2239090                    /lib/x86_64-linux-gnu/libglib-2.0.so.0.4002.0
7f016987d000-7f016987e000 rw-p 00106000 08:06 2239090                    /lib/x86_64-linux-gnu/libglib-2.0.so.0.4002.0
7f016987e000-7f016987f000 rw-p 00000000 00:00 0 
7f016987f000-7f01698ce000 r-xp 00000000 08:06 1442174                    /usr/lib/x86_64-linux-gnu/libgobject-2.0.so.0.4002.0
7f01698ce000-7f0169ace000 ---p 0004f000 08:06 1442174                    /usr/lib/x86_64-linux-gnu/libgobject-2.0.so.0.4002.0
7f0169ace000-7f0169acf000 r--p 0004f000 08:06 1442174                    /usr/lib/x86_64-linux-gnu/libgobject-2.0.so.0.4002.0
7f0169acf000-7f0169ad0000 rw-p 00050000 08:06 1442174                    /usr/lib/x86_64-linux-gnu/libgobject-2.0.so.0.4002.0
7f0169ad0000-7f016c000000 rw-p 00000000 00:00 0 
7f016c000000-7f016c021000 rw-p 00000000 00:00 0 
7f016c021000-7f0170000000 ---p 00000000 00:00 0 
7f0170025000-7f0170028000 r-xp 00000000 08:06 1442156                    /usr/lib/x86_64-linux-gnu/libgmodule-2.0.so.0.4002.0
7f0170028000-7f0170227000 ---p 00003000 08:06 1442156                    /usr/lib/x86_64-linux-gnu/libgmodule-2.0.so.0.4002.0
7f0170227000-7f0170228000 r--p 00002000 08:06 1442156                    /usr/lib/x86_64-linux-gnu/libgmodule-2.0.so.0.4002.0
7f0170228000-7f0170229000 rw-p 00003000 08:06 1442156                    /usr/lib/x86_64-linux-gnu/libgmodule-2.0.so.0.4002.0
7f0170229000-7f0170395000 r-xp 00000000 08:06 1442178                    /usr/lib/x86_64-linux-gnu/libgio-2.0.so.0.4002.0
7f0170395000-7f0170594000 ---p 0016c000 08:06 1442178                    /usr/lib/x86_64-linux-gnu/libgio-2.0.so.0.4002.0
7f0170594000-7f0170598000 r--p 0016b000 08:06 1442178                    /usr/lib/x86_64-linux-gnu/libgio-2.0.so.0.4002.0
7f0170598000-7f017059a000 rw-p 0016f000 08:06 1442178                    /usr/lib/x86_64-linux-gnu/libgio-2.0.so.0.4002.0
7f017059a000-7f017059c000 rw-p 00000000 00:00 0 
7f017059c000-7f01705b3000 r-xp 00000000 08:06 1455285                    /usr/lib/jvm/java-7-openjdk-amd64/jre/lib/amd64/libnet.so
7f01705b3000-7f01707b2000 ---p 00017000 08:06 1455285                    /usr/lib/jvm/java-7-openjdk-amd64/jre/lib/amd64/libnet.so
7f01707b2000-7f01707b3000 r--p 00016000 08:06 1455285                    /usr/lib/jvm/java-7-openjdk-amd64/jre/lib/amd64/libnet.so
7f01707b3000-7f01707b4000 rw-p 00017000 08:06 1455285                    /usr/lib/jvm/java-7-openjdk-amd64/jre/lib/amd64/libnet.so
7f01707b4000-7f0171000000 r--p 00000000 08:06 1449661                    /usr/lib/locale/locale-archive
7f0171000000-7f01712a0000 rwxp 00000000 00:00 0 
7f01712a0000-7f0174355000 rw-p 00000000 00:00 0 
7f0174355000-7f0178000000 ---p 00000000 00:00 0 
7f01780ca000-7f01780d1000 r--s 00000000 08:06 1710979                    /usr/lib/x86_64-linux-gnu/gconv/gconv-modules.cache
7f01780d1000-7f0178101000 r--p 00000000 08:06 2387679                    /usr/share/locale-langpack/uk/LC_MESSAGES/libc.mo
7f0178101000-7f0178106000 r--s 0004c000 08:06 1455321                    /usr/lib/jvm/java-7-openjdk-amd64/jre/lib/jsse.jar
7f0178106000-7f0178116000 r-xp 00000000 08:06 1455300                    /usr/lib/jvm/java-7-openjdk-amd64/jre/lib/amd64/libnio.so
7f0178116000-7f0178316000 ---p 00010000 08:06 1455300                    /usr/lib/jvm/java-7-openjdk-amd64/jre/lib/amd64/libnio.so
7f0178316000-7f0178317000 r--p 00010000 08:06 1455300                    /usr/lib/jvm/java-7-openjdk-amd64/jre/lib/amd64/libnio.so
7f0178317000-7f0178318000 rw-p 00011000 08:06 1455300                    /usr/lib/jvm/java-7-openjdk-amd64/jre/lib/amd64/libnio.so
7f0178318000-7f0178326000 r--s 000dc000 08:06 1180921                    /opt/android-studio/sdk/build-tools/21.0.1/lib/dx.jar
7f0178326000-7f0178327000 ---p 00000000 00:00 0 
7f0178327000-7f0178427000 rw-p 00000000 00:00 0                          [stack:13079]
7f0178427000-7f017842a000 ---p 00000000 00:00 0 
7f017842a000-7f0178528000 rw-p 00000000 00:00 0                          [stack:13078]
7f0178528000-7f017852b000 ---p 00000000 00:00 0 
7f017852b000-7f0178629000 rw-p 00000000 00:00 0                          [stack:13077]
7f0178629000-7f017862c000 ---p 00000000 00:00 0 
7f017862c000-7f017872a000 rw-p 00000000 00:00 0                          [stack:13076]
7f017872a000-7f017872d000 ---p 00000000 00:00 0 
7f017872d000-7f017882b000 rw-p 00000000 00:00 0                          [stack:13075]
7f017882b000-7f017882e000 ---p 00000000 00:00 0 
7f017882e000-7f017892c000 rw-p 00000000 00:00 0                          [stack:13074]
7f017892c000-7f017892f000 ---p 00000000 00:00 0 
7f017892f000-7f0178a2d000 rw-p 00000000 00:00 0                          [stack:13073]
7f0178a2d000-7f0178a2e000 ---p 00000000 00:00 0 
7f0178a2e000-7f0179a86000 rw-p 00000000 00:00 0                          [stack:13072]
7f0179a86000-7f0179c37000 r--s 01d25000 08:06 1455343                    /usr/lib/jvm/java-7-openjdk-amd64/jre/lib/rt.jar
7f0179c37000-7f0179f5b000 rw-p 00000000 00:00 0 
7f0179f5b000-7f0179f5c000 ---p 00000000 00:00 0 
7f0179f5c000-7f017a05c000 rw-p 00000000 00:00 0                          [stack:13071]
7f017a05c000-7f017a05d000 ---p 00000000 00:00 0 
7f017a05d000-7f017a15d000 rw-p 00000000 00:00 0                          [stack:13070]
7f017a15d000-7f017a15e000 ---p 00000000 00:00 0 
7f017a15e000-7f017a25e000 rw-p 00000000 00:00 0                          [stack:13069]
7f017a25e000-7f017a25f000 ---p 00000000 00:00 0 
7f017a25f000-7f017a36a000 rw-p 00000000 00:00 0                          [stack:13068]
7f017a36a000-7f017a3b2000 rw-p 00000000 00:00 0 
7f017a3b2000-7f017a3cf000 rw-p 00000000 00:00 0 
7f017a3cf000-7f017a508000 rw-p 00000000 00:00 0 
7f017a508000-7f017a513000 rw-p 00000000 00:00 0 
7f017a513000-7f017a55b000 rw-p 00000000 00:00 0 
7f017a55b000-7f017a578000 rw-p 00000000 00:00 0 
7f017a578000-7f017a6b0000 rw-p 00000000 00:00 0 
7f017a6b0000-7f017a71f000 rw-p 00000000 00:00 0 
7f017a71f000-7f017a75b000 rw-p 00000000 00:00 0 
7f017a75b000-7f017a75c000 rw-p 00000000 00:00 0 
7f017a75c000-7f017a764000 r-xp 00000000 08:06 1455279                    /usr/lib/jvm/java-7-openjdk-amd64/jre/lib/amd64/libzip.so
7f017a764000-7f017a963000 ---p 00008000 08:06 1455279                    /usr/lib/jvm/java-7-openjdk-amd64/jre/lib/amd64/libzip.so
7f017a963000-7f017a964000 r--p 00007000 08:06 1455279                    /usr/lib/jvm/java-7-openjdk-amd64/jre/lib/amd64/libzip.so
7f017a964000-7f017a965000 rw-p 00008000 08:06 1455279                    /usr/lib/jvm/java-7-openjdk-amd64/jre/lib/amd64/libzip.so
7f017a965000-7f017a970000 r-xp 00000000 08:06 2237573                    /lib/x86_64-linux-gnu/libnss_files-2.19.so
7f017a970000-7f017ab6f000 ---p 0000b000 08:06 2237573                    /lib/x86_64-linux-gnu/libnss_files-2.19.so
7f017ab6f000-7f017ab70000 r--p 0000a000 08:06 2237573                    /lib/x86_64-linux-gnu/libnss_files-2.19.so
7f017ab70000-7f017ab71000 rw-p 0000b000 08:06 2237573                    /lib/x86_64-linux-gnu/libnss_files-2.19.so
7f017ab71000-7f017ab7c000 r-xp 00000000 08:06 2237574                    /lib/x86_64-linux-gnu/libnss_nis-2.19.so
7f017ab7c000-7f017ad7b000 ---p 0000b000 08:06 2237574                    /lib/x86_64-linux-gnu/libnss_nis-2.19.so
7f017ad7b000-7f017ad7c000 r--p 0000a000 08:06 2237574                    /lib/x86_64-linux-gnu/libnss_nis-2.19.so
7f017ad7c000-7f017ad7d000 rw-p 0000b000 08:06 2237574                    /lib/x86_64-linux-gnu/libnss_nis-2.19.so
7f017ad7d000-7f017ad94000 r-xp 00000000 08:06 2237560                    /lib/x86_64-linux-gnu/libnsl-2.19.so
7f017ad94000-7f017af93000 ---p 00017000 08:06 2237560                    /lib/x86_64-linux-gnu/libnsl-2.19.so
7f017af93000-7f017af94000 r--p 00016000 08:06 2237560                    /lib/x86_64-linux-gnu/libnsl-2.19.so
7f017af94000-7f017af95000 rw-p 00017000 08:06 2237560                    /lib/x86_64-linux-gnu/libnsl-2.19.so
7f017af95000-7f017af97000 rw-p 00000000 00:00 0 
7f017af97000-7f017afa0000 r-xp 00000000 08:06 2237557                    /lib/x86_64-linux-gnu/libnss_compat-2.19.so
7f017afa0000-7f017b19f000 ---p 00009000 08:06 2237557                    /lib/x86_64-linux-gnu/libnss_compat-2.19.so
7f017b19f000-7f017b1a0000 r--p 00008000 08:06 2237557                    /lib/x86_64-linux-gnu/libnss_compat-2.19.so
7f017b1a0000-7f017b1a1000 rw-p 00009000 08:06 2237557                    /lib/x86_64-linux-gnu/libnss_compat-2.19.so
7f017b1a1000-7f017b1cc000 r-xp 00000000 08:06 1455284                    /usr/lib/jvm/java-7-openjdk-amd64/jre/lib/amd64/libjava.so
7f017b1cc000-7f017b3cb000 ---p 0002b000 08:06 1455284                    /usr/lib/jvm/java-7-openjdk-amd64/jre/lib/amd64/libjava.so
7f017b3cb000-7f017b3cc000 r--p 0002a000 08:06 1455284                    /usr/lib/jvm/java-7-openjdk-amd64/jre/lib/amd64/libjava.so
7f017b3cc000-7f017b3ce000 rw-p 0002b000 08:06 1455284                    /usr/lib/jvm/java-7-openjdk-amd64/jre/lib/amd64/libjava.so
7f017b3ce000-7f017b3de000 r-xp 00000000 08:06 1455299                    /usr/lib/jvm/java-7-openjdk-amd64/jre/lib/amd64/libverify.so
7f017b3de000-7f017b5dd000 ---p 00010000 08:06 1455299                    /usr/lib/jvm/java-7-openjdk-amd64/jre/lib/amd64/libverify.so
7f017b5dd000-7f017b5df000 r--p 0000f000 08:06 1455299                    /usr/lib/jvm/java-7-openjdk-amd64/jre/lib/amd64/libverify.so
7f017b5df000-7f017b5e0000 rw-p 00011000 08:06 1455299                    /usr/lib/jvm/java-7-openjdk-amd64/jre/lib/amd64/libverify.so
7f017b5e0000-7f017b5e7000 r-xp 00000000 08:06 2237562                    /lib/x86_64-linux-gnu/librt-2.19.so
7f017b5e7000-7f017b7e6000 ---p 00007000 08:06 2237562                    /lib/x86_64-linux-gnu/librt-2.19.so
7f017b7e6000-7f017b7e7000 r--p 00006000 08:06 2237562                    /lib/x86_64-linux-gnu/librt-2.19.so
7f017b7e7000-7f017b7e8000 rw-p 00007000 08:06 2237562                    /lib/x86_64-linux-gnu/librt-2.19.so
7f017b7e8000-7f017b7fe000 r-xp 00000000 08:06 2232319                    /lib/x86_64-linux-gnu/libgcc_s.so.1
7f017b7fe000-7f017b9fd000 ---p 00016000 08:06 2232319                    /lib/x86_64-linux-gnu/libgcc_s.so.1
7f017b9fd000-7f017b9fe000 rw-p 00015000 08:06 2232319                    /lib/x86_64-linux-gnu/libgcc_s.so.1
7f017b9fe000-7f017bb03000 r-xp 00000000 08:06 2237569                    /lib/x86_64-linux-gnu/libm-2.19.so
7f017bb03000-7f017bd02000 ---p 00105000 08:06 2237569                    /lib/x86_64-linux-gnu/libm-2.19.so
7f017bd02000-7f017bd03000 r--p 00104000 08:06 2237569                    /lib/x86_64-linux-gnu/libm-2.19.so
7f017bd03000-7f017bd04000 rw-p 00105000 08:06 2237569                    /lib/x86_64-linux-gnu/libm-2.19.so
7f017bd04000-7f017bdea000 r-xp 00000000 08:06 1451700                    /usr/lib/x86_64-linux-gnu/libstdc++.so.6.0.19
7f017bdea000-7f017bfe9000 ---p 000e6000 08:06 1451700                    /usr/lib/x86_64-linux-gnu/libstdc++.so.6.0.19
7f017bfe9000-7f017bff1000 r--p 000e5000 08:06 1451700                    /usr/lib/x86_64-linux-gnu/libstdc++.so.6.0.19
7f017bff1000-7f017bff3000 rw-p 000ed000 08:06 1451700                    /usr/lib/x86_64-linux-gnu/libstdc++.so.6.0.19
7f017bff3000-7f017c008000 rw-p 00000000 00:00 0 
7f017c008000-7f017cb1e000 r-xp 00000000 08:06 1584041                    /usr/lib/jvm/java-7-openjdk-amd64/jre/lib/amd64/server/libjvm.so
7f017cb1e000-7f017cd1d000 ---p 00b16000 08:06 1584041                    /usr/lib/jvm/java-7-openjdk-amd64/jre/lib/amd64/server/libjvm.so
7f017cd1d000-7f017cdb7000 r--p 00b15000 08:06 1584041                    /usr/lib/jvm/java-7-openjdk-amd64/jre/lib/amd64/server/libjvm.so
7f017cdb7000-7f017cdda000 rw-p 00baf000 08:06 1584041                    /usr/lib/jvm/java-7-openjdk-amd64/jre/lib/amd64/server/libjvm.so
7f017cdda000-7f017ce08000 rw-p 00000000 00:00 0 
7f017ce08000-7f017ce20000 r-xp 00000000 08:06 2232476                    /lib/x86_64-linux-gnu/libz.so.1.2.8
7f017ce20000-7f017d01f000 ---p 00018000 08:06 2232476                    /lib/x86_64-linux-gnu/libz.so.1.2.8
7f017d01f000-7f017d020000 r--p 00017000 08:06 2232476                    /lib/x86_64-linux-gnu/libz.so.1.2.8
7f017d020000-7f017d021000 rw-p 00018000 08:06 2232476                    /lib/x86_64-linux-gnu/libz.so.1.2.8
7f017d021000-7f017d03a000 r-xp 00000000 08:06 2237579                    /lib/x86_64-linux-gnu/libpthread-2.19.so
7f017d03a000-7f017d239000 ---p 00019000 08:06 2237579                    /lib/x86_64-linux-gnu/libpthread-2.19.so
7f017d239000-7f017d23a000 r--p 00018000 08:06 2237579                    /lib/x86_64-linux-gnu/libpthread-2.19.so
7f017d23a000-7f017d23b000 rw-p 00019000 08:06 2237579                    /lib/x86_64-linux-gnu/libpthread-2.19.so
7f017d23b000-7f017d23f000 rw-p 00000000 00:00 0 
7f017d23f000-7f017d242000 r-xp 00000000 08:06 2237578                    /lib/x86_64-linux-gnu/libdl-2.19.so
7f017d242000-7f017d441000 ---p 00003000 08:06 2237578                    /lib/x86_64-linux-gnu/libdl-2.19.so
7f017d441000-7f017d442000 r--p 00002000 08:06 2237578                    /lib/x86_64-linux-gnu/libdl-2.19.so
7f017d442000-7f017d443000 rw-p 00003000 08:06 2237578                    /lib/x86_64-linux-gnu/libdl-2.19.so
7f017d443000-7f017d5fe000 r-xp 00000000 08:06 2237566                    /lib/x86_64-linux-gnu/libc-2.19.so
7f017d5fe000-7f017d7fe000 ---p 001bb000 08:06 2237566                    /lib/x86_64-linux-gnu/libc-2.19.so
7f017d7fe000-7f017d802000 r--p 001bb000 08:06 2237566                    /lib/x86_64-linux-gnu/libc-2.19.so
7f017d802000-7f017d804000 rw-p 001bf000 08:06 2237566                    /lib/x86_64-linux-gnu/libc-2.19.so
7f017d804000-7f017d809000 rw-p 00000000 00:00 0 
7f017d809000-7f017d816000 r-xp 00000000 08:06 1584039                    /usr/lib/jvm/java-7-openjdk-amd64/jre/lib/amd64/jli/libjli.so
7f017d816000-7f017da15000 ---p 0000d000 08:06 1584039                    /usr/lib/jvm/java-7-openjdk-amd64/jre/lib/amd64/jli/libjli.so
7f017da15000-7f017da16000 r--p 0000c000 08:06 1584039                    /usr/lib/jvm/java-7-openjdk-amd64/jre/lib/amd64/jli/libjli.so
7f017da16000-7f017da17000 rw-p 0000d000 08:06 1584039                    /usr/lib/jvm/java-7-openjdk-amd64/jre/lib/amd64/jli/libjli.so
7f017da17000-7f017da3a000 r-xp 00000000 08:06 2237567                    /lib/x86_64-linux-gnu/ld-2.19.so
7f017da3a000-7f017da5d000 rw-p 00000000 00:00 0 
7f017da5d000-7f017db12000 rw-p 00000000 00:00 0 
7f017db12000-7f017db15000 ---p 00000000 00:00 0 
7f017db15000-7f017dc19000 rw-p 00000000 00:00 0                          [stack:13067]
7f017dc19000-7f017dc1d000 r--s 00085000 08:06 1455340                    /usr/lib/jvm/java-7-openjdk-amd64/jre/lib/ext/localedata.jar
7f017dc1d000-7f017dc20000 r--s 0000f000 08:06 1455336                    /usr/lib/jvm/java-7-openjdk-amd64/jre/lib/ext/icedtea-sound.jar
7f017dc20000-7f017dc24000 r--s 00034000 08:06 1455341                    /usr/lib/jvm/java-7-openjdk-amd64/jre/lib/ext/sunjce_provider.jar
7f017dc24000-7f017dc26000 r--s 00012000 08:06 1455337                    /usr/lib/jvm/java-7-openjdk-amd64/jre/lib/ext/zipfs.jar
7f017dc26000-7f017dc2a000 r--s 0003c000 08:06 1455339                    /usr/lib/jvm/java-7-openjdk-amd64/jre/lib/ext/sunpkcs11.jar
7f017dc2a000-7f017dc2c000 r--s 00006000 08:06 1851433                    /usr/share/java/java-atk-wrapper.jar
7f017dc2c000-7f017dc2d000 r--s 00002000 08:06 1455342                    /usr/lib/jvm/java-7-openjdk-amd64/jre/lib/ext/dnsns.jar
7f017dc2d000-7f017dc35000 rw-s 00000000 08:06 1197769                    /tmp/hsperfdata_gigamole/13059
7f017dc35000-7f017dc36000 rw-p 00000000 00:00 0 
7f017dc36000-7f017dc37000 ---p 00000000 00:00 0 
7f017dc37000-7f017dc39000 rw-p 00000000 00:00 0 
7f017dc39000-7f017dc3a000 r--p 00022000 08:06 2237567                    /lib/x86_64-linux-gnu/ld-2.19.so
7f017dc3a000-7f017dc3b000 rw-p 00023000 08:06 2237567                    /lib/x86_64-linux-gnu/ld-2.19.so
7f017dc3b000-7f017dc3c000 rw-p 00000000 00:00 0 
7fffd3ec3000-7fffd3ee4000 rw-p 00000000 00:00 0                          [stack]
7fffd3fd0000-7fffd3fd2000 r-xp 00000000 00:00 0                          [vdso]
ffffffffff600000-ffffffffff601000 r-xp 00000000 00:00 0                  [vsyscall]

VM Arguments:
jvm_args: -Xmx1024M 
java_command: /opt/android-studio/sdk/build-tools/21.0.1/lib/dx.jar --dex --no-optimize --output /home/gigamole/Projects/tif/tif/app/build/intermediates/dex/debug --input-list=/home/gigamole/Projects/tif/tif/app/build/intermediates/tmp/dex/debug/inputList.txt
Launcher Type: SUN_STANDARD

Environment Variables:
JAVA_HOME=/usr/lib/jvm/jdk1.7.0
CLASSPATH=/opt/android-studio/bin/../lib/bootstrap.jar:/opt/android-studio/bin/../lib/extensions.jar:/opt/android-studio/bin/../lib/util.jar:/opt/android-studio/bin/../lib/jdom.jar:/opt/android-studio/bin/../lib/log4j.jar:/opt/android-studio/bin/../lib/trove4j.jar:/opt/android-studio/bin/../lib/jna.jar:/usr/lib/jvm/java-7-openjdk-amd64/lib/tools.jar
PATH=/usr/local/sbin:/usr/local/bin:/usr/sbin:/usr/bin:/sbin:/bin:/usr/games:/usr/local/games:/home/gigamole/bin:/usr/lib/jvm/jdk1.7.0/bin
LD_LIBRARY_PATH=/opt/android-studio/bin:
SHELL=/bin/bash
DISPLAY=:0

Signal Handlers:
SIGSEGV: [libjvm.so+0x9495e0], sa_mask[0]=0x7ffbfeff, sa_flags=0x10000004
SIGBUS: [libjvm.so+0x9495e0], sa_mask[0]=0x7ffbfeff, sa_flags=0x10000004
SIGFPE: [libjvm.so+0x7c3410], sa_mask[0]=0x7ffbfeff, sa_flags=0x10000004
SIGPIPE: [libjvm.so+0x7c3410], sa_mask[0]=0x7ffbfeff, sa_flags=0x10000004
SIGXFSZ: [libjvm.so+0x7c3410], sa_mask[0]=0x7ffbfeff, sa_flags=0x10000004
SIGILL: [libjvm.so+0x7c3410], sa_mask[0]=0x7ffbfeff, sa_flags=0x10000004
SIGUSR1: SIG_DFL, sa_mask[0]=0x00000000, sa_flags=0x00000000
SIGUSR2: [libjvm.so+0x7c32b0], sa_mask[0]=0x00000004, sa_flags=0x10000004
SIGHUP: [libjvm.so+0x7c3490], sa_mask[0]=0x7ffbfeff, sa_flags=0x10000004
SIGINT: [libjvm.so+0x7c3490], sa_mask[0]=0x7ffbfeff, sa_flags=0x10000004
SIGTERM: [libjvm.so+0x7c3490], sa_mask[0]=0x7ffbfeff, sa_flags=0x10000004
SIGQUIT: [libjvm.so+0x7c3490], sa_mask[0]=0x7ffbfeff, sa_flags=0x10000004
SIGTRAP: SIG_DFL, sa_mask[0]=0x00000000, sa_flags=0x00000000


---------------  S Y S T E M  ---------------

OS:Ubuntu 14.04 (trusty)
uname:Linux 3.13.0-37-generic #64-Ubuntu SMP Mon Sep 22 21:28:38 UTC 2014 x86_64
libc:glibc 2.19 NPTL 2.19 
rlimit: STACK 8192k, CORE 0k, NPROC 26792, NOFILE 4096, AS infinity
load average:5,64 3,12 2,75

/proc/meminfo:
MemTotal:        3459312 kB
MemFree:          132396 kB
Buffers:            1176 kB
Cached:           235368 kB
SwapCached:         6916 kB
Active:          2269880 kB
Inactive:         854848 kB
Active(anon):    2252256 kB
Inactive(anon):   836576 kB
Active(file):      17624 kB
Inactive(file):    18272 kB
Unevictable:          32 kB
Mlocked:              32 kB
SwapTotal:        999420 kB
SwapFree:             20 kB
Dirty:               296 kB
Writeback:             0 kB
AnonPages:       2881676 kB
Mapped:            44392 kB
Shmem:            200392 kB
Slab:              69436 kB
SReclaimable:      32716 kB
SUnreclaim:        36720 kB
KernelStack:        4992 kB
PageTables:        38692 kB
NFS_Unstable:          0 kB
Bounce:                0 kB
WritebackTmp:          0 kB
CommitLimit:     2729076 kB
Committed_AS:    7483124 kB
VmallocTotal:   34359738367 kB
VmallocUsed:      548168 kB
VmallocChunk:   34359184796 kB
HardwareCorrupted:     0 kB
AnonHugePages:    958464 kB
HugePages_Total:       0
HugePages_Free:        0
HugePages_Rsvd:        0
HugePages_Surp:        0
Hugepagesize:       2048 kB
DirectMap4k:      122368 kB
DirectMap2M:     3475456 kB
DirectMap1G:           0 kB


CPU:total 4 (2 cores per cpu, 2 threads per core) family 6 model 60 stepping 3, cmov, cx8, fxsr, mmx, sse, sse2, sse3, ssse3, sse4.1, sse4.2, popcnt, avx, avx2, aes, erms, ht, tsc, tscinvbit

/proc/cpuinfo:
processor	: 0
vendor_id	: GenuineIntel
cpu family	: 6
model		: 60
model name	: Intel(R) Core(TM) i5-4300M CPU @ 2.60GHz
stepping	: 3
microcode	: 0x16
cpu MHz		: 2601.000
cache size	: 3072 KB
physical id	: 0
siblings	: 4
core id		: 0
cpu cores	: 2
apicid		: 0
initial apicid	: 0
fpu		: yes
fpu_exception	: yes
cpuid level	: 13
wp		: yes
flags		: fpu vme de pse tsc msr pae mce cx8 apic sep mtrr pge mca cmov pat pse36 clflush dts acpi mmx fxsr sse sse2 ss ht tm pbe syscall nx pdpe1gb rdtscp lm constant_tsc arch_perfmon pebs bts rep_good nopl xtopology nonstop_tsc aperfmperf eagerfpu pni pclmulqdq dtes64 monitor ds_cpl vmx smx est tm2 ssse3 fma cx16 xtpr pdcm pcid sse4_1 sse4_2 x2apic movbe popcnt tsc_deadline_timer aes xsave avx f16c rdrand lahf_lm abm ida arat epb xsaveopt pln pts dtherm tpr_shadow vnmi flexpriority ept vpid fsgsbase tsc_adjust bmi1 hle avx2 smep bmi2 erms invpcid rtm
bogomips	: 5188.08
clflush size	: 64
cache_alignment	: 64
address sizes	: 39 bits physical, 48 bits virtual
power management:

processor	: 1
vendor_id	: GenuineIntel
cpu family	: 6
model		: 60
model name	: Intel(R) Core(TM) i5-4300M CPU @ 2.60GHz
stepping	: 3
microcode	: 0x16
cpu MHz		: 2601.000
cache size	: 3072 KB
physical id	: 0
siblings	: 4
core id		: 0
cpu cores	: 2
apicid		: 1
initial apicid	: 1
fpu		: yes
fpu_exception	: yes
cpuid level	: 13
wp		: yes
flags		: fpu vme de pse tsc msr pae mce cx8 apic sep mtrr pge mca cmov pat pse36 clflush dts acpi mmx fxsr sse sse2 ss ht tm pbe syscall nx pdpe1gb rdtscp lm constant_tsc arch_perfmon pebs bts rep_good nopl xtopology nonstop_tsc aperfmperf eagerfpu pni pclmulqdq dtes64 monitor ds_cpl vmx smx est tm2 ssse3 fma cx16 xtpr pdcm pcid sse4_1 sse4_2 x2apic movbe popcnt tsc_deadline_timer aes xsave avx f16c rdrand lahf_lm abm ida arat epb xsaveopt pln pts dtherm tpr_shadow vnmi flexpriority ept vpid fsgsbase tsc_adjust bmi1 hle avx2 smep bmi2 erms invpcid rtm
bogomips	: 5188.08
clflush size	: 64
cache_alignment	: 64
address sizes	: 39 bits physical, 48 bits virtual
power management:

processor	: 2
vendor_id	: GenuineIntel
cpu family	: 6
model		: 60
model name	: Intel(R) Core(TM) i5-4300M CPU @ 2.60GHz
stepping	: 3
microcode	: 0x16
cpu MHz		: 2601.000
cache size	: 3072 KB
physical id	: 0
siblings	: 4
core id		: 1
cpu cores	: 2
apicid		: 2
initial apicid	: 2
fpu		: yes
fpu_exception	: yes
cpuid level	: 13
wp		: yes
flags		: fpu vme de pse tsc msr pae mce cx8 apic sep mtrr pge mca cmov pat pse36 clflush dts acpi mmx fxsr sse sse2 ss ht tm pbe syscall nx pdpe1gb rdtscp lm constant_tsc arch_perfmon pebs bts rep_good nopl xtopology nonstop_tsc aperfmperf eagerfpu pni pclmulqdq dtes64 monitor ds_cpl vmx smx est tm2 ssse3 fma cx16 xtpr pdcm pcid sse4_1 sse4_2 x2apic movbe popcnt tsc_deadline_timer aes xsave avx f16c rdrand lahf_lm abm ida arat epb xsaveopt pln pts dtherm tpr_shadow vnmi flexpriority ept vpid fsgsbase tsc_adjust bmi1 hle avx2 smep bmi2 erms invpcid rtm
bogomips	: 5188.08
clflush size	: 64
cache_alignment	: 64
address sizes	: 39 bits physical, 48 bits virtual
power management:

processor	: 3
vendor_id	: GenuineIntel
cpu family	: 6
model		: 60
model name	: Intel(R) Core(TM) i5-4300M CPU @ 2.60GHz
stepping	: 3
microcode	: 0x16
cpu MHz		: 2601.000
cache size	: 3072 KB
physical id	: 0
siblings	: 4
core id		: 1
cpu cores	: 2
apicid		: 3
initial apicid	: 3
fpu		: yes
fpu_exception	: yes
cpuid level	: 13
wp		: yes
flags		: fpu vme de pse tsc msr pae mce cx8 apic sep mtrr pge mca cmov pat pse36 clflush dts acpi mmx fxsr sse sse2 ss ht tm pbe syscall nx pdpe1gb rdtscp lm constant_tsc arch_perfmon pebs bts rep_good nopl xtopology nonstop_tsc aperfmperf eagerfpu pni pclmulqdq dtes64 monitor ds_cpl vmx smx est tm2 ssse3 fma cx16 xtpr pdcm pcid sse4_1 sse4_2 x2apic movbe popcnt tsc_deadline_timer aes xsave avx f16c rdrand lahf_lm abm ida arat epb xsaveopt pln pts dtherm tpr_shadow vnmi flexpriority ept vpid fsgsbase tsc_adjust bmi1 hle avx2 smep bmi2 erms invpcid rtm
bogomips	: 5188.08
clflush size	: 64
cache_alignment	: 64
address sizes	: 39 bits physical, 48 bits virtual
power management:



Memory: 4k page, physical 3459312k(132396k free), swap 999420k(20k free)

vm_info: OpenJDK 64-Bit Server VM (24.65-b04) for linux-amd64 JRE (1.7.0_65-b32), built on Oct 22 2014 04:37:44 by "buildd" with gcc 4.8.2

time: Mon Feb 16 19:16:53 2015
elapsed time: 15 seconds

