#
# There is insufficient memory for the Java Runtime Environment to continue.
# Native memory allocation (malloc) failed to allocate 90701824 bytes for committing reserved memory.
# Possible reasons:
#   The system is out of physical RAM or swap space
#   In 32 bit mode, the process size limit was hit
# Possible solutions:
#   Reduce memory load on the system
#   Increase physical memory or swap space
#   Check if swap backing store is full
#   Use 64 bit Java on a 64 bit OS
#   Decrease Java heap size (-Xmx/-Xms)
#   Decrease number of Java threads
#   Decrease Java thread stack sizes (-Xss)
#   Set larger code cache with -XX:ReservedCodeCacheSize=
# This output file may be truncated or incomplete.
#
#  Out of Memory Error (os_linux.cpp:2798), pid=7933, tid=140552009041664
#
# JRE version: OpenJDK Runtime Environment (7.0_65-b32) (build 1.7.0_65-b32)
# Java VM: OpenJDK 64-Bit Server VM (24.65-b04 mixed mode linux-amd64 compressed oops)
# Derivative: IcedTea 2.5.3
# Distribution: Ubuntu 14.04 LTS, package 7u71-2.5.3-0ubuntu0.14.04.1
# Failed to write core dump. Core dumps have been disabled. To enable core dumping, try "ulimit -c unlimited" before starting Java again
#

---------------  T H R E A D  ---------------

Current thread (0x00007fd4dc13c800):  VMThread [stack: 0x00007fd4d0824000,0x00007fd4d0925000] [id=7949]

Stack: [0x00007fd4d0824000,0x00007fd4d0925000],  sp=0x00007fd4d0923490,  free space=1021k
Native frames: (J=compiled Java code, j=interpreted, Vv=VM code, C=native code)
V  [libjvm.so+0x948b05]  VMError::report_and_die()+0x175
V  [libjvm.so+0x48bc34]  report_vm_out_of_memory(char const*, int, unsigned long, char const*)+0x74
V  [libjvm.so+0x7c7bfb]  os::pd_commit_memory(char*, unsigned long, unsigned long, bool)+0xeb
V  [libjvm.so+0x7c26bf]  os::commit_memory(char*, unsigned long, unsigned long, bool)+0x1f
V  [libjvm.so+0x833e4b]  PSVirtualSpace::expand_by(unsigned long)+0x5b
V  [libjvm.so+0x834ca0]  PSYoungGen::resize_generation(unsigned long, unsigned long)+0xb0
V  [libjvm.so+0x83538b]  PSYoungGen::resize(unsigned long, unsigned long)+0x1b
V  [libjvm.so+0x831670]  PSScavenge::invoke_no_policy()+0xde0
V  [libjvm.so+0x831e48]  PSScavenge::invoke()+0x38
V  [libjvm.so+0x7e8823]  ParallelScavengeHeap::failed_mem_allocate(unsigned long)+0x63
V  [libjvm.so+0x94a504]  VM_ParallelGCFailedAllocation::doit()+0x84
V  [libjvm.so+0x94e9f7]  VM_Operation::evaluate()+0x47
V  [libjvm.so+0x94d368]  VMThread::evaluate_operation(VM_Operation*)+0x318
V  [libjvm.so+0x94d7c9]  VMThread::loop()+0x219
V  [libjvm.so+0x94dc12]  VMThread::run()+0x72
V  [libjvm.so+0x7c4ac2]  java_start(Thread*)+0xf2

VM_Operation (0x00007fd4e2f6c430): ParallelGCFailedAllocation, mode: safepoint, requested by thread 0x00007fd4dc00a000


---------------  P R O C E S S  ---------------

Java Threads: ( => current thread )
  0x00007fd4dc177800 JavaThread "Service Thread" daemon [_thread_blocked, id=7955, stack(0x00007fd4d021e000,0x00007fd4d031f000)]
  0x00007fd4dc175000 JavaThread "C2 CompilerThread1" daemon [_thread_blocked, id=7954, stack(0x00007fd4d031f000,0x00007fd4d0420000)]
  0x00007fd4dc172000 JavaThread "C2 CompilerThread0" daemon [_thread_blocked, id=7953, stack(0x00007fd4d0420000,0x00007fd4d0521000)]
  0x00007fd4dc170000 JavaThread "Signal Dispatcher" daemon [_thread_blocked, id=7952, stack(0x00007fd4d0521000,0x00007fd4d0622000)]
  0x00007fd4dc143000 JavaThread "Finalizer" daemon [_thread_blocked, id=7951, stack(0x00007fd4d0622000,0x00007fd4d0723000)]
  0x00007fd4dc141000 JavaThread "Reference Handler" daemon [_thread_blocked, id=7950, stack(0x00007fd4d0723000,0x00007fd4d0824000)]
  0x00007fd4dc00a000 JavaThread "main" [_thread_blocked, id=7943, stack(0x00007fd4e2e6d000,0x00007fd4e2f6e000)]

Other Threads:
=>0x00007fd4dc13c800 VMThread [stack: 0x00007fd4d0824000,0x00007fd4d0925000] [id=7949]
  0x00007fd4dc182800 WatcherThread [stack: 0x00007fd4d011d000,0x00007fd4d021e000] [id=7956]

VM state:at safepoint (normal execution)

VM Mutex/Monitor currently owned by a thread:  ([mutex/lock_event])
[0x00007fd4dc0066a0] Threads_lock - owner thread: 0x00007fd4dc13c800
[0x00007fd4dc006ba0] Heap_lock - owner thread: 0x00007fd4dc00a000

Heap
 PSYoungGen      total 234496K, used 17227K [0x00000000eaa80000, 0x00000000fa980000, 0x0000000100000000)
  eden space 212992K, 0% used [0x00000000eaa80000,0x00000000eaa80000,0x00000000f7a80000)
  from space 21504K, 80% used [0x00000000f7a80000,0x00000000f8b52d70,0x00000000f8f80000)
  to   space 18944K, 0% used [0x00000000f8f80000,0x00000000f8f80000,0x00000000fa200000)
 ParOldGen       total 65024K, used 63861K [0x00000000c0000000, 0x00000000c3f80000, 0x00000000eaa80000)
  object space 65024K, 98% used [0x00000000c0000000,0x00000000c3e5d410,0x00000000c3f80000)
 PSPermGen       total 21504K, used 7252K [0x00000000b5a00000, 0x00000000b6f00000, 0x00000000c0000000)
  object space 21504K, 33% used [0x00000000b5a00000,0x00000000b61152d0,0x00000000b6f00000)

Card table byte_map: [0x00007fd4d878b000,0x00007fd4d89df000] byte_map_base: 0x00007fd4d81de000

Polling page: 0x00007fd4e2f91000

Code Cache  [0x00007fd4d89df000, 0x00007fd4d8c9f000, 0x00007fd4db9df000)
 total_blobs=1188 nmethods=936 adapters=205 free_code_cache=46395Kb largest_free_block=47464832

Compilation events (10 events):
Event: 15,129 Thread 0x00007fd4dc175000 nmethod 946 0x00007fd4d8c88790 code [0x00007fd4d8c888c0, 0x00007fd4d8c88918]
Event: 15,129 Thread 0x00007fd4dc175000  947             com.android.dx.io.instructions.FiveRegisterDecodedInstruction::getC (5 bytes)
Event: 15,129 Thread 0x00007fd4dc175000 nmethod 947 0x00007fd4d8c88590 code [0x00007fd4d8c886c0, 0x00007fd4d8c88718]
Event: 15,129 Thread 0x00007fd4dc175000  948             com.android.dx.io.instructions.FiveRegisterDecodedInstruction::getD (5 bytes)
Event: 15,129 Thread 0x00007fd4dc175000 nmethod 948 0x00007fd4d8c88390 code [0x00007fd4d8c884c0, 0x00007fd4d8c88518]
Event: 15,130 Thread 0x00007fd4dc172000 nmethod 942 0x00007fd4d8c95e50 code [0x00007fd4d8c95fa0, 0x00007fd4d8c96178]
Event: 15,173 Thread 0x00007fd4dc175000  949             com.android.dx.io.instructions.InstructionCodec$7::decode (50 bytes)
Event: 15,173 Thread 0x00007fd4dc172000  950             com.android.dx.io.instructions.InstructionCodec$7::encode (23 bytes)
Event: 15,174 Thread 0x00007fd4dc172000 nmethod 950 0x00007fd4d8c95990 code [0x00007fd4d8c95ae0, 0x00007fd4d8c95c38]
Event: 15,175 Thread 0x00007fd4dc175000 nmethod 949 0x00007fd4d8c87ed0 code [0x00007fd4d8c88020, 0x00007fd4d8c881f8]

GC Heap History (10 events):
Event: 9,678 GC heap after
Heap after GC invocations=7 (full 1):
 PSYoungGen      total 102400K, used 8481K [0x00000000eaa80000, 0x00000000f2580000, 0x0000000100000000)
  eden space 86528K, 0% used [0x00000000eaa80000,0x00000000eaa80000,0x00000000eff00000)
  from space 15872K, 53% used [0x00000000f0e00000,0x00000000f1648620,0x00000000f1d80000)
  to   space 15360K, 0% used [0x00000000eff00000,0x00000000eff00000,0x00000000f0e00000)
 ParOldGen       total 59904K, used 39616K [0x00000000c0000000, 0x00000000c3a80000, 0x00000000eaa80000)
  object space 59904K, 66% used [0x00000000c0000000,0x00000000c26b00e0,0x00000000c3a80000)
 PSPermGen       total 21504K, used 7131K [0x00000000b5a00000, 0x00000000b6f00000, 0x00000000c0000000)
  object space 21504K, 33% used [0x00000000b5a00000,0x00000000b60f6fb0,0x00000000b6f00000)
}
Event: 12,190 GC heap before
{Heap before GC invocations=8 (full 1):
 PSYoungGen      total 102400K, used 95009K [0x00000000eaa80000, 0x00000000f2580000, 0x0000000100000000)
  eden space 86528K, 100% used [0x00000000eaa80000,0x00000000eff00000,0x00000000eff00000)
  from space 15872K, 53% used [0x00000000f0e00000,0x00000000f1648620,0x00000000f1d80000)
  to   space 15360K, 0% used [0x00000000eff00000,0x00000000eff00000,0x00000000f0e00000)
 ParOldGen       total 59904K, used 39616K [0x00000000c0000000, 0x00000000c3a80000, 0x00000000eaa80000)
  object space 59904K, 66% used [0x00000000c0000000,0x00000000c26b00e0,0x00000000c3a80000)
 PSPermGen       total 21504K, used 7144K [0x00000000b5a00000, 0x00000000b6f00000, 0x00000000c0000000)
  object space 21504K, 33% used [0x00000000b5a00000,0x00000000b60fa228,0x00000000b6f00000)
Event: 12,722 GC heap after
Heap after GC invocations=8 (full 1):
 PSYoungGen      total 101888K, used 12509K [0x00000000eaa80000, 0x00000000f5c80000, 0x0000000100000000)
  eden space 86528K, 0% used [0x00000000eaa80000,0x00000000eaa80000,0x00000000eff00000)
  from space 15360K, 81% used [0x00000000eff00000,0x00000000f0b37518,0x00000000f0e00000)
  to   space 16384K, 0% used [0x00000000f4c80000,0x00000000f4c80000,0x00000000f5c80000)
 ParOldGen       total 59904K, used 39616K [0x00000000c0000000, 0x00000000c3a80000, 0x00000000eaa80000)
  object space 59904K, 66% used [0x00000000c0000000,0x00000000c26b00e0,0x00000000c3a80000)
 PSPermGen       total 21504K, used 7144K [0x00000000b5a00000, 0x00000000b6f00000, 0x00000000c0000000)
  object space 21504K, 33% used [0x00000000b5a00000,0x00000000b60fa228,0x00000000b6f00000)
}
Event: 13,218 GC heap before
{Heap before GC invocations=9 (full 1):
 PSYoungGen      total 101888K, used 97605K [0x00000000eaa80000, 0x00000000f5c80000, 0x0000000100000000)
  eden space 86528K, 98% used [0x00000000eaa80000,0x00000000efd9a1a8,0x00000000eff00000)
  from space 15360K, 81% used [0x00000000eff00000,0x00000000f0b37518,0x00000000f0e00000)
  to   space 16384K, 0% used [0x00000000f4c80000,0x00000000f4c80000,0x00000000f5c80000)
 ParOldGen       total 59904K, used 39616K [0x00000000c0000000, 0x00000000c3a80000, 0x00000000eaa80000)
  object space 59904K, 66% used [0x00000000c0000000,0x00000000c26b00e0,0x00000000c3a80000)
 PSPermGen       total 21504K, used 7239K [0x00000000b5a00000, 0x00000000b6f00000, 0x00000000c0000000)
  object space 21504K, 33% used [0x00000000b5a00000,0x00000000b6111e70,0x00000000b6f00000)
Event: 13,222 GC heap after
Heap after GC invocations=9 (full 1):
 PSYoungGen      total 157696K, used 3700K [0x00000000eaa80000, 0x00000000f5900000, 0x0000000100000000)
  eden space 144896K, 0% used [0x00000000eaa80000,0x00000000eaa80000,0x00000000f3800000)
  from space 12800K, 28% used [0x00000000f4c80000,0x00000000f501d2d8,0x00000000f5900000)
  to   space 16896K, 0% used [0x00000000f3800000,0x00000000f3800000,0x00000000f4880000)
 ParOldGen       total 59904K, used 40952K [0x00000000c0000000, 0x00000000c3a80000, 0x00000000eaa80000)
  object space 59904K, 68% used [0x00000000c0000000,0x00000000c27fe0b8,0x00000000c3a80000)
 PSPermGen       total 21504K, used 7239K [0x00000000b5a00000, 0x00000000b6f00000, 0x00000000c0000000)
  object space 21504K, 33% used [0x00000000b5a00000,0x00000000b6111e70,0x00000000b6f00000)
}
Event: 14,149 GC heap before
{Heap before GC invocations=10 (full 1):
 PSYoungGen      total 157696K, used 148596K [0x00000000eaa80000, 0x00000000f5900000, 0x0000000100000000)
  eden space 144896K, 100% used [0x00000000eaa80000,0x00000000f3800000,0x00000000f3800000)
  from space 12800K, 28% used [0x00000000f4c80000,0x00000000f501d2d8,0x00000000f5900000)
  to   space 16896K, 0% used [0x00000000f3800000,0x00000000f3800000,0x00000000f4880000)
 ParOldGen       total 59904K, used 40952K [0x00000000c0000000, 0x00000000c3a80000, 0x00000000eaa80000)
  object space 59904K, 68% used [0x00000000c0000000,0x00000000c27fe0b8,0x00000000c3a80000)
 PSPermGen       total 21504K, used 7247K [0x00000000b5a00000, 0x00000000b6f00000, 0x00000000c0000000)
  object space 21504K, 33% used [0x00000000b5a00000,0x00000000b6113da8,0x00000000b6f00000)
Event: 14,744 GC heap after
Heap after GC invocations=10 (full 1):
 PSYoungGen      total 161792K, used 16647K [0x00000000eaa80000, 0x00000000fa200000, 0x0000000100000000)
  eden space 144896K, 0% used [0x00000000eaa80000,0x00000000eaa80000,0x00000000f3800000)
  from space 16896K, 98% used [0x00000000f3800000,0x00000000f4841fd0,0x00000000f4880000)
  to   space 18944K, 0% used [0x00000000f8f80000,0x00000000f8f80000,0x00000000fa200000)
 ParOldGen       total 59904K, used 41814K [0x00000000c0000000, 0x00000000c3a80000, 0x00000000eaa80000)
  object space 59904K, 69% used [0x00000000c0000000,0x00000000c28d5998,0x00000000c3a80000)
 PSPermGen       total 21504K, used 7247K [0x00000000b5a00000, 0x00000000b6f00000, 0x00000000c0000000)
  object space 21504K, 33% used [0x00000000b5a00000,0x00000000b6113da8,0x00000000b6f00000)
}
Event: 14,956 GC heap before
{Heap before GC invocations=11 (full 1):
 PSYoungGen      total 161792K, used 161543K [0x00000000eaa80000, 0x00000000fa200000, 0x0000000100000000)
  eden space 144896K, 100% used [0x00000000eaa80000,0x00000000f3800000,0x00000000f3800000)
  from space 16896K, 98% used [0x00000000f3800000,0x00000000f4841fd0,0x00000000f4880000)
  to   space 18944K, 0% used [0x00000000f8f80000,0x00000000f8f80000,0x00000000fa200000)
 ParOldGen       total 59904K, used 41814K [0x00000000c0000000, 0x00000000c3a80000, 0x00000000eaa80000)
  object space 59904K, 69% used [0x00000000c0000000,0x00000000c28d5998,0x00000000c3a80000)
 PSPermGen       total 21504K, used 7251K [0x00000000b5a00000, 0x00000000b6f00000, 0x00000000c0000000)
  object space 21504K, 33% used [0x00000000b5a00000,0x00000000b6114cf8,0x00000000b6f00000)
Event: 15,048 GC heap after
Heap after GC invocations=11 (full 1):
 PSYoungGen      total 231936K, used 18929K [0x00000000eaa80000, 0x00000000fa980000, 0x0000000100000000)
  eden space 212992K, 0% used [0x00000000eaa80000,0x00000000eaa80000,0x00000000f7a80000)
  from space 18944K, 99% used [0x00000000f8f80000,0x00000000fa1fc4e0,0x00000000fa200000)
  to   space 21504K, 0% used [0x00000000f7a80000,0x00000000f7a80000,0x00000000f8f80000)
 ParOldGen       total 59904K, used 42150K [0x00000000c0000000, 0x00000000c3a80000, 0x00000000eaa80000)
  object space 59904K, 70% used [0x00000000c0000000,0x00000000c29299a8,0x00000000c3a80000)
 PSPermGen       total 21504K, used 7251K [0x00000000b5a00000, 0x00000000b6f00000, 0x00000000c0000000)
  object space 21504K, 33% used [0x00000000b5a00000,0x00000000b6114cf8,0x00000000b6f00000)
}
Event: 16,971 GC heap before
{Heap before GC invocations=12 (full 1):
 PSYoungGen      total 231936K, used 231921K [0x00000000eaa80000, 0x00000000fa980000, 0x0000000100000000)
  eden space 212992K, 100% used [0x00000000eaa80000,0x00000000f7a80000,0x00000000f7a80000)
  from space 18944K, 99% used [0x00000000f8f80000,0x00000000fa1fc4e0,0x00000000fa200000)
  to   space 21504K, 0% used [0x00000000f7a80000,0x00000000f7a80000,0x00000000f8f80000)
 ParOldGen       total 59904K, used 42150K [0x00000000c0000000, 0x00000000c3a80000, 0x00000000eaa80000)
  object space 59904K, 70% used [0x00000000c0000000,0x00000000c29299a8,0x00000000c3a80000)
 PSPermGen       total 21504K, used 7252K [0x00000000b5a00000, 0x00000000b6f00000, 0x00000000c0000000)
  object space 21504K, 33% used [0x00000000b5a00000,0x00000000b61152d0,0x00000000b6f00000)

Deoptimization events (10 events):
Event: 9,756 Thread 0x00007fd4dc00a000 Uncommon trap: reason=array_check action=maybe_recompile pc=0x00007fd4d8c3c83c method=java.util.TimSort.binarySort([Ljava/lang/Object;IIILjava/util/Comparator;)V @ 193
Event: 9,756 Thread 0x00007fd4dc00a000 Uncommon trap: reason=array_check action=maybe_recompile pc=0x00007fd4d8c3c83c method=java.util.TimSort.binarySort([Ljava/lang/Object;IIILjava/util/Comparator;)V @ 193
Event: 9,756 Thread 0x00007fd4dc00a000 Uncommon trap: reason=array_check action=maybe_recompile pc=0x00007fd4d8c3c74c method=java.util.TimSort.binarySort([Ljava/lang/Object;IIILjava/util/Comparator;)V @ 215
Event: 9,756 Thread 0x00007fd4dc00a000 Uncommon trap: reason=array_check action=maybe_recompile pc=0x00007fd4d8c3c83c method=java.util.TimSort.binarySort([Ljava/lang/Object;IIILjava/util/Comparator;)V @ 193
Event: 9,785 Thread 0x00007fd4dc00a000 Uncommon trap: reason=array_check action=maybe_recompile pc=0x00007fd4d8c41834 method=java.util.ComparableTimSort.binarySort([Ljava/lang/Object;III)V @ 215
Event: 10,055 Thread 0x00007fd4dc00a000 Uncommon trap: reason=array_check action=maybe_recompile pc=0x00007fd4d8c3fa6c method=java.util.TimSort.binarySort([Ljava/lang/Object;IIILjava/util/Comparator;)V @ 183
Event: 10,055 Thread 0x00007fd4dc00a000 Uncommon trap: reason=array_check action=maybe_recompile pc=0x00007fd4d8c3fa6c method=java.util.TimSort.binarySort([Ljava/lang/Object;IIILjava/util/Comparator;)V @ 183
Event: 11,849 Thread 0x00007fd4dc00a000 Uncommon trap: reason=array_check action=maybe_recompile pc=0x00007fd4d8c41834 method=java.util.ComparableTimSort.binarySort([Ljava/lang/Object;III)V @ 215
Event: 12,761 Thread 0x00007fd4dc00a000 Uncommon trap: reason=array_check action=maybe_recompile pc=0x00007fd4d8c499f0 method=java.util.ComparableTimSort.binarySort([Ljava/lang/Object;III)V @ 183
Event: 12,806 Thread 0x00007fd4dc00a000 Uncommon trap: reason=array_check action=maybe_recompile pc=0x00007fd4d8c499f0 method=java.util.ComparableTimSort.binarySort([Ljava/lang/Object;III)V @ 183

Internal exceptions (10 events):
Event: 8,682 Thread 0x00007fd4dc00a000 Threw 0x00000000eb56ddd0 at /build/buildd/openjdk-7-7u71-2.5.3/build/openjdk/hotspot/src/share/vm/prims/jvm.cpp:1284
Event: 8,683 Thread 0x00007fd4dc00a000 Threw 0x00000000eb5755e0 at /build/buildd/openjdk-7-7u71-2.5.3/build/openjdk/hotspot/src/share/vm/prims/jvm.cpp:1284
Event: 8,684 Thread 0x00007fd4dc00a000 Threw 0x00000000eb578170 at /build/buildd/openjdk-7-7u71-2.5.3/build/openjdk/hotspot/src/share/vm/prims/jvm.cpp:1284
Event: 8,988 Thread 0x00007fd4dc00a000 Threw 0x00000000ebd03030 at /build/buildd/openjdk-7-7u71-2.5.3/build/openjdk/hotspot/src/share/vm/prims/jvm.cpp:1284
Event: 8,988 Thread 0x00007fd4dc00a000 Threw 0x00000000ebd03158 at /build/buildd/openjdk-7-7u71-2.5.3/build/openjdk/hotspot/src/share/vm/prims/jvm.cpp:1284
Event: 8,988 Thread 0x00007fd4dc00a000 Threw 0x00000000ebd05808 at /build/buildd/openjdk-7-7u71-2.5.3/build/openjdk/hotspot/src/share/vm/prims/jvm.cpp:1284
Event: 8,988 Thread 0x00007fd4dc00a000 Threw 0x00000000ebd05930 at /build/buildd/openjdk-7-7u71-2.5.3/build/openjdk/hotspot/src/share/vm/prims/jvm.cpp:1284
Event: 8,988 Thread 0x00007fd4dc00a000 Threw 0x00000000ebd06330 at /build/buildd/openjdk-7-7u71-2.5.3/build/openjdk/hotspot/src/share/vm/prims/jvm.cpp:1284
Event: 8,988 Thread 0x00007fd4dc00a000 Threw 0x00000000ebd06458 at /build/buildd/openjdk-7-7u71-2.5.3/build/openjdk/hotspot/src/share/vm/prims/jvm.cpp:1284
Event: 9,240 Thread 0x00007fd4dc00a000 Threw 0x00000000ec403210 at /build/buildd/openjdk-7-7u71-2.5.3/build/openjdk/hotspot/src/share/vm/prims/jvm.cpp:1284

Events (10 events):
Event: 13,170 loading class 0x00007fd4e00587f0 done
Event: 13,218 Executing VM operation: ParallelGCFailedAllocation
Event: 13,222 Executing VM operation: ParallelGCFailedAllocation done
Event: 13,409 Thread 0x00007fd4dc175000 flushing nmethod 0x00007fd4d8b153d0
Event: 13,459 Thread 0x00007fd4dc172000 flushing nmethod 0x00007fd4d8be7d50
Event: 14,149 Executing VM operation: ParallelGCFailedAllocation
Event: 14,744 Executing VM operation: ParallelGCFailedAllocation done
Event: 14,956 Executing VM operation: ParallelGCFailedAllocation
Event: 15,048 Executing VM operation: ParallelGCFailedAllocation done
Event: 16,971 Executing VM operation: ParallelGCFailedAllocation


Dynamic libraries:
00400000-00401000 r-xp 00000000 08:06 1584066                            /usr/lib/jvm/java-7-openjdk-amd64/jre/bin/java
00600000-00601000 r--p 00000000 08:06 1584066                            /usr/lib/jvm/java-7-openjdk-amd64/jre/bin/java
00601000-00602000 rw-p 00001000 08:06 1584066                            /usr/lib/jvm/java-7-openjdk-amd64/jre/bin/java
006fd000-0071e000 rw-p 00000000 00:00 0                                  [heap]
b5a00000-b6f00000 rw-p 00000000 00:00 0 
b6f00000-c0000000 rw-p 00000000 00:00 0 
c0000000-c3f80000 rw-p 00000000 00:00 0 
c3f80000-eaa80000 rw-p 00000000 00:00 0 
eaa80000-fa980000 rw-p 00000000 00:00 0 
7fd49c000000-7fd49c021000 rw-p 00000000 00:00 0 
7fd49c021000-7fd4a0000000 ---p 00000000 00:00 0 
7fd4a4000000-7fd4a546b000 rw-p 00000000 00:00 0 
7fd4a546b000-7fd4a8000000 ---p 00000000 00:00 0 
7fd4a8000000-7fd4a8021000 rw-p 00000000 00:00 0 
7fd4a8021000-7fd4ac000000 ---p 00000000 00:00 0 
7fd4ac000000-7fd4ac021000 rw-p 00000000 00:00 0 
7fd4ac021000-7fd4b0000000 ---p 00000000 00:00 0 
7fd4b0000000-7fd4b0eb0000 rw-p 00000000 00:00 0 
7fd4b0eb0000-7fd4b4000000 ---p 00000000 00:00 0 
7fd4b4000000-7fd4b4021000 rw-p 00000000 00:00 0 
7fd4b4021000-7fd4b8000000 ---p 00000000 00:00 0 
7fd4b8000000-7fd4b8021000 rw-p 00000000 00:00 0 
7fd4b8021000-7fd4bc000000 ---p 00000000 00:00 0 
7fd4bc000000-7fd4bc021000 rw-p 00000000 00:00 0 
7fd4bc021000-7fd4c0000000 ---p 00000000 00:00 0 
7fd4c0000000-7fd4c0243000 rw-p 00000000 00:00 0 
7fd4c0243000-7fd4c4000000 ---p 00000000 00:00 0 
7fd4c4000000-7fd4c4021000 rw-p 00000000 00:00 0 
7fd4c4021000-7fd4c8000000 ---p 00000000 00:00 0 
7fd4ca036000-7fd4ca073000 r-xp 00000000 08:06 2232416                    /lib/x86_64-linux-gnu/libpcre.so.3.13.1
7fd4ca073000-7fd4ca272000 ---p 0003d000 08:06 2232416                    /lib/x86_64-linux-gnu/libpcre.so.3.13.1
7fd4ca272000-7fd4ca273000 r--p 0003c000 08:06 2232416                    /lib/x86_64-linux-gnu/libpcre.so.3.13.1
7fd4ca273000-7fd4ca274000 rw-p 0003d000 08:06 2232416                    /lib/x86_64-linux-gnu/libpcre.so.3.13.1
7fd4ca274000-7fd4ca27b000 r-xp 00000000 08:06 1451072                    /usr/lib/x86_64-linux-gnu/libffi.so.6.0.1
7fd4ca27b000-7fd4ca47a000 ---p 00007000 08:06 1451072                    /usr/lib/x86_64-linux-gnu/libffi.so.6.0.1
7fd4ca47a000-7fd4ca47b000 r--p 00006000 08:06 1451072                    /usr/lib/x86_64-linux-gnu/libffi.so.6.0.1
7fd4ca47b000-7fd4ca47c000 rw-p 00007000 08:06 1451072                    /usr/lib/x86_64-linux-gnu/libffi.so.6.0.1
7fd4ca47c000-7fd4ca493000 r-xp 00000000 08:06 2237559                    /lib/x86_64-linux-gnu/libresolv-2.19.so
7fd4ca493000-7fd4ca693000 ---p 00017000 08:06 2237559                    /lib/x86_64-linux-gnu/libresolv-2.19.so
7fd4ca693000-7fd4ca694000 r--p 00017000 08:06 2237559                    /lib/x86_64-linux-gnu/libresolv-2.19.so
7fd4ca694000-7fd4ca695000 rw-p 00018000 08:06 2237559                    /lib/x86_64-linux-gnu/libresolv-2.19.so
7fd4ca695000-7fd4ca697000 rw-p 00000000 00:00 0 
7fd4ca697000-7fd4ca6b7000 r-xp 00000000 08:06 2232443                    /lib/x86_64-linux-gnu/libselinux.so.1
7fd4ca6b7000-7fd4ca8b6000 ---p 00020000 08:06 2232443                    /lib/x86_64-linux-gnu/libselinux.so.1
7fd4ca8b6000-7fd4ca8b7000 r--p 0001f000 08:06 2232443                    /lib/x86_64-linux-gnu/libselinux.so.1
7fd4ca8b7000-7fd4ca8b8000 rw-p 00020000 08:06 2232443                    /lib/x86_64-linux-gnu/libselinux.so.1
7fd4ca8b8000-7fd4ca8ba000 rw-p 00000000 00:00 0 
7fd4ca8ba000-7fd4ca8bd000 r-xp 00000000 08:06 1442156                    /usr/lib/x86_64-linux-gnu/libgmodule-2.0.so.0.4002.0
7fd4ca8bd000-7fd4caabc000 ---p 00003000 08:06 1442156                    /usr/lib/x86_64-linux-gnu/libgmodule-2.0.so.0.4002.0
7fd4caabc000-7fd4caabd000 r--p 00002000 08:06 1442156                    /usr/lib/x86_64-linux-gnu/libgmodule-2.0.so.0.4002.0
7fd4caabd000-7fd4caabe000 rw-p 00003000 08:06 1442156                    /usr/lib/x86_64-linux-gnu/libgmodule-2.0.so.0.4002.0
7fd4caabe000-7fd4cabc4000 r-xp 00000000 08:06 2239090                    /lib/x86_64-linux-gnu/libglib-2.0.so.0.4002.0
7fd4cabc4000-7fd4cadc3000 ---p 00106000 08:06 2239090                    /lib/x86_64-linux-gnu/libglib-2.0.so.0.4002.0
7fd4cadc3000-7fd4cadc4000 r--p 00105000 08:06 2239090                    /lib/x86_64-linux-gnu/libglib-2.0.so.0.4002.0
7fd4cadc4000-7fd4cadc5000 rw-p 00106000 08:06 2239090                    /lib/x86_64-linux-gnu/libglib-2.0.so.0.4002.0
7fd4cadc5000-7fd4cadc6000 rw-p 00000000 00:00 0 
7fd4cadc6000-7fd4cae15000 r-xp 00000000 08:06 1442174                    /usr/lib/x86_64-linux-gnu/libgobject-2.0.so.0.4002.0
7fd4cae15000-7fd4cb015000 ---p 0004f000 08:06 1442174                    /usr/lib/x86_64-linux-gnu/libgobject-2.0.so.0.4002.0
7fd4cb015000-7fd4cb016000 r--p 0004f000 08:06 1442174                    /usr/lib/x86_64-linux-gnu/libgobject-2.0.so.0.4002.0
7fd4cb016000-7fd4cb017000 rw-p 00050000 08:06 1442174                    /usr/lib/x86_64-linux-gnu/libgobject-2.0.so.0.4002.0
7fd4cb017000-7fd4cb183000 r-xp 00000000 08:06 1442178                    /usr/lib/x86_64-linux-gnu/libgio-2.0.so.0.4002.0
7fd4cb183000-7fd4cb382000 ---p 0016c000 08:06 1442178                    /usr/lib/x86_64-linux-gnu/libgio-2.0.so.0.4002.0
7fd4cb382000-7fd4cb386000 r--p 0016b000 08:06 1442178                    /usr/lib/x86_64-linux-gnu/libgio-2.0.so.0.4002.0
7fd4cb386000-7fd4cb388000 rw-p 0016f000 08:06 1442178                    /usr/lib/x86_64-linux-gnu/libgio-2.0.so.0.4002.0
7fd4cb388000-7fd4cb38a000 rw-p 00000000 00:00 0 
7fd4cb38a000-7fd4cb3a1000 r-xp 00000000 08:06 1455285                    /usr/lib/jvm/java-7-openjdk-amd64/jre/lib/amd64/libnet.so
7fd4cb3a1000-7fd4cb5a0000 ---p 00017000 08:06 1455285                    /usr/lib/jvm/java-7-openjdk-amd64/jre/lib/amd64/libnet.so
7fd4cb5a0000-7fd4cb5a1000 r--p 00016000 08:06 1455285                    /usr/lib/jvm/java-7-openjdk-amd64/jre/lib/amd64/libnet.so
7fd4cb5a1000-7fd4cb5a2000 rw-p 00017000 08:06 1455285                    /usr/lib/jvm/java-7-openjdk-amd64/jre/lib/amd64/libnet.so
7fd4cb5a2000-7fd4cb5b2000 r-xp 00000000 08:06 1455300                    /usr/lib/jvm/java-7-openjdk-amd64/jre/lib/amd64/libnio.so
7fd4cb5b2000-7fd4cb7b2000 ---p 00010000 08:06 1455300                    /usr/lib/jvm/java-7-openjdk-amd64/jre/lib/amd64/libnio.so
7fd4cb7b2000-7fd4cb7b3000 r--p 00010000 08:06 1455300                    /usr/lib/jvm/java-7-openjdk-amd64/jre/lib/amd64/libnio.so
7fd4cb7b3000-7fd4cb7b4000 rw-p 00011000 08:06 1455300                    /usr/lib/jvm/java-7-openjdk-amd64/jre/lib/amd64/libnio.so
7fd4cb7b4000-7fd4cc000000 r--p 00000000 08:06 1449661                    /usr/lib/locale/locale-archive
7fd4cc000000-7fd4cc021000 rw-p 00000000 00:00 0 
7fd4cc021000-7fd4d0000000 ---p 00000000 00:00 0 
7fd4d00ed000-7fd4d011d000 r--p 00000000 08:06 2387679                    /usr/share/locale-langpack/uk/LC_MESSAGES/libc.mo
7fd4d011d000-7fd4d011e000 ---p 00000000 00:00 0 
7fd4d011e000-7fd4d021e000 rw-p 00000000 00:00 0                          [stack:7956]
7fd4d021e000-7fd4d0221000 ---p 00000000 00:00 0 
7fd4d0221000-7fd4d031f000 rw-p 00000000 00:00 0                          [stack:7955]
7fd4d031f000-7fd4d0322000 ---p 00000000 00:00 0 
7fd4d0322000-7fd4d0420000 rw-p 00000000 00:00 0                          [stack:7954]
7fd4d0420000-7fd4d0423000 ---p 00000000 00:00 0 
7fd4d0423000-7fd4d0521000 rw-p 00000000 00:00 0                          [stack:7953]
7fd4d0521000-7fd4d0524000 ---p 00000000 00:00 0 
7fd4d0524000-7fd4d0622000 rw-p 00000000 00:00 0                          [stack:7952]
7fd4d0622000-7fd4d0625000 ---p 00000000 00:00 0 
7fd4d0625000-7fd4d0723000 rw-p 00000000 00:00 0                          [stack:7951]
7fd4d0723000-7fd4d0726000 ---p 00000000 00:00 0 
7fd4d0726000-7fd4d0824000 rw-p 00000000 00:00 0                          [stack:7950]
7fd4d0824000-7fd4d0825000 ---p 00000000 00:00 0 
7fd4d0825000-7fd4d4000000 rw-p 00000000 00:00 0                          [stack:7949]
7fd4d4000000-7fd4d4021000 rw-p 00000000 00:00 0 
7fd4d4021000-7fd4d8000000 ---p 00000000 00:00 0 
7fd4d800a000-7fd4d81bb000 r--s 01d25000 08:06 1455343                    /usr/lib/jvm/java-7-openjdk-amd64/jre/lib/rt.jar
7fd4d81bb000-7fd4d8231000 rw-p 00000000 00:00 0 
7fd4d8231000-7fd4d8232000 ---p 00000000 00:00 0 
7fd4d8232000-7fd4d8332000 rw-p 00000000 00:00 0                          [stack:7948]
7fd4d8332000-7fd4d8333000 ---p 00000000 00:00 0 
7fd4d8333000-7fd4d8433000 rw-p 00000000 00:00 0                          [stack:7947]
7fd4d8433000-7fd4d8434000 ---p 00000000 00:00 0 
7fd4d8434000-7fd4d8534000 rw-p 00000000 00:00 0                          [stack:7946]
7fd4d8534000-7fd4d8535000 ---p 00000000 00:00 0 
7fd4d8535000-7fd4d8655000 rw-p 00000000 00:00 0                          [stack:7945]
7fd4d8655000-7fd4d878b000 rw-p 00000000 00:00 0 
7fd4d878b000-7fd4d8796000 rw-p 00000000 00:00 0 
7fd4d8796000-7fd4d87de000 rw-p 00000000 00:00 0 
7fd4d87de000-7fd4d87fe000 rw-p 00000000 00:00 0 
7fd4d87fe000-7fd4d8933000 rw-p 00000000 00:00 0 
7fd4d8933000-7fd4d89b3000 rw-p 00000000 00:00 0 
7fd4d89b3000-7fd4d89de000 rw-p 00000000 00:00 0 
7fd4d89de000-7fd4d89df000 rw-p 00000000 00:00 0 
7fd4d89df000-7fd4d8c9f000 rwxp 00000000 00:00 0 
7fd4d8c9f000-7fd4db9df000 rw-p 00000000 00:00 0 
7fd4db9df000-7fd4db9e7000 r-xp 00000000 08:06 1455279                    /usr/lib/jvm/java-7-openjdk-amd64/jre/lib/amd64/libzip.so
7fd4db9e7000-7fd4dbbe6000 ---p 00008000 08:06 1455279                    /usr/lib/jvm/java-7-openjdk-amd64/jre/lib/amd64/libzip.so
7fd4dbbe6000-7fd4dbbe7000 r--p 00007000 08:06 1455279                    /usr/lib/jvm/java-7-openjdk-amd64/jre/lib/amd64/libzip.so
7fd4dbbe7000-7fd4dbbe8000 rw-p 00008000 08:06 1455279                    /usr/lib/jvm/java-7-openjdk-amd64/jre/lib/amd64/libzip.so
7fd4dbbe8000-7fd4dbbf3000 r-xp 00000000 08:06 2237573                    /lib/x86_64-linux-gnu/libnss_files-2.19.so
7fd4dbbf3000-7fd4dbdf2000 ---p 0000b000 08:06 2237573                    /lib/x86_64-linux-gnu/libnss_files-2.19.so
7fd4dbdf2000-7fd4dbdf3000 r--p 0000a000 08:06 2237573                    /lib/x86_64-linux-gnu/libnss_files-2.19.so
7fd4dbdf3000-7fd4dbdf4000 rw-p 0000b000 08:06 2237573                    /lib/x86_64-linux-gnu/libnss_files-2.19.so
7fd4dbdf4000-7fd4dbdff000 r-xp 00000000 08:06 2237574                    /lib/x86_64-linux-gnu/libnss_nis-2.19.so
7fd4dbdff000-7fd4dbffe000 ---p 0000b000 08:06 2237574                    /lib/x86_64-linux-gnu/libnss_nis-2.19.so
7fd4dbffe000-7fd4dbfff000 r--p 0000a000 08:06 2237574                    /lib/x86_64-linux-gnu/libnss_nis-2.19.so
7fd4dbfff000-7fd4dc000000 rw-p 0000b000 08:06 2237574                    /lib/x86_64-linux-gnu/libnss_nis-2.19.so
7fd4dc000000-7fd4dc352000 rw-p 00000000 00:00 0 
7fd4dc352000-7fd4e0000000 ---p 00000000 00:00 0 
7fd4e0010000-7fd4e0017000 r--s 00000000 08:06 1710979                    /usr/lib/x86_64-linux-gnu/gconv/gconv-modules.cache
7fd4e0017000-7fd4e001c000 r--s 0004c000 08:06 1455321                    /usr/lib/jvm/java-7-openjdk-amd64/jre/lib/jsse.jar
7fd4e001c000-7fd4e002a000 r--s 000dc000 08:06 1180921                    /opt/android-studio/sdk/build-tools/21.0.1/lib/dx.jar
7fd4e002a000-7fd4e0090000 rw-p 00000000 00:00 0 
7fd4e0090000-7fd4e00d8000 rw-p 00000000 00:00 0 
7fd4e00d8000-7fd4e00ef000 r-xp 00000000 08:06 2237560                    /lib/x86_64-linux-gnu/libnsl-2.19.so
7fd4e00ef000-7fd4e02ee000 ---p 00017000 08:06 2237560                    /lib/x86_64-linux-gnu/libnsl-2.19.so
7fd4e02ee000-7fd4e02ef000 r--p 00016000 08:06 2237560                    /lib/x86_64-linux-gnu/libnsl-2.19.so
7fd4e02ef000-7fd4e02f0000 rw-p 00017000 08:06 2237560                    /lib/x86_64-linux-gnu/libnsl-2.19.so
7fd4e02f0000-7fd4e02f2000 rw-p 00000000 00:00 0 
7fd4e02f2000-7fd4e02fb000 r-xp 00000000 08:06 2237557                    /lib/x86_64-linux-gnu/libnss_compat-2.19.so
7fd4e02fb000-7fd4e04fa000 ---p 00009000 08:06 2237557                    /lib/x86_64-linux-gnu/libnss_compat-2.19.so
7fd4e04fa000-7fd4e04fb000 r--p 00008000 08:06 2237557                    /lib/x86_64-linux-gnu/libnss_compat-2.19.so
7fd4e04fb000-7fd4e04fc000 rw-p 00009000 08:06 2237557                    /lib/x86_64-linux-gnu/libnss_compat-2.19.so
7fd4e04fc000-7fd4e0527000 r-xp 00000000 08:06 1455284                    /usr/lib/jvm/java-7-openjdk-amd64/jre/lib/amd64/libjava.so
7fd4e0527000-7fd4e0726000 ---p 0002b000 08:06 1455284                    /usr/lib/jvm/java-7-openjdk-amd64/jre/lib/amd64/libjava.so
7fd4e0726000-7fd4e0727000 r--p 0002a000 08:06 1455284                    /usr/lib/jvm/java-7-openjdk-amd64/jre/lib/amd64/libjava.so
7fd4e0727000-7fd4e0729000 rw-p 0002b000 08:06 1455284                    /usr/lib/jvm/java-7-openjdk-amd64/jre/lib/amd64/libjava.so
7fd4e0729000-7fd4e0739000 r-xp 00000000 08:06 1455299                    /usr/lib/jvm/java-7-openjdk-amd64/jre/lib/amd64/libverify.so
7fd4e0739000-7fd4e0938000 ---p 00010000 08:06 1455299                    /usr/lib/jvm/java-7-openjdk-amd64/jre/lib/amd64/libverify.so
7fd4e0938000-7fd4e093a000 r--p 0000f000 08:06 1455299                    /usr/lib/jvm/java-7-openjdk-amd64/jre/lib/amd64/libverify.so
7fd4e093a000-7fd4e093b000 rw-p 00011000 08:06 1455299                    /usr/lib/jvm/java-7-openjdk-amd64/jre/lib/amd64/libverify.so
7fd4e093b000-7fd4e0942000 r-xp 00000000 08:06 2237562                    /lib/x86_64-linux-gnu/librt-2.19.so
7fd4e0942000-7fd4e0b41000 ---p 00007000 08:06 2237562                    /lib/x86_64-linux-gnu/librt-2.19.so
7fd4e0b41000-7fd4e0b42000 r--p 00006000 08:06 2237562                    /lib/x86_64-linux-gnu/librt-2.19.so
7fd4e0b42000-7fd4e0b43000 rw-p 00007000 08:06 2237562                    /lib/x86_64-linux-gnu/librt-2.19.so
7fd4e0b43000-7fd4e0b59000 r-xp 00000000 08:06 2232319                    /lib/x86_64-linux-gnu/libgcc_s.so.1
7fd4e0b59000-7fd4e0d58000 ---p 00016000 08:06 2232319                    /lib/x86_64-linux-gnu/libgcc_s.so.1
7fd4e0d58000-7fd4e0d59000 rw-p 00015000 08:06 2232319                    /lib/x86_64-linux-gnu/libgcc_s.so.1
7fd4e0d59000-7fd4e0e5e000 r-xp 00000000 08:06 2237569                    /lib/x86_64-linux-gnu/libm-2.19.so
7fd4e0e5e000-7fd4e105d000 ---p 00105000 08:06 2237569                    /lib/x86_64-linux-gnu/libm-2.19.so
7fd4e105d000-7fd4e105e000 r--p 00104000 08:06 2237569                    /lib/x86_64-linux-gnu/libm-2.19.so
7fd4e105e000-7fd4e105f000 rw-p 00105000 08:06 2237569                    /lib/x86_64-linux-gnu/libm-2.19.so
7fd4e105f000-7fd4e1145000 r-xp 00000000 08:06 1451700                    /usr/lib/x86_64-linux-gnu/libstdc++.so.6.0.19
7fd4e1145000-7fd4e1344000 ---p 000e6000 08:06 1451700                    /usr/lib/x86_64-linux-gnu/libstdc++.so.6.0.19
7fd4e1344000-7fd4e134c000 r--p 000e5000 08:06 1451700                    /usr/lib/x86_64-linux-gnu/libstdc++.so.6.0.19
7fd4e134c000-7fd4e134e000 rw-p 000ed000 08:06 1451700                    /usr/lib/x86_64-linux-gnu/libstdc++.so.6.0.19
7fd4e134e000-7fd4e1363000 rw-p 00000000 00:00 0 
7fd4e1363000-7fd4e1e79000 r-xp 00000000 08:06 1584041                    /usr/lib/jvm/java-7-openjdk-amd64/jre/lib/amd64/server/libjvm.so
7fd4e1e79000-7fd4e2078000 ---p 00b16000 08:06 1584041                    /usr/lib/jvm/java-7-openjdk-amd64/jre/lib/amd64/server/libjvm.so
7fd4e2078000-7fd4e2112000 r--p 00b15000 08:06 1584041                    /usr/lib/jvm/java-7-openjdk-amd64/jre/lib/amd64/server/libjvm.so
7fd4e2112000-7fd4e2135000 rw-p 00baf000 08:06 1584041                    /usr/lib/jvm/java-7-openjdk-amd64/jre/lib/amd64/server/libjvm.so
7fd4e2135000-7fd4e2163000 rw-p 00000000 00:00 0 
7fd4e2163000-7fd4e217b000 r-xp 00000000 08:06 2232476                    /lib/x86_64-linux-gnu/libz.so.1.2.8
7fd4e217b000-7fd4e237a000 ---p 00018000 08:06 2232476                    /lib/x86_64-linux-gnu/libz.so.1.2.8
7fd4e237a000-7fd4e237b000 r--p 00017000 08:06 2232476                    /lib/x86_64-linux-gnu/libz.so.1.2.8
7fd4e237b000-7fd4e237c000 rw-p 00018000 08:06 2232476                    /lib/x86_64-linux-gnu/libz.so.1.2.8
7fd4e237c000-7fd4e2395000 r-xp 00000000 08:06 2237579                    /lib/x86_64-linux-gnu/libpthread-2.19.so
7fd4e2395000-7fd4e2594000 ---p 00019000 08:06 2237579                    /lib/x86_64-linux-gnu/libpthread-2.19.so
7fd4e2594000-7fd4e2595000 r--p 00018000 08:06 2237579                    /lib/x86_64-linux-gnu/libpthread-2.19.so
7fd4e2595000-7fd4e2596000 rw-p 00019000 08:06 2237579                    /lib/x86_64-linux-gnu/libpthread-2.19.so
7fd4e2596000-7fd4e259a000 rw-p 00000000 00:00 0 
7fd4e259a000-7fd4e259d000 r-xp 00000000 08:06 2237578                    /lib/x86_64-linux-gnu/libdl-2.19.so
7fd4e259d000-7fd4e279c000 ---p 00003000 08:06 2237578                    /lib/x86_64-linux-gnu/libdl-2.19.so
7fd4e279c000-7fd4e279d000 r--p 00002000 08:06 2237578                    /lib/x86_64-linux-gnu/libdl-2.19.so
7fd4e279d000-7fd4e279e000 rw-p 00003000 08:06 2237578                    /lib/x86_64-linux-gnu/libdl-2.19.so
7fd4e279e000-7fd4e2959000 r-xp 00000000 08:06 2237566                    /lib/x86_64-linux-gnu/libc-2.19.so
7fd4e2959000-7fd4e2b59000 ---p 001bb000 08:06 2237566                    /lib/x86_64-linux-gnu/libc-2.19.so
7fd4e2b59000-7fd4e2b5d000 r--p 001bb000 08:06 2237566                    /lib/x86_64-linux-gnu/libc-2.19.so
7fd4e2b5d000-7fd4e2b5f000 rw-p 001bf000 08:06 2237566                    /lib/x86_64-linux-gnu/libc-2.19.so
7fd4e2b5f000-7fd4e2b64000 rw-p 00000000 00:00 0 
7fd4e2b64000-7fd4e2b71000 r-xp 00000000 08:06 1584039                    /usr/lib/jvm/java-7-openjdk-amd64/jre/lib/amd64/jli/libjli.so
7fd4e2b71000-7fd4e2d70000 ---p 0000d000 08:06 1584039                    /usr/lib/jvm/java-7-openjdk-amd64/jre/lib/amd64/jli/libjli.so
7fd4e2d70000-7fd4e2d71000 r--p 0000c000 08:06 1584039                    /usr/lib/jvm/java-7-openjdk-amd64/jre/lib/amd64/jli/libjli.so
7fd4e2d71000-7fd4e2d72000 rw-p 0000d000 08:06 1584039                    /usr/lib/jvm/java-7-openjdk-amd64/jre/lib/amd64/jli/libjli.so
7fd4e2d72000-7fd4e2d95000 r-xp 00000000 08:06 2237567                    /lib/x86_64-linux-gnu/ld-2.19.so
7fd4e2d95000-7fd4e2db8000 rw-p 00000000 00:00 0 
7fd4e2db8000-7fd4e2e6d000 rw-p 00000000 00:00 0 
7fd4e2e6d000-7fd4e2e70000 ---p 00000000 00:00 0 
7fd4e2e70000-7fd4e2f74000 rw-p 00000000 00:00 0                          [stack:7943]
7fd4e2f74000-7fd4e2f78000 r--s 00085000 08:06 1455340                    /usr/lib/jvm/java-7-openjdk-amd64/jre/lib/ext/localedata.jar
7fd4e2f78000-7fd4e2f7b000 r--s 0000f000 08:06 1455336                    /usr/lib/jvm/java-7-openjdk-amd64/jre/lib/ext/icedtea-sound.jar
7fd4e2f7b000-7fd4e2f7f000 r--s 00034000 08:06 1455341                    /usr/lib/jvm/java-7-openjdk-amd64/jre/lib/ext/sunjce_provider.jar
7fd4e2f7f000-7fd4e2f81000 r--s 00012000 08:06 1455337                    /usr/lib/jvm/java-7-openjdk-amd64/jre/lib/ext/zipfs.jar
7fd4e2f81000-7fd4e2f85000 r--s 0003c000 08:06 1455339                    /usr/lib/jvm/java-7-openjdk-amd64/jre/lib/ext/sunpkcs11.jar
7fd4e2f85000-7fd4e2f87000 r--s 00006000 08:06 1851433                    /usr/share/java/java-atk-wrapper.jar
7fd4e2f87000-7fd4e2f88000 r--s 00002000 08:06 1455342                    /usr/lib/jvm/java-7-openjdk-amd64/jre/lib/ext/dnsns.jar
7fd4e2f88000-7fd4e2f90000 rw-s 00000000 08:06 1196794                    /tmp/hsperfdata_gigamole/7933
7fd4e2f90000-7fd4e2f91000 rw-p 00000000 00:00 0 
7fd4e2f91000-7fd4e2f92000 ---p 00000000 00:00 0 
7fd4e2f92000-7fd4e2f94000 rw-p 00000000 00:00 0 
7fd4e2f94000-7fd4e2f95000 r--p 00022000 08:06 2237567                    /lib/x86_64-linux-gnu/ld-2.19.so
7fd4e2f95000-7fd4e2f96000 rw-p 00023000 08:06 2237567                    /lib/x86_64-linux-gnu/ld-2.19.so
7fd4e2f96000-7fd4e2f97000 rw-p 00000000 00:00 0 
7fffe5c03000-7fffe5c24000 rw-p 00000000 00:00 0                          [stack]
7fffe5d2b000-7fffe5d2d000 r-xp 00000000 00:00 0                          [vdso]
ffffffffff600000-ffffffffff601000 r-xp 00000000 00:00 0                  [vsyscall]

VM Arguments:
jvm_args: -Xmx1024M 
java_command: /opt/android-studio/sdk/build-tools/21.0.1/lib/dx.jar --dex --no-optimize --output /home/gigamole/Projects/tif/tif/app/build/intermediates/dex/debug --input-list=/home/gigamole/Projects/tif/tif/app/build/intermediates/tmp/dex/debug/inputList.txt
Launcher Type: SUN_STANDARD

Environment Variables:
JAVA_HOME=/usr/lib/jvm/jdk1.7.0
CLASSPATH=/opt/android-studio/bin/../lib/bootstrap.jar:/opt/android-studio/bin/../lib/extensions.jar:/opt/android-studio/bin/../lib/util.jar:/opt/android-studio/bin/../lib/jdom.jar:/opt/android-studio/bin/../lib/log4j.jar:/opt/android-studio/bin/../lib/trove4j.jar:/opt/android-studio/bin/../lib/jna.jar:/usr/lib/jvm/java-7-openjdk-amd64/lib/tools.jar
PATH=/usr/local/sbin:/usr/local/bin:/usr/sbin:/usr/bin:/sbin:/bin:/usr/games:/usr/local/games:/home/gigamole/bin:/usr/lib/jvm/jdk1.7.0/bin
LD_LIBRARY_PATH=/opt/android-studio/bin:
SHELL=/bin/bash
DISPLAY=:0

Signal Handlers:
SIGSEGV: [libjvm.so+0x9495e0], sa_mask[0]=0x7ffbfeff, sa_flags=0x10000004
SIGBUS: [libjvm.so+0x9495e0], sa_mask[0]=0x7ffbfeff, sa_flags=0x10000004
SIGFPE: [libjvm.so+0x7c3410], sa_mask[0]=0x7ffbfeff, sa_flags=0x10000004
SIGPIPE: [libjvm.so+0x7c3410], sa_mask[0]=0x7ffbfeff, sa_flags=0x10000004
SIGXFSZ: [libjvm.so+0x7c3410], sa_mask[0]=0x7ffbfeff, sa_flags=0x10000004
SIGILL: [libjvm.so+0x7c3410], sa_mask[0]=0x7ffbfeff, sa_flags=0x10000004
SIGUSR1: SIG_DFL, sa_mask[0]=0x00000000, sa_flags=0x00000000
SIGUSR2: [libjvm.so+0x7c32b0], sa_mask[0]=0x00000004, sa_flags=0x10000004
SIGHUP: [libjvm.so+0x7c3490], sa_mask[0]=0x7ffbfeff, sa_flags=0x10000004
SIGINT: [libjvm.so+0x7c3490], sa_mask[0]=0x7ffbfeff, sa_flags=0x10000004
SIGTERM: [libjvm.so+0x7c3490], sa_mask[0]=0x7ffbfeff, sa_flags=0x10000004
SIGQUIT: [libjvm.so+0x7c3490], sa_mask[0]=0x7ffbfeff, sa_flags=0x10000004
SIGTRAP: SIG_DFL, sa_mask[0]=0x00000000, sa_flags=0x00000000


---------------  S Y S T E M  ---------------

OS:Ubuntu 14.04 (trusty)
uname:Linux 3.13.0-37-generic #64-Ubuntu SMP Mon Sep 22 21:28:38 UTC 2014 x86_64
libc:glibc 2.19 NPTL 2.19 
rlimit: STACK 8192k, CORE 0k, NPROC 26792, NOFILE 4096, AS infinity
load average:3,79 1,57 1,11

/proc/meminfo:
MemTotal:        3459312 kB
MemFree:          106368 kB
Buffers:             536 kB
Cached:           225448 kB
SwapCached:        31532 kB
Active:          2260572 kB
Inactive:         908124 kB
Active(anon):    2253592 kB
Inactive(anon):   890360 kB
Active(file):       6980 kB
Inactive(file):    17764 kB
Unevictable:          32 kB
Mlocked:              32 kB
SwapTotal:        999420 kB
SwapFree:           2896 kB
Dirty:               208 kB
Writeback:             0 kB
AnonPages:       2911708 kB
Mapped:            30440 kB
Shmem:            200896 kB
Slab:              71472 kB
SReclaimable:      35672 kB
SUnreclaim:        35800 kB
KernelStack:        5328 kB
PageTables:        40900 kB
NFS_Unstable:          0 kB
Bounce:                0 kB
WritebackTmp:          0 kB
CommitLimit:     2729076 kB
Committed_AS:    8094748 kB
VmallocTotal:   34359738367 kB
VmallocUsed:      545396 kB
VmallocChunk:   34359188248 kB
HardwareCorrupted:     0 kB
AnonHugePages:    940032 kB
HugePages_Total:       0
HugePages_Free:        0
HugePages_Rsvd:        0
HugePages_Surp:        0
Hugepagesize:       2048 kB
DirectMap4k:       85504 kB
DirectMap2M:     3512320 kB
DirectMap1G:           0 kB


CPU:total 4 (2 cores per cpu, 2 threads per core) family 6 model 60 stepping 3, cmov, cx8, fxsr, mmx, sse, sse2, sse3, ssse3, sse4.1, sse4.2, popcnt, avx, avx2, aes, erms, ht, tsc, tscinvbit

/proc/cpuinfo:
processor	: 0
vendor_id	: GenuineIntel
cpu family	: 6
model		: 60
model name	: Intel(R) Core(TM) i5-4300M CPU @ 2.60GHz
stepping	: 3
microcode	: 0x16
cpu MHz		: 800.000
cache size	: 3072 KB
physical id	: 0
siblings	: 4
core id		: 0
cpu cores	: 2
apicid		: 0
initial apicid	: 0
fpu		: yes
fpu_exception	: yes
cpuid level	: 13
wp		: yes
flags		: fpu vme de pse tsc msr pae mce cx8 apic sep mtrr pge mca cmov pat pse36 clflush dts acpi mmx fxsr sse sse2 ss ht tm pbe syscall nx pdpe1gb rdtscp lm constant_tsc arch_perfmon pebs bts rep_good nopl xtopology nonstop_tsc aperfmperf eagerfpu pni pclmulqdq dtes64 monitor ds_cpl vmx smx est tm2 ssse3 fma cx16 xtpr pdcm pcid sse4_1 sse4_2 x2apic movbe popcnt tsc_deadline_timer aes xsave avx f16c rdrand lahf_lm abm ida arat epb xsaveopt pln pts dtherm tpr_shadow vnmi flexpriority ept vpid fsgsbase tsc_adjust bmi1 hle avx2 smep bmi2 erms invpcid rtm
bogomips	: 5188.40
clflush size	: 64
cache_alignment	: 64
address sizes	: 39 bits physical, 48 bits virtual
power management:

processor	: 1
vendor_id	: GenuineIntel
cpu family	: 6
model		: 60
model name	: Intel(R) Core(TM) i5-4300M CPU @ 2.60GHz
stepping	: 3
microcode	: 0x16
cpu MHz		: 800.000
cache size	: 3072 KB
physical id	: 0
siblings	: 4
core id		: 0
cpu cores	: 2
apicid		: 1
initial apicid	: 1
fpu		: yes
fpu_exception	: yes
cpuid level	: 13
wp		: yes
flags		: fpu vme de pse tsc msr pae mce cx8 apic sep mtrr pge mca cmov pat pse36 clflush dts acpi mmx fxsr sse sse2 ss ht tm pbe syscall nx pdpe1gb rdtscp lm constant_tsc arch_perfmon pebs bts rep_good nopl xtopology nonstop_tsc aperfmperf eagerfpu pni pclmulqdq dtes64 monitor ds_cpl vmx smx est tm2 ssse3 fma cx16 xtpr pdcm pcid sse4_1 sse4_2 x2apic movbe popcnt tsc_deadline_timer aes xsave avx f16c rdrand lahf_lm abm ida arat epb xsaveopt pln pts dtherm tpr_shadow vnmi flexpriority ept vpid fsgsbase tsc_adjust bmi1 hle avx2 smep bmi2 erms invpcid rtm
bogomips	: 5188.40
clflush size	: 64
cache_alignment	: 64
address sizes	: 39 bits physical, 48 bits virtual
power management:

processor	: 2
vendor_id	: GenuineIntel
cpu family	: 6
model		: 60
model name	: Intel(R) Core(TM) i5-4300M CPU @ 2.60GHz
stepping	: 3
microcode	: 0x16
cpu MHz		: 1100.000
cache size	: 3072 KB
physical id	: 0
siblings	: 4
core id		: 1
cpu cores	: 2
apicid		: 2
initial apicid	: 2
fpu		: yes
fpu_exception	: yes
cpuid level	: 13
wp		: yes
flags		: fpu vme de pse tsc msr pae mce cx8 apic sep mtrr pge mca cmov pat pse36 clflush dts acpi mmx fxsr sse sse2 ss ht tm pbe syscall nx pdpe1gb rdtscp lm constant_tsc arch_perfmon pebs bts rep_good nopl xtopology nonstop_tsc aperfmperf eagerfpu pni pclmulqdq dtes64 monitor ds_cpl vmx smx est tm2 ssse3 fma cx16 xtpr pdcm pcid sse4_1 sse4_2 x2apic movbe popcnt tsc_deadline_timer aes xsave avx f16c rdrand lahf_lm abm ida arat epb xsaveopt pln pts dtherm tpr_shadow vnmi flexpriority ept vpid fsgsbase tsc_adjust bmi1 hle avx2 smep bmi2 erms invpcid rtm
bogomips	: 5188.40
clflush size	: 64
cache_alignment	: 64
address sizes	: 39 bits physical, 48 bits virtual
power management:

processor	: 3
vendor_id	: GenuineIntel
cpu family	: 6
model		: 60
model name	: Intel(R) Core(TM) i5-4300M CPU @ 2.60GHz
stepping	: 3
microcode	: 0x16
cpu MHz		: 2601.000
cache size	: 3072 KB
physical id	: 0
siblings	: 4
core id		: 1
cpu cores	: 2
apicid		: 3
initial apicid	: 3
fpu		: yes
fpu_exception	: yes
cpuid level	: 13
wp		: yes
flags		: fpu vme de pse tsc msr pae mce cx8 apic sep mtrr pge mca cmov pat pse36 clflush dts acpi mmx fxsr sse sse2 ss ht tm pbe syscall nx pdpe1gb rdtscp lm constant_tsc arch_perfmon pebs bts rep_good nopl xtopology nonstop_tsc aperfmperf eagerfpu pni pclmulqdq dtes64 monitor ds_cpl vmx smx est tm2 ssse3 fma cx16 xtpr pdcm pcid sse4_1 sse4_2 x2apic movbe popcnt tsc_deadline_timer aes xsave avx f16c rdrand lahf_lm abm ida arat epb xsaveopt pln pts dtherm tpr_shadow vnmi flexpriority ept vpid fsgsbase tsc_adjust bmi1 hle avx2 smep bmi2 erms invpcid rtm
bogomips	: 5188.40
clflush size	: 64
cache_alignment	: 64
address sizes	: 39 bits physical, 48 bits virtual
power management:



Memory: 4k page, physical 3459312k(106368k free), swap 999420k(2896k free)

vm_info: OpenJDK 64-Bit Server VM (24.65-b04) for linux-amd64 JRE (1.7.0_65-b32), built on Oct 22 2014 04:37:44 by "buildd" with gcc 4.8.2

time: Thu Feb 12 11:06:02 2015
elapsed time: 28 seconds

