#
# There is insufficient memory for the Java Runtime Environment to continue.
# Native memory allocation (malloc) failed to allocate 57671680 bytes for committing reserved memory.
# Possible reasons:
#   The system is out of physical RAM or swap space
#   In 32 bit mode, the process size limit was hit
# Possible solutions:
#   Reduce memory load on the system
#   Increase physical memory or swap space
#   Check if swap backing store is full
#   Use 64 bit Java on a 64 bit OS
#   Decrease Java heap size (-Xmx/-Xms)
#   Decrease number of Java threads
#   Decrease Java thread stack sizes (-Xss)
#   Set larger code cache with -XX:ReservedCodeCacheSize=
# This output file may be truncated or incomplete.
#
#  Out of Memory Error (os_linux.cpp:2798), pid=16703, tid=139773417613056
#
# JRE version: OpenJDK Runtime Environment (7.0_65-b32) (build 1.7.0_65-b32)
# Java VM: OpenJDK 64-Bit Server VM (24.65-b04 mixed mode linux-amd64 compressed oops)
# Derivative: IcedTea 2.5.3
# Distribution: Ubuntu 14.04 LTS, package 7u71-2.5.3-0ubuntu0.14.04.1
# Failed to write core dump. Core dumps have been disabled. To enable core dumping, try "ulimit -c unlimited" before starting Java again
#

---------------  T H R E A D  ---------------

Current thread (0x00007f1f8413c800):  VMThread [stack: 0x00007f1f88d7e000,0x00007f1f88e7f000] [id=16716]

Stack: [0x00007f1f88d7e000,0x00007f1f88e7f000],  sp=0x00007f1f88e7d490,  free space=1021k
Native frames: (J=compiled Java code, j=interpreted, Vv=VM code, C=native code)
V  [libjvm.so+0x948b05]  VMError::report_and_die()+0x175
V  [libjvm.so+0x48bc34]  report_vm_out_of_memory(char const*, int, unsigned long, char const*)+0x74
V  [libjvm.so+0x7c7bfb]  os::pd_commit_memory(char*, unsigned long, unsigned long, bool)+0xeb
V  [libjvm.so+0x7c26bf]  os::commit_memory(char*, unsigned long, unsigned long, bool)+0x1f
V  [libjvm.so+0x833e4b]  PSVirtualSpace::expand_by(unsigned long)+0x5b
V  [libjvm.so+0x834ca0]  PSYoungGen::resize_generation(unsigned long, unsigned long)+0xb0
V  [libjvm.so+0x83538b]  PSYoungGen::resize(unsigned long, unsigned long)+0x1b
V  [libjvm.so+0x831670]  PSScavenge::invoke_no_policy()+0xde0
V  [libjvm.so+0x831e48]  PSScavenge::invoke()+0x38
V  [libjvm.so+0x7e8823]  ParallelScavengeHeap::failed_mem_allocate(unsigned long)+0x63
V  [libjvm.so+0x94a504]  VM_ParallelGCFailedAllocation::doit()+0x84
V  [libjvm.so+0x94e9f7]  VM_Operation::evaluate()+0x47
V  [libjvm.so+0x94d368]  VMThread::evaluate_operation(VM_Operation*)+0x318
V  [libjvm.so+0x94d7c9]  VMThread::loop()+0x219
V  [libjvm.so+0x94dc12]  VMThread::run()+0x72
V  [libjvm.so+0x7c4ac2]  java_start(Thread*)+0xf2

VM_Operation (0x00007f1f8df62460): ParallelGCFailedAllocation, mode: safepoint, requested by thread 0x00007f1f8400a000


---------------  P R O C E S S  ---------------

Java Threads: ( => current thread )
  0x00007f1f84177800 JavaThread "Service Thread" daemon [_thread_blocked, id=16722, stack(0x00007f1f80eff000,0x00007f1f81000000)]
  0x00007f1f84175000 JavaThread "C2 CompilerThread1" daemon [_thread_blocked, id=16721, stack(0x00007f1f8802d000,0x00007f1f8812e000)]
  0x00007f1f84172800 JavaThread "C2 CompilerThread0" daemon [_thread_blocked, id=16720, stack(0x00007f1f8812e000,0x00007f1f8822f000)]
  0x00007f1f84170000 JavaThread "Signal Dispatcher" daemon [_thread_blocked, id=16719, stack(0x00007f1f8822f000,0x00007f1f88330000)]
  0x00007f1f84143000 JavaThread "Finalizer" daemon [_thread_blocked, id=16718, stack(0x00007f1f88b7c000,0x00007f1f88c7d000)]
  0x00007f1f84141000 JavaThread "Reference Handler" daemon [_thread_blocked, id=16717, stack(0x00007f1f88c7d000,0x00007f1f88d7e000)]
  0x00007f1f8400a000 JavaThread "main" [_thread_blocked, id=16711, stack(0x00007f1f8de63000,0x00007f1f8df64000)]

Other Threads:
=>0x00007f1f8413c800 VMThread [stack: 0x00007f1f88d7e000,0x00007f1f88e7f000] [id=16716]
  0x00007f1f84182000 WatcherThread [stack: 0x00007f1f80dfe000,0x00007f1f80eff000] [id=16723]

VM state:at safepoint (normal execution)

VM Mutex/Monitor currently owned by a thread:  ([mutex/lock_event])
[0x00007f1f840066a0] Threads_lock - owner thread: 0x00007f1f8413c800
[0x00007f1f84006ba0] Heap_lock - owner thread: 0x00007f1f8400a000

Heap
 PSYoungGen      total 153600K, used 21246K [0x00000000eaa80000, 0x00000000f6000000, 0x0000000100000000)
  eden space 125952K, 0% used [0x00000000eaa80000,0x00000000eaa80000,0x00000000f2580000)
  from space 27648K, 76% used [0x00000000f2580000,0x00000000f3a3fa60,0x00000000f4080000)
  to   space 27648K, 0% used [0x00000000f4080000,0x00000000f4080000,0x00000000f5b80000)
 ParOldGen       total 67584K, used 53203K [0x00000000c0000000, 0x00000000c4200000, 0x00000000eaa80000)
  object space 67584K, 78% used [0x00000000c0000000,0x00000000c33f4d00,0x00000000c4200000)
 PSPermGen       total 21504K, used 7242K [0x00000000b5a00000, 0x00000000b6f00000, 0x00000000c0000000)
  object space 21504K, 33% used [0x00000000b5a00000,0x00000000b6112b40,0x00000000b6f00000)

Card table byte_map: [0x00007f1f8a859000,0x00007f1f8aaad000] byte_map_base: 0x00007f1f8a2ac000

Polling page: 0x00007f1f8df87000

Code Cache  [0x00007f1f81000000, 0x00007f1f81290000, 0x00007f1f84000000)
 total_blobs=1151 nmethods=899 adapters=205 free_code_cache=46618Kb largest_free_block=47683904

Compilation events (10 events):
Event: 7,690 Thread 0x00007f1f84172800  915             com.android.dex.EncodedValue::writeTo (9 bytes)
Event: 7,692 Thread 0x00007f1f84172800 nmethod 915 0x00007f1f8126fa50 code [0x00007f1f8126fba0, 0x00007f1f8126fd38]
Event: 7,698 Thread 0x00007f1f84172800  916             com.android.dx.io.instructions.InstructionCodec$15::decode (54 bytes)
Event: 7,701 Thread 0x00007f1f84172800 nmethod 916 0x00007f1f8127a1d0 code [0x00007f1f8127a320, 0x00007f1f8127a4f8]
Event: 7,701 Thread 0x00007f1f84172800  917             com.android.dx.io.instructions.InstructionCodec$15::encode (29 bytes)
Event: 9,646 Thread 0x00007f1f84172800 nmethod 917 0x00007f1f81275c10 code [0x00007f1f81275d80, 0x00007f1f81275fb8]
Event: 9,683 Thread 0x00007f1f84175000  918             java.nio.Buffer::hasRemaining (17 bytes)
Event: 10,698 Thread 0x00007f1f84175000 nmethod 918 0x00007f1f8127d750 code [0x00007f1f8127d880, 0x00007f1f8127d8d8]
Event: 12,345 Thread 0x00007f1f84172800  919             com.android.dx.io.instructions.InstructionCodec$32::decode (74 bytes)
Event: 12,345 Thread 0x00007f1f84175000  920             com.android.dx.io.instructions.InstructionCodec$32::encode (95 bytes)

GC Heap History (10 events):
Event: 7,330 GC heap after
Heap after GC invocations=11 (full 1):
 PSYoungGen      total 91136K, used 11975K [0x00000000eaa80000, 0x00000000f1700000, 0x0000000100000000)
  eden space 75264K, 0% used [0x00000000eaa80000,0x00000000eaa80000,0x00000000ef400000)
  from space 15872K, 75% used [0x00000000f0780000,0x00000000f1331fb8,0x00000000f1700000)
  to   space 17920K, 0% used [0x00000000ef400000,0x00000000ef400000,0x00000000f0580000)
 ParOldGen       total 67584K, used 36637K [0x00000000c0000000, 0x00000000c4200000, 0x00000000eaa80000)
  object space 67584K, 54% used [0x00000000c0000000,0x00000000c23c7580,0x00000000c4200000)
 PSPermGen       total 21504K, used 7230K [0x00000000b5a00000, 0x00000000b6f00000, 0x00000000c0000000)
  object space 21504K, 33% used [0x00000000b5a00000,0x00000000b610fb58,0x00000000b6f00000)
}
Event: 7,522 GC heap before
{Heap before GC invocations=12 (full 1):
 PSYoungGen      total 91136K, used 87239K [0x00000000eaa80000, 0x00000000f1700000, 0x0000000100000000)
  eden space 75264K, 100% used [0x00000000eaa80000,0x00000000ef400000,0x00000000ef400000)
  from space 15872K, 75% used [0x00000000f0780000,0x00000000f1331fb8,0x00000000f1700000)
  to   space 17920K, 0% used [0x00000000ef400000,0x00000000ef400000,0x00000000f0580000)
 ParOldGen       total 67584K, used 36637K [0x00000000c0000000, 0x00000000c4200000, 0x00000000eaa80000)
  object space 67584K, 54% used [0x00000000c0000000,0x00000000c23c7580,0x00000000c4200000)
 PSPermGen       total 21504K, used 7234K [0x00000000b5a00000, 0x00000000b6f00000, 0x00000000c0000000)
  object space 21504K, 33% used [0x00000000b5a00000,0x00000000b6110bb8,0x00000000b6f00000)
Event: 7,536 GC heap after
Heap after GC invocations=12 (full 1):
 PSYoungGen      total 93184K, used 17897K [0x00000000eaa80000, 0x00000000f2e80000, 0x0000000100000000)
  eden space 75264K, 0% used [0x00000000eaa80000,0x00000000eaa80000,0x00000000ef400000)
  from space 17920K, 99% used [0x00000000ef400000,0x00000000f057a438,0x00000000f0580000)
  to   space 20480K, 0% used [0x00000000f1a80000,0x00000000f1a80000,0x00000000f2e80000)
 ParOldGen       total 67584K, used 37594K [0x00000000c0000000, 0x00000000c4200000, 0x00000000eaa80000)
  object space 67584K, 55% used [0x00000000c0000000,0x00000000c24b6980,0x00000000c4200000)
 PSPermGen       total 21504K, used 7234K [0x00000000b5a00000, 0x00000000b6f00000, 0x00000000c0000000)
  object space 21504K, 33% used [0x00000000b5a00000,0x00000000b6110bb8,0x00000000b6f00000)
}
Event: 7,701 GC heap before
{Heap before GC invocations=13 (full 1):
 PSYoungGen      total 93184K, used 93161K [0x00000000eaa80000, 0x00000000f2e80000, 0x0000000100000000)
  eden space 75264K, 100% used [0x00000000eaa80000,0x00000000ef400000,0x00000000ef400000)
  from space 17920K, 99% used [0x00000000ef400000,0x00000000f057a438,0x00000000f0580000)
  to   space 20480K, 0% used [0x00000000f1a80000,0x00000000f1a80000,0x00000000f2e80000)
 ParOldGen       total 67584K, used 37594K [0x00000000c0000000, 0x00000000c4200000, 0x00000000eaa80000)
  object space 67584K, 55% used [0x00000000c0000000,0x00000000c24b6980,0x00000000c4200000)
 PSPermGen       total 21504K, used 7238K [0x00000000b5a00000, 0x00000000b6f00000, 0x00000000c0000000)
  object space 21504K, 33% used [0x00000000b5a00000,0x00000000b6111ab8,0x00000000b6f00000)
Event: 9,643 GC heap after
Heap after GC invocations=13 (full 1):
 PSYoungGen      total 108032K, used 20469K [0x00000000eaa80000, 0x00000000f4b00000, 0x0000000100000000)
  eden space 87552K, 0% used [0x00000000eaa80000,0x00000000eaa80000,0x00000000f0000000)
  from space 20480K, 99% used [0x00000000f1a80000,0x00000000f2e7d7e0,0x00000000f2e80000)
  to   space 27136K, 0% used [0x00000000f0000000,0x00000000f0000000,0x00000000f1a80000)
 ParOldGen       total 67584K, used 49539K [0x00000000c0000000, 0x00000000c4200000, 0x00000000eaa80000)
  object space 67584K, 73% used [0x00000000c0000000,0x00000000c3060c88,0x00000000c4200000)
 PSPermGen       total 21504K, used 7238K [0x00000000b5a00000, 0x00000000b6f00000, 0x00000000c0000000)
  object space 21504K, 33% used [0x00000000b5a00000,0x00000000b6111ab8,0x00000000b6f00000)
}
Event: 12,575 GC heap before
{Heap before GC invocations=14 (full 1):
 PSYoungGen      total 108032K, used 108021K [0x00000000eaa80000, 0x00000000f4b00000, 0x0000000100000000)
  eden space 87552K, 100% used [0x00000000eaa80000,0x00000000f0000000,0x00000000f0000000)
  from space 20480K, 99% used [0x00000000f1a80000,0x00000000f2e7d7e0,0x00000000f2e80000)
  to   space 27136K, 0% used [0x00000000f0000000,0x00000000f0000000,0x00000000f1a80000)
 ParOldGen       total 67584K, used 49539K [0x00000000c0000000, 0x00000000c4200000, 0x00000000eaa80000)
  object space 67584K, 73% used [0x00000000c0000000,0x00000000c3060c88,0x00000000c4200000)
 PSPermGen       total 21504K, used 7241K [0x00000000b5a00000, 0x00000000b6f00000, 0x00000000c0000000)
  object space 21504K, 33% used [0x00000000b5a00000,0x00000000b6112458,0x00000000b6f00000)
Event: 13,556 GC heap after
Heap after GC invocations=14 (full 1):
 PSYoungGen      total 114688K, used 17584K [0x00000000eaa80000, 0x00000000f5b80000, 0x0000000100000000)
  eden space 87552K, 0% used [0x00000000eaa80000,0x00000000eaa80000,0x00000000f0000000)
  from space 27136K, 64% used [0x00000000f0000000,0x00000000f112c358,0x00000000f1a80000)
  to   space 27648K, 0% used [0x00000000f4080000,0x00000000f4080000,0x00000000f5b80000)
 ParOldGen       total 67584K, used 50739K [0x00000000c0000000, 0x00000000c4200000, 0x00000000eaa80000)
  object space 67584K, 75% used [0x00000000c0000000,0x00000000c318ce38,0x00000000c4200000)
 PSPermGen       total 21504K, used 7241K [0x00000000b5a00000, 0x00000000b6f00000, 0x00000000c0000000)
  object space 21504K, 33% used [0x00000000b5a00000,0x00000000b6112458,0x00000000b6f00000)
}
Event: 15,102 GC heap before
{Heap before GC invocations=15 (full 1):
 PSYoungGen      total 114688K, used 105136K [0x00000000eaa80000, 0x00000000f5b80000, 0x0000000100000000)
  eden space 87552K, 100% used [0x00000000eaa80000,0x00000000f0000000,0x00000000f0000000)
  from space 27136K, 64% used [0x00000000f0000000,0x00000000f112c358,0x00000000f1a80000)
  to   space 27648K, 0% used [0x00000000f4080000,0x00000000f4080000,0x00000000f5b80000)
 ParOldGen       total 67584K, used 50739K [0x00000000c0000000, 0x00000000c4200000, 0x00000000eaa80000)
  object space 67584K, 75% used [0x00000000c0000000,0x00000000c318ce38,0x00000000c4200000)
 PSPermGen       total 21504K, used 7241K [0x00000000b5a00000, 0x00000000b6f00000, 0x00000000c0000000)
  object space 21504K, 33% used [0x00000000b5a00000,0x00000000b6112458,0x00000000b6f00000)
Event: 28,020 GC heap after
Heap after GC invocations=15 (full 1):
 PSYoungGen      total 153600K, used 17792K [0x00000000eaa80000, 0x00000000f6000000, 0x0000000100000000)
  eden space 125952K, 0% used [0x00000000eaa80000,0x00000000eaa80000,0x00000000f2580000)
  from space 27648K, 64% used [0x00000000f4080000,0x00000000f51e02d0,0x00000000f5b80000)
  to   space 27648K, 0% used [0x00000000f2580000,0x00000000f2580000,0x00000000f4080000)
 ParOldGen       total 67584K, used 53195K [0x00000000c0000000, 0x00000000c4200000, 0x00000000eaa80000)
  object space 67584K, 78% used [0x00000000c0000000,0x00000000c33f2d00,0x00000000c4200000)
 PSPermGen       total 21504K, used 7241K [0x00000000b5a00000, 0x00000000b6f00000, 0x00000000c0000000)
  object space 21504K, 33% used [0x00000000b5a00000,0x00000000b6112458,0x00000000b6f00000)
}
Event: 52,928 GC heap before
{Heap before GC invocations=16 (full 1):
 PSYoungGen      total 153600K, used 143744K [0x00000000eaa80000, 0x00000000f6000000, 0x0000000100000000)
  eden space 125952K, 100% used [0x00000000eaa80000,0x00000000f2580000,0x00000000f2580000)
  from space 27648K, 64% used [0x00000000f4080000,0x00000000f51e02d0,0x00000000f5b80000)
  to   space 27648K, 0% used [0x00000000f2580000,0x00000000f2580000,0x00000000f4080000)
 ParOldGen       total 67584K, used 53195K [0x00000000c0000000, 0x00000000c4200000, 0x00000000eaa80000)
  object space 67584K, 78% used [0x00000000c0000000,0x00000000c33f2d00,0x00000000c4200000)
 PSPermGen       total 21504K, used 7242K [0x00000000b5a00000, 0x00000000b6f00000, 0x00000000c0000000)
  object space 21504K, 33% used [0x00000000b5a00000,0x00000000b6112b40,0x00000000b6f00000)

Deoptimization events (10 events):
Event: 5,949 Thread 0x00007f1f8400a000 Uncommon trap: reason=array_check action=maybe_recompile pc=0x00007f1f812346fc method=java.util.TimSort.binarySort([Ljava/lang/Object;IIILjava/util/Comparator;)V @ 193
Event: 5,949 Thread 0x00007f1f8400a000 Uncommon trap: reason=array_check action=maybe_recompile pc=0x00007f1f8123460c method=java.util.TimSort.binarySort([Ljava/lang/Object;IIILjava/util/Comparator;)V @ 215
Event: 5,949 Thread 0x00007f1f8400a000 Uncommon trap: reason=array_check action=maybe_recompile pc=0x00007f1f8123460c method=java.util.TimSort.binarySort([Ljava/lang/Object;IIILjava/util/Comparator;)V @ 215
Event: 5,949 Thread 0x00007f1f8400a000 Uncommon trap: reason=array_check action=maybe_recompile pc=0x00007f1f812346fc method=java.util.TimSort.binarySort([Ljava/lang/Object;IIILjava/util/Comparator;)V @ 193
Event: 5,992 Thread 0x00007f1f8400a000 Uncommon trap: reason=array_check action=maybe_recompile pc=0x00007f1f81232034 method=java.util.ComparableTimSort.binarySort([Ljava/lang/Object;III)V @ 215
Event: 6,100 Thread 0x00007f1f8400a000 Uncommon trap: reason=array_check action=maybe_recompile pc=0x00007f1f8123beac method=java.util.TimSort.binarySort([Ljava/lang/Object;IIILjava/util/Comparator;)V @ 183
Event: 6,100 Thread 0x00007f1f8400a000 Uncommon trap: reason=array_check action=maybe_recompile pc=0x00007f1f8123beac method=java.util.TimSort.binarySort([Ljava/lang/Object;IIILjava/util/Comparator;)V @ 183
Event: 6,142 Thread 0x00007f1f8400a000 Uncommon trap: reason=array_check action=maybe_recompile pc=0x00007f1f81232034 method=java.util.ComparableTimSort.binarySort([Ljava/lang/Object;III)V @ 215
Event: 6,283 Thread 0x00007f1f8400a000 Uncommon trap: reason=array_check action=maybe_recompile pc=0x00007f1f81241a70 method=java.util.ComparableTimSort.binarySort([Ljava/lang/Object;III)V @ 183
Event: 6,380 Thread 0x00007f1f8400a000 Uncommon trap: reason=array_check action=maybe_recompile pc=0x00007f1f81241a70 method=java.util.ComparableTimSort.binarySort([Ljava/lang/Object;III)V @ 183

Internal exceptions (10 events):
Event: 4,796 Thread 0x00007f1f8400a000 Threw 0x00000000eb728b08 at /build/buildd/openjdk-7-7u71-2.5.3/build/openjdk/hotspot/src/share/vm/prims/jvm.cpp:1284
Event: 4,797 Thread 0x00007f1f8400a000 Threw 0x00000000eb730318 at /build/buildd/openjdk-7-7u71-2.5.3/build/openjdk/hotspot/src/share/vm/prims/jvm.cpp:1284
Event: 4,798 Thread 0x00007f1f8400a000 Threw 0x00000000eb732ea8 at /build/buildd/openjdk-7-7u71-2.5.3/build/openjdk/hotspot/src/share/vm/prims/jvm.cpp:1284
Event: 4,992 Thread 0x00007f1f8400a000 Threw 0x00000000ebed2930 at /build/buildd/openjdk-7-7u71-2.5.3/build/openjdk/hotspot/src/share/vm/prims/jvm.cpp:1284
Event: 4,992 Thread 0x00007f1f8400a000 Threw 0x00000000ebed2a58 at /build/buildd/openjdk-7-7u71-2.5.3/build/openjdk/hotspot/src/share/vm/prims/jvm.cpp:1284
Event: 4,993 Thread 0x00007f1f8400a000 Threw 0x00000000ebed5108 at /build/buildd/openjdk-7-7u71-2.5.3/build/openjdk/hotspot/src/share/vm/prims/jvm.cpp:1284
Event: 4,993 Thread 0x00007f1f8400a000 Threw 0x00000000ebed5230 at /build/buildd/openjdk-7-7u71-2.5.3/build/openjdk/hotspot/src/share/vm/prims/jvm.cpp:1284
Event: 4,993 Thread 0x00007f1f8400a000 Threw 0x00000000ebed5c30 at /build/buildd/openjdk-7-7u71-2.5.3/build/openjdk/hotspot/src/share/vm/prims/jvm.cpp:1284
Event: 4,993 Thread 0x00007f1f8400a000 Threw 0x00000000ebed5d58 at /build/buildd/openjdk-7-7u71-2.5.3/build/openjdk/hotspot/src/share/vm/prims/jvm.cpp:1284
Event: 5,201 Thread 0x00007f1f8400a000 Threw 0x00000000ec5c5e60 at /build/buildd/openjdk-7-7u71-2.5.3/build/openjdk/hotspot/src/share/vm/prims/jvm.cpp:1284

Events (10 events):
Event: 7,330 Executing VM operation: ParallelGCFailedAllocation done
Event: 7,522 Executing VM operation: ParallelGCFailedAllocation
Event: 7,536 Executing VM operation: ParallelGCFailedAllocation done
Event: 7,701 Executing VM operation: ParallelGCFailedAllocation
Event: 9,644 Executing VM operation: ParallelGCFailedAllocation done
Event: 12,475 Executing VM operation: ParallelGCFailedAllocation
Event: 13,556 Executing VM operation: ParallelGCFailedAllocation done
Event: 14,620 Executing VM operation: ParallelGCFailedAllocation
Event: 33,560 Executing VM operation: ParallelGCFailedAllocation done
Event: 51,852 Executing VM operation: ParallelGCFailedAllocation


Dynamic libraries:
00400000-00401000 r-xp 00000000 08:06 1584066                            /usr/lib/jvm/java-7-openjdk-amd64/jre/bin/java
00600000-00601000 r--p 00000000 08:06 1584066                            /usr/lib/jvm/java-7-openjdk-amd64/jre/bin/java
00601000-00602000 rw-p 00001000 08:06 1584066                            /usr/lib/jvm/java-7-openjdk-amd64/jre/bin/java
020e9000-0210a000 rw-p 00000000 00:00 0                                  [heap]
b5a00000-b6f00000 rw-p 00000000 00:00 0 
b6f00000-c0000000 rw-p 00000000 00:00 0 
c0000000-c4200000 rw-p 00000000 00:00 0 
c4200000-eaa80000 rw-p 00000000 00:00 0 
eaa80000-f6000000 rw-p 00000000 00:00 0 
f9700000-100000000 rw-p 00000000 00:00 0 
7f1f44000000-7f1f44021000 rw-p 00000000 00:00 0 
7f1f44021000-7f1f48000000 ---p 00000000 00:00 0 
7f1f4c000000-7f1f4cb39000 rw-p 00000000 00:00 0 
7f1f4cb39000-7f1f50000000 ---p 00000000 00:00 0 
7f1f50000000-7f1f50021000 rw-p 00000000 00:00 0 
7f1f50021000-7f1f54000000 ---p 00000000 00:00 0 
7f1f54000000-7f1f54021000 rw-p 00000000 00:00 0 
7f1f54021000-7f1f58000000 ---p 00000000 00:00 0 
7f1f58000000-7f1f58bf7000 rw-p 00000000 00:00 0 
7f1f58bf7000-7f1f5c000000 ---p 00000000 00:00 0 
7f1f5c000000-7f1f5c021000 rw-p 00000000 00:00 0 
7f1f5c021000-7f1f60000000 ---p 00000000 00:00 0 
7f1f60000000-7f1f60021000 rw-p 00000000 00:00 0 
7f1f60021000-7f1f64000000 ---p 00000000 00:00 0 
7f1f64000000-7f1f64021000 rw-p 00000000 00:00 0 
7f1f64021000-7f1f68000000 ---p 00000000 00:00 0 
7f1f68000000-7f1f68253000 rw-p 00000000 00:00 0 
7f1f68253000-7f1f6c000000 ---p 00000000 00:00 0 
7f1f6c000000-7f1f6c021000 rw-p 00000000 00:00 0 
7f1f6c021000-7f1f70000000 ---p 00000000 00:00 0 
7f1f74000000-7f1f74021000 rw-p 00000000 00:00 0 
7f1f74021000-7f1f78000000 ---p 00000000 00:00 0 
7f1f79048000-7f1f79085000 r-xp 00000000 08:06 2232416                    /lib/x86_64-linux-gnu/libpcre.so.3.13.1
7f1f79085000-7f1f79284000 ---p 0003d000 08:06 2232416                    /lib/x86_64-linux-gnu/libpcre.so.3.13.1
7f1f79284000-7f1f79285000 r--p 0003c000 08:06 2232416                    /lib/x86_64-linux-gnu/libpcre.so.3.13.1
7f1f79285000-7f1f79286000 rw-p 0003d000 08:06 2232416                    /lib/x86_64-linux-gnu/libpcre.so.3.13.1
7f1f79286000-7f1f7928d000 r-xp 00000000 08:06 1451072                    /usr/lib/x86_64-linux-gnu/libffi.so.6.0.1
7f1f7928d000-7f1f7948c000 ---p 00007000 08:06 1451072                    /usr/lib/x86_64-linux-gnu/libffi.so.6.0.1
7f1f7948c000-7f1f7948d000 r--p 00006000 08:06 1451072                    /usr/lib/x86_64-linux-gnu/libffi.so.6.0.1
7f1f7948d000-7f1f7948e000 rw-p 00007000 08:06 1451072                    /usr/lib/x86_64-linux-gnu/libffi.so.6.0.1
7f1f7948e000-7f1f794a5000 r-xp 00000000 08:06 2237559                    /lib/x86_64-linux-gnu/libresolv-2.19.so
7f1f794a5000-7f1f796a5000 ---p 00017000 08:06 2237559                    /lib/x86_64-linux-gnu/libresolv-2.19.so
7f1f796a5000-7f1f796a6000 r--p 00017000 08:06 2237559                    /lib/x86_64-linux-gnu/libresolv-2.19.so
7f1f796a6000-7f1f796a7000 rw-p 00018000 08:06 2237559                    /lib/x86_64-linux-gnu/libresolv-2.19.so
7f1f796a7000-7f1f796a9000 rw-p 00000000 00:00 0 
7f1f796a9000-7f1f796c9000 r-xp 00000000 08:06 2232443                    /lib/x86_64-linux-gnu/libselinux.so.1
7f1f796c9000-7f1f798c8000 ---p 00020000 08:06 2232443                    /lib/x86_64-linux-gnu/libselinux.so.1
7f1f798c8000-7f1f798c9000 r--p 0001f000 08:06 2232443                    /lib/x86_64-linux-gnu/libselinux.so.1
7f1f798c9000-7f1f798ca000 rw-p 00020000 08:06 2232443                    /lib/x86_64-linux-gnu/libselinux.so.1
7f1f798ca000-7f1f798cc000 rw-p 00000000 00:00 0 
7f1f798cc000-7f1f798cf000 r-xp 00000000 08:06 1442156                    /usr/lib/x86_64-linux-gnu/libgmodule-2.0.so.0.4002.0
7f1f798cf000-7f1f79ace000 ---p 00003000 08:06 1442156                    /usr/lib/x86_64-linux-gnu/libgmodule-2.0.so.0.4002.0
7f1f79ace000-7f1f79acf000 r--p 00002000 08:06 1442156                    /usr/lib/x86_64-linux-gnu/libgmodule-2.0.so.0.4002.0
7f1f79acf000-7f1f79ad0000 rw-p 00003000 08:06 1442156                    /usr/lib/x86_64-linux-gnu/libgmodule-2.0.so.0.4002.0
7f1f79ad0000-7f1f7c000000 rw-p 00000000 00:00 0 
7f1f7c000000-7f1f7c021000 rw-p 00000000 00:00 0 
7f1f7c021000-7f1f80000000 ---p 00000000 00:00 0 
7f1f800d8000-7f1f80108000 r--p 00000000 08:06 2387679                    /usr/share/locale-langpack/uk/LC_MESSAGES/libc.mo
7f1f80108000-7f1f8020e000 r-xp 00000000 08:06 2239090                    /lib/x86_64-linux-gnu/libglib-2.0.so.0.4002.0
7f1f8020e000-7f1f8040d000 ---p 00106000 08:06 2239090                    /lib/x86_64-linux-gnu/libglib-2.0.so.0.4002.0
7f1f8040d000-7f1f8040e000 r--p 00105000 08:06 2239090                    /lib/x86_64-linux-gnu/libglib-2.0.so.0.4002.0
7f1f8040e000-7f1f8040f000 rw-p 00106000 08:06 2239090                    /lib/x86_64-linux-gnu/libglib-2.0.so.0.4002.0
7f1f8040f000-7f1f80410000 rw-p 00000000 00:00 0 
7f1f80410000-7f1f8045f000 r-xp 00000000 08:06 1442174                    /usr/lib/x86_64-linux-gnu/libgobject-2.0.so.0.4002.0
7f1f8045f000-7f1f8065f000 ---p 0004f000 08:06 1442174                    /usr/lib/x86_64-linux-gnu/libgobject-2.0.so.0.4002.0
7f1f8065f000-7f1f80660000 r--p 0004f000 08:06 1442174                    /usr/lib/x86_64-linux-gnu/libgobject-2.0.so.0.4002.0
7f1f80660000-7f1f80661000 rw-p 00050000 08:06 1442174                    /usr/lib/x86_64-linux-gnu/libgobject-2.0.so.0.4002.0
7f1f80661000-7f1f807cd000 r-xp 00000000 08:06 1442178                    /usr/lib/x86_64-linux-gnu/libgio-2.0.so.0.4002.0
7f1f807cd000-7f1f809cc000 ---p 0016c000 08:06 1442178                    /usr/lib/x86_64-linux-gnu/libgio-2.0.so.0.4002.0
7f1f809cc000-7f1f809d0000 r--p 0016b000 08:06 1442178                    /usr/lib/x86_64-linux-gnu/libgio-2.0.so.0.4002.0
7f1f809d0000-7f1f809d2000 rw-p 0016f000 08:06 1442178                    /usr/lib/x86_64-linux-gnu/libgio-2.0.so.0.4002.0
7f1f809d2000-7f1f809d4000 rw-p 00000000 00:00 0 
7f1f809d4000-7f1f809eb000 r-xp 00000000 08:06 1455285                    /usr/lib/jvm/java-7-openjdk-amd64/jre/lib/amd64/libnet.so
7f1f809eb000-7f1f80bea000 ---p 00017000 08:06 1455285                    /usr/lib/jvm/java-7-openjdk-amd64/jre/lib/amd64/libnet.so
7f1f80bea000-7f1f80beb000 r--p 00016000 08:06 1455285                    /usr/lib/jvm/java-7-openjdk-amd64/jre/lib/amd64/libnet.so
7f1f80beb000-7f1f80bec000 rw-p 00017000 08:06 1455285                    /usr/lib/jvm/java-7-openjdk-amd64/jre/lib/amd64/libnet.so
7f1f80bec000-7f1f80bfc000 r-xp 00000000 08:06 1455300                    /usr/lib/jvm/java-7-openjdk-amd64/jre/lib/amd64/libnio.so
7f1f80bfc000-7f1f80dfc000 ---p 00010000 08:06 1455300                    /usr/lib/jvm/java-7-openjdk-amd64/jre/lib/amd64/libnio.so
7f1f80dfc000-7f1f80dfd000 r--p 00010000 08:06 1455300                    /usr/lib/jvm/java-7-openjdk-amd64/jre/lib/amd64/libnio.so
7f1f80dfd000-7f1f80dfe000 rw-p 00011000 08:06 1455300                    /usr/lib/jvm/java-7-openjdk-amd64/jre/lib/amd64/libnio.so
7f1f80dfe000-7f1f80dff000 ---p 00000000 00:00 0 
7f1f80dff000-7f1f80eff000 rw-p 00000000 00:00 0                          [stack:16723]
7f1f80eff000-7f1f80f02000 ---p 00000000 00:00 0 
7f1f80f02000-7f1f81000000 rw-p 00000000 00:00 0                          [stack:16722]
7f1f81000000-7f1f81290000 rwxp 00000000 00:00 0 
7f1f81290000-7f1f8438c000 rw-p 00000000 00:00 0 
7f1f8438c000-7f1f88000000 ---p 00000000 00:00 0 
7f1f88013000-7f1f8801a000 r--s 00000000 08:06 1710979                    /usr/lib/x86_64-linux-gnu/gconv/gconv-modules.cache
7f1f8801a000-7f1f8801f000 r--s 0004c000 08:06 1455321                    /usr/lib/jvm/java-7-openjdk-amd64/jre/lib/jsse.jar
7f1f8801f000-7f1f8802d000 r--s 000dc000 08:06 1180921                    /opt/android-studio/sdk/build-tools/21.0.1/lib/dx.jar
7f1f8802d000-7f1f88030000 ---p 00000000 00:00 0 
7f1f88030000-7f1f8812e000 rw-p 00000000 00:00 0                          [stack:16721]
7f1f8812e000-7f1f88131000 ---p 00000000 00:00 0 
7f1f88131000-7f1f8822f000 rw-p 00000000 00:00 0                          [stack:16720]
7f1f8822f000-7f1f88232000 ---p 00000000 00:00 0 
7f1f88232000-7f1f88330000 rw-p 00000000 00:00 0                          [stack:16719]
7f1f88330000-7f1f88b7c000 r--p 00000000 08:06 1449661                    /usr/lib/locale/locale-archive
7f1f88b7c000-7f1f88b7f000 ---p 00000000 00:00 0 
7f1f88b7f000-7f1f88c7d000 rw-p 00000000 00:00 0                          [stack:16718]
7f1f88c7d000-7f1f88c80000 ---p 00000000 00:00 0 
7f1f88c80000-7f1f88d7e000 rw-p 00000000 00:00 0                          [stack:16717]
7f1f88d7e000-7f1f88d7f000 ---p 00000000 00:00 0 
7f1f88d7f000-7f1f89dd7000 rw-p 00000000 00:00 0                          [stack:16716]
7f1f89dd7000-7f1f89f88000 r--s 01d25000 08:06 1455343                    /usr/lib/jvm/java-7-openjdk-amd64/jre/lib/rt.jar
7f1f89f88000-7f1f8a2ac000 rw-p 00000000 00:00 0 
7f1f8a2ac000-7f1f8a2ad000 ---p 00000000 00:00 0 
7f1f8a2ad000-7f1f8a3ad000 rw-p 00000000 00:00 0                          [stack:16715]
7f1f8a3ad000-7f1f8a3ae000 ---p 00000000 00:00 0 
7f1f8a3ae000-7f1f8a4ae000 rw-p 00000000 00:00 0                          [stack:16714]
7f1f8a4ae000-7f1f8a4af000 ---p 00000000 00:00 0 
7f1f8a4af000-7f1f8a5af000 rw-p 00000000 00:00 0                          [stack:16713]
7f1f8a5af000-7f1f8a5b0000 ---p 00000000 00:00 0 
7f1f8a5b0000-7f1f8a6bb000 rw-p 00000000 00:00 0                          [stack:16712]
7f1f8a6bb000-7f1f8a703000 rw-p 00000000 00:00 0 
7f1f8a703000-7f1f8a724000 rw-p 00000000 00:00 0 
7f1f8a724000-7f1f8a859000 rw-p 00000000 00:00 0 
7f1f8a859000-7f1f8a864000 rw-p 00000000 00:00 0 
7f1f8a864000-7f1f8a8ac000 rw-p 00000000 00:00 0 
7f1f8a8ac000-7f1f8a8cd000 rw-p 00000000 00:00 0 
7f1f8a8cd000-7f1f8aa01000 rw-p 00000000 00:00 0 
7f1f8aa01000-7f1f8aa5c000 rw-p 00000000 00:00 0 
7f1f8aa5c000-7f1f8aaac000 rw-p 00000000 00:00 0 
7f1f8aaac000-7f1f8aaad000 rw-p 00000000 00:00 0 
7f1f8aaad000-7f1f8aab5000 r-xp 00000000 08:06 1455279                    /usr/lib/jvm/java-7-openjdk-amd64/jre/lib/amd64/libzip.so
7f1f8aab5000-7f1f8acb4000 ---p 00008000 08:06 1455279                    /usr/lib/jvm/java-7-openjdk-amd64/jre/lib/amd64/libzip.so
7f1f8acb4000-7f1f8acb5000 r--p 00007000 08:06 1455279                    /usr/lib/jvm/java-7-openjdk-amd64/jre/lib/amd64/libzip.so
7f1f8acb5000-7f1f8acb6000 rw-p 00008000 08:06 1455279                    /usr/lib/jvm/java-7-openjdk-amd64/jre/lib/amd64/libzip.so
7f1f8acb6000-7f1f8acc1000 r-xp 00000000 08:06 2237573                    /lib/x86_64-linux-gnu/libnss_files-2.19.so
7f1f8acc1000-7f1f8aec0000 ---p 0000b000 08:06 2237573                    /lib/x86_64-linux-gnu/libnss_files-2.19.so
7f1f8aec0000-7f1f8aec1000 r--p 0000a000 08:06 2237573                    /lib/x86_64-linux-gnu/libnss_files-2.19.so
7f1f8aec1000-7f1f8aec2000 rw-p 0000b000 08:06 2237573                    /lib/x86_64-linux-gnu/libnss_files-2.19.so
7f1f8aec2000-7f1f8aecd000 r-xp 00000000 08:06 2237574                    /lib/x86_64-linux-gnu/libnss_nis-2.19.so
7f1f8aecd000-7f1f8b0cc000 ---p 0000b000 08:06 2237574                    /lib/x86_64-linux-gnu/libnss_nis-2.19.so
7f1f8b0cc000-7f1f8b0cd000 r--p 0000a000 08:06 2237574                    /lib/x86_64-linux-gnu/libnss_nis-2.19.so
7f1f8b0cd000-7f1f8b0ce000 rw-p 0000b000 08:06 2237574                    /lib/x86_64-linux-gnu/libnss_nis-2.19.so
7f1f8b0ce000-7f1f8b0e5000 r-xp 00000000 08:06 2237560                    /lib/x86_64-linux-gnu/libnsl-2.19.so
7f1f8b0e5000-7f1f8b2e4000 ---p 00017000 08:06 2237560                    /lib/x86_64-linux-gnu/libnsl-2.19.so
7f1f8b2e4000-7f1f8b2e5000 r--p 00016000 08:06 2237560                    /lib/x86_64-linux-gnu/libnsl-2.19.so
7f1f8b2e5000-7f1f8b2e6000 rw-p 00017000 08:06 2237560                    /lib/x86_64-linux-gnu/libnsl-2.19.so
7f1f8b2e6000-7f1f8b2e8000 rw-p 00000000 00:00 0 
7f1f8b2e8000-7f1f8b2f1000 r-xp 00000000 08:06 2237557                    /lib/x86_64-linux-gnu/libnss_compat-2.19.so
7f1f8b2f1000-7f1f8b4f0000 ---p 00009000 08:06 2237557                    /lib/x86_64-linux-gnu/libnss_compat-2.19.so
7f1f8b4f0000-7f1f8b4f1000 r--p 00008000 08:06 2237557                    /lib/x86_64-linux-gnu/libnss_compat-2.19.so
7f1f8b4f1000-7f1f8b4f2000 rw-p 00009000 08:06 2237557                    /lib/x86_64-linux-gnu/libnss_compat-2.19.so
7f1f8b4f2000-7f1f8b51d000 r-xp 00000000 08:06 1455284                    /usr/lib/jvm/java-7-openjdk-amd64/jre/lib/amd64/libjava.so
7f1f8b51d000-7f1f8b71c000 ---p 0002b000 08:06 1455284                    /usr/lib/jvm/java-7-openjdk-amd64/jre/lib/amd64/libjava.so
7f1f8b71c000-7f1f8b71d000 r--p 0002a000 08:06 1455284                    /usr/lib/jvm/java-7-openjdk-amd64/jre/lib/amd64/libjava.so
7f1f8b71d000-7f1f8b71f000 rw-p 0002b000 08:06 1455284                    /usr/lib/jvm/java-7-openjdk-amd64/jre/lib/amd64/libjava.so
7f1f8b71f000-7f1f8b72f000 r-xp 00000000 08:06 1455299                    /usr/lib/jvm/java-7-openjdk-amd64/jre/lib/amd64/libverify.so
7f1f8b72f000-7f1f8b92e000 ---p 00010000 08:06 1455299                    /usr/lib/jvm/java-7-openjdk-amd64/jre/lib/amd64/libverify.so
7f1f8b92e000-7f1f8b930000 r--p 0000f000 08:06 1455299                    /usr/lib/jvm/java-7-openjdk-amd64/jre/lib/amd64/libverify.so
7f1f8b930000-7f1f8b931000 rw-p 00011000 08:06 1455299                    /usr/lib/jvm/java-7-openjdk-amd64/jre/lib/amd64/libverify.so
7f1f8b931000-7f1f8b938000 r-xp 00000000 08:06 2237562                    /lib/x86_64-linux-gnu/librt-2.19.so
7f1f8b938000-7f1f8bb37000 ---p 00007000 08:06 2237562                    /lib/x86_64-linux-gnu/librt-2.19.so
7f1f8bb37000-7f1f8bb38000 r--p 00006000 08:06 2237562                    /lib/x86_64-linux-gnu/librt-2.19.so
7f1f8bb38000-7f1f8bb39000 rw-p 00007000 08:06 2237562                    /lib/x86_64-linux-gnu/librt-2.19.so
7f1f8bb39000-7f1f8bb4f000 r-xp 00000000 08:06 2232319                    /lib/x86_64-linux-gnu/libgcc_s.so.1
7f1f8bb4f000-7f1f8bd4e000 ---p 00016000 08:06 2232319                    /lib/x86_64-linux-gnu/libgcc_s.so.1
7f1f8bd4e000-7f1f8bd4f000 rw-p 00015000 08:06 2232319                    /lib/x86_64-linux-gnu/libgcc_s.so.1
7f1f8bd4f000-7f1f8be54000 r-xp 00000000 08:06 2237569                    /lib/x86_64-linux-gnu/libm-2.19.so
7f1f8be54000-7f1f8c053000 ---p 00105000 08:06 2237569                    /lib/x86_64-linux-gnu/libm-2.19.so
7f1f8c053000-7f1f8c054000 r--p 00104000 08:06 2237569                    /lib/x86_64-linux-gnu/libm-2.19.so
7f1f8c054000-7f1f8c055000 rw-p 00105000 08:06 2237569                    /lib/x86_64-linux-gnu/libm-2.19.so
7f1f8c055000-7f1f8c13b000 r-xp 00000000 08:06 1451700                    /usr/lib/x86_64-linux-gnu/libstdc++.so.6.0.19
7f1f8c13b000-7f1f8c33a000 ---p 000e6000 08:06 1451700                    /usr/lib/x86_64-linux-gnu/libstdc++.so.6.0.19
7f1f8c33a000-7f1f8c342000 r--p 000e5000 08:06 1451700                    /usr/lib/x86_64-linux-gnu/libstdc++.so.6.0.19
7f1f8c342000-7f1f8c344000 rw-p 000ed000 08:06 1451700                    /usr/lib/x86_64-linux-gnu/libstdc++.so.6.0.19
7f1f8c344000-7f1f8c359000 rw-p 00000000 00:00 0 
7f1f8c359000-7f1f8ce6f000 r-xp 00000000 08:06 1584041                    /usr/lib/jvm/java-7-openjdk-amd64/jre/lib/amd64/server/libjvm.so
7f1f8ce6f000-7f1f8d06e000 ---p 00b16000 08:06 1584041                    /usr/lib/jvm/java-7-openjdk-amd64/jre/lib/amd64/server/libjvm.so
7f1f8d06e000-7f1f8d108000 r--p 00b15000 08:06 1584041                    /usr/lib/jvm/java-7-openjdk-amd64/jre/lib/amd64/server/libjvm.so
7f1f8d108000-7f1f8d12b000 rw-p 00baf000 08:06 1584041                    /usr/lib/jvm/java-7-openjdk-amd64/jre/lib/amd64/server/libjvm.so
7f1f8d12b000-7f1f8d159000 rw-p 00000000 00:00 0 
7f1f8d159000-7f1f8d171000 r-xp 00000000 08:06 2232476                    /lib/x86_64-linux-gnu/libz.so.1.2.8
7f1f8d171000-7f1f8d370000 ---p 00018000 08:06 2232476                    /lib/x86_64-linux-gnu/libz.so.1.2.8
7f1f8d370000-7f1f8d371000 r--p 00017000 08:06 2232476                    /lib/x86_64-linux-gnu/libz.so.1.2.8
7f1f8d371000-7f1f8d372000 rw-p 00018000 08:06 2232476                    /lib/x86_64-linux-gnu/libz.so.1.2.8
7f1f8d372000-7f1f8d38b000 r-xp 00000000 08:06 2237579                    /lib/x86_64-linux-gnu/libpthread-2.19.so
7f1f8d38b000-7f1f8d58a000 ---p 00019000 08:06 2237579                    /lib/x86_64-linux-gnu/libpthread-2.19.so
7f1f8d58a000-7f1f8d58b000 r--p 00018000 08:06 2237579                    /lib/x86_64-linux-gnu/libpthread-2.19.so
7f1f8d58b000-7f1f8d58c000 rw-p 00019000 08:06 2237579                    /lib/x86_64-linux-gnu/libpthread-2.19.so
7f1f8d58c000-7f1f8d590000 rw-p 00000000 00:00 0 
7f1f8d590000-7f1f8d593000 r-xp 00000000 08:06 2237578                    /lib/x86_64-linux-gnu/libdl-2.19.so
7f1f8d593000-7f1f8d792000 ---p 00003000 08:06 2237578                    /lib/x86_64-linux-gnu/libdl-2.19.so
7f1f8d792000-7f1f8d793000 r--p 00002000 08:06 2237578                    /lib/x86_64-linux-gnu/libdl-2.19.so
7f1f8d793000-7f1f8d794000 rw-p 00003000 08:06 2237578                    /lib/x86_64-linux-gnu/libdl-2.19.so
7f1f8d794000-7f1f8d94f000 r-xp 00000000 08:06 2237566                    /lib/x86_64-linux-gnu/libc-2.19.so
7f1f8d94f000-7f1f8db4f000 ---p 001bb000 08:06 2237566                    /lib/x86_64-linux-gnu/libc-2.19.so
7f1f8db4f000-7f1f8db53000 r--p 001bb000 08:06 2237566                    /lib/x86_64-linux-gnu/libc-2.19.so
7f1f8db53000-7f1f8db55000 rw-p 001bf000 08:06 2237566                    /lib/x86_64-linux-gnu/libc-2.19.so
7f1f8db55000-7f1f8db5a000 rw-p 00000000 00:00 0 
7f1f8db5a000-7f1f8db67000 r-xp 00000000 08:06 1584039                    /usr/lib/jvm/java-7-openjdk-amd64/jre/lib/amd64/jli/libjli.so
7f1f8db67000-7f1f8dd66000 ---p 0000d000 08:06 1584039                    /usr/lib/jvm/java-7-openjdk-amd64/jre/lib/amd64/jli/libjli.so
7f1f8dd66000-7f1f8dd67000 r--p 0000c000 08:06 1584039                    /usr/lib/jvm/java-7-openjdk-amd64/jre/lib/amd64/jli/libjli.so
7f1f8dd67000-7f1f8dd68000 rw-p 0000d000 08:06 1584039                    /usr/lib/jvm/java-7-openjdk-amd64/jre/lib/amd64/jli/libjli.so
7f1f8dd68000-7f1f8dd8b000 r-xp 00000000 08:06 2237567                    /lib/x86_64-linux-gnu/ld-2.19.so
7f1f8dd8b000-7f1f8ddae000 rw-p 00000000 00:00 0 
7f1f8ddae000-7f1f8de63000 rw-p 00000000 00:00 0 
7f1f8de63000-7f1f8de66000 ---p 00000000 00:00 0 
7f1f8de66000-7f1f8df6a000 rw-p 00000000 00:00 0                          [stack:16711]
7f1f8df6a000-7f1f8df6e000 r--s 00085000 08:06 1455340                    /usr/lib/jvm/java-7-openjdk-amd64/jre/lib/ext/localedata.jar
7f1f8df6e000-7f1f8df71000 r--s 0000f000 08:06 1455336                    /usr/lib/jvm/java-7-openjdk-amd64/jre/lib/ext/icedtea-sound.jar
7f1f8df71000-7f1f8df75000 r--s 00034000 08:06 1455341                    /usr/lib/jvm/java-7-openjdk-amd64/jre/lib/ext/sunjce_provider.jar
7f1f8df75000-7f1f8df77000 r--s 00012000 08:06 1455337                    /usr/lib/jvm/java-7-openjdk-amd64/jre/lib/ext/zipfs.jar
7f1f8df77000-7f1f8df7b000 r--s 0003c000 08:06 1455339                    /usr/lib/jvm/java-7-openjdk-amd64/jre/lib/ext/sunpkcs11.jar
7f1f8df7b000-7f1f8df7d000 r--s 00006000 08:06 1851433                    /usr/share/java/java-atk-wrapper.jar
7f1f8df7d000-7f1f8df7e000 r--s 00002000 08:06 1455342                    /usr/lib/jvm/java-7-openjdk-amd64/jre/lib/ext/dnsns.jar
7f1f8df7e000-7f1f8df86000 rw-s 00000000 08:06 1197790                    /tmp/hsperfdata_gigamole/16703
7f1f8df86000-7f1f8df87000 rw-p 00000000 00:00 0 
7f1f8df87000-7f1f8df88000 ---p 00000000 00:00 0 
7f1f8df88000-7f1f8df8a000 rw-p 00000000 00:00 0 
7f1f8df8a000-7f1f8df8b000 r--p 00022000 08:06 2237567                    /lib/x86_64-linux-gnu/ld-2.19.so
7f1f8df8b000-7f1f8df8c000 rw-p 00023000 08:06 2237567                    /lib/x86_64-linux-gnu/ld-2.19.so
7f1f8df8c000-7f1f8df8d000 rw-p 00000000 00:00 0 
7ffff9b13000-7ffff9b34000 rw-p 00000000 00:00 0                          [stack]
7ffff9b77000-7ffff9b79000 r-xp 00000000 00:00 0                          [vdso]
ffffffffff600000-ffffffffff601000 r-xp 00000000 00:00 0                  [vsyscall]

VM Arguments:
jvm_args: -Xmx1024M 
java_command: /opt/android-studio/sdk/build-tools/21.0.1/lib/dx.jar --dex --no-optimize --output /home/gigamole/Projects/tif/tif/app/build/intermediates/dex/debug --input-list=/home/gigamole/Projects/tif/tif/app/build/intermediates/tmp/dex/debug/inputList.txt
Launcher Type: SUN_STANDARD

Environment Variables:
JAVA_HOME=/usr/lib/jvm/jdk1.7.0
CLASSPATH=/opt/android-studio/bin/../lib/bootstrap.jar:/opt/android-studio/bin/../lib/extensions.jar:/opt/android-studio/bin/../lib/util.jar:/opt/android-studio/bin/../lib/jdom.jar:/opt/android-studio/bin/../lib/log4j.jar:/opt/android-studio/bin/../lib/trove4j.jar:/opt/android-studio/bin/../lib/jna.jar:/usr/lib/jvm/java-7-openjdk-amd64/lib/tools.jar
PATH=/usr/local/sbin:/usr/local/bin:/usr/sbin:/usr/bin:/sbin:/bin:/usr/games:/usr/local/games:/home/gigamole/bin:/usr/lib/jvm/jdk1.7.0/bin
LD_LIBRARY_PATH=/opt/android-studio/bin:
SHELL=/bin/bash
DISPLAY=:0

Signal Handlers:
SIGSEGV: [libjvm.so+0x9495e0], sa_mask[0]=0x7ffbfeff, sa_flags=0x10000004
SIGBUS: [libjvm.so+0x9495e0], sa_mask[0]=0x7ffbfeff, sa_flags=0x10000004
SIGFPE: [libjvm.so+0x7c3410], sa_mask[0]=0x7ffbfeff, sa_flags=0x10000004
SIGPIPE: [libjvm.so+0x7c3410], sa_mask[0]=0x7ffbfeff, sa_flags=0x10000004
SIGXFSZ: [libjvm.so+0x7c3410], sa_mask[0]=0x7ffbfeff, sa_flags=0x10000004
SIGILL: [libjvm.so+0x7c3410], sa_mask[0]=0x7ffbfeff, sa_flags=0x10000004
SIGUSR1: SIG_DFL, sa_mask[0]=0x00000000, sa_flags=0x00000000
SIGUSR2: [libjvm.so+0x7c32b0], sa_mask[0]=0x00000004, sa_flags=0x10000004
SIGHUP: [libjvm.so+0x7c3490], sa_mask[0]=0x7ffbfeff, sa_flags=0x10000004
SIGINT: [libjvm.so+0x7c3490], sa_mask[0]=0x7ffbfeff, sa_flags=0x10000004
SIGTERM: [libjvm.so+0x7c3490], sa_mask[0]=0x7ffbfeff, sa_flags=0x10000004
SIGQUIT: [libjvm.so+0x7c3490], sa_mask[0]=0x7ffbfeff, sa_flags=0x10000004
SIGTRAP: SIG_DFL, sa_mask[0]=0x00000000, sa_flags=0x00000000


---------------  S Y S T E M  ---------------

OS:Ubuntu 14.04 (trusty)
uname:Linux 3.13.0-37-generic #64-Ubuntu SMP Mon Sep 22 21:28:38 UTC 2014 x86_64
libc:glibc 2.19 NPTL 2.19 
rlimit: STACK 8192k, CORE 0k, NPROC 26792, NOFILE 4096, AS infinity
load average:19,80 13,33 8,36

/proc/meminfo:
MemTotal:        3459312 kB
MemFree:          114164 kB
Buffers:             344 kB
Cached:           388780 kB
SwapCached:         1216 kB
Active:          2223412 kB
Inactive:         905144 kB
Active(anon):    2221628 kB
Inactive(anon):   892024 kB
Active(file):       1784 kB
Inactive(file):    13120 kB
Unevictable:          32 kB
Mlocked:              32 kB
SwapTotal:        999420 kB
SwapFree:              0 kB
Dirty:               176 kB
Writeback:             0 kB
AnonPages:       2738464 kB
Mapped:            20708 kB
Shmem:            374148 kB
Slab:              69156 kB
SReclaimable:      31920 kB
SUnreclaim:        37236 kB
KernelStack:        5024 kB
PageTables:        38700 kB
NFS_Unstable:          0 kB
Bounce:                0 kB
WritebackTmp:          0 kB
CommitLimit:     2729076 kB
Committed_AS:    7581280 kB
VmallocTotal:   34359738367 kB
VmallocUsed:      548168 kB
VmallocChunk:   34359184796 kB
HardwareCorrupted:     0 kB
AnonHugePages:   1036288 kB
HugePages_Total:       0
HugePages_Free:        0
HugePages_Rsvd:        0
HugePages_Surp:        0
Hugepagesize:       2048 kB
DirectMap4k:      126464 kB
DirectMap2M:     3471360 kB
DirectMap1G:           0 kB


CPU:total 4 (2 cores per cpu, 2 threads per core) family 6 model 60 stepping 3, cmov, cx8, fxsr, mmx, sse, sse2, sse3, ssse3, sse4.1, sse4.2, popcnt, avx, avx2, aes, erms, ht, tsc, tscinvbit

/proc/cpuinfo:
processor	: 0
vendor_id	: GenuineIntel
cpu family	: 6
model		: 60
model name	: Intel(R) Core(TM) i5-4300M CPU @ 2.60GHz
stepping	: 3
microcode	: 0x16
cpu MHz		: 2601.000
cache size	: 3072 KB
physical id	: 0
siblings	: 4
core id		: 0
cpu cores	: 2
apicid		: 0
initial apicid	: 0
fpu		: yes
fpu_exception	: yes
cpuid level	: 13
wp		: yes
flags		: fpu vme de pse tsc msr pae mce cx8 apic sep mtrr pge mca cmov pat pse36 clflush dts acpi mmx fxsr sse sse2 ss ht tm pbe syscall nx pdpe1gb rdtscp lm constant_tsc arch_perfmon pebs bts rep_good nopl xtopology nonstop_tsc aperfmperf eagerfpu pni pclmulqdq dtes64 monitor ds_cpl vmx smx est tm2 ssse3 fma cx16 xtpr pdcm pcid sse4_1 sse4_2 x2apic movbe popcnt tsc_deadline_timer aes xsave avx f16c rdrand lahf_lm abm ida arat epb xsaveopt pln pts dtherm tpr_shadow vnmi flexpriority ept vpid fsgsbase tsc_adjust bmi1 hle avx2 smep bmi2 erms invpcid rtm
bogomips	: 5188.08
clflush size	: 64
cache_alignment	: 64
address sizes	: 39 bits physical, 48 bits virtual
power management:

processor	: 1
vendor_id	: GenuineIntel
cpu family	: 6
model		: 60
model name	: Intel(R) Core(TM) i5-4300M CPU @ 2.60GHz
stepping	: 3
microcode	: 0x16
cpu MHz		: 2601.000
cache size	: 3072 KB
physical id	: 0
siblings	: 4
core id		: 0
cpu cores	: 2
apicid		: 1
initial apicid	: 1
fpu		: yes
fpu_exception	: yes
cpuid level	: 13
wp		: yes
flags		: fpu vme de pse tsc msr pae mce cx8 apic sep mtrr pge mca cmov pat pse36 clflush dts acpi mmx fxsr sse sse2 ss ht tm pbe syscall nx pdpe1gb rdtscp lm constant_tsc arch_perfmon pebs bts rep_good nopl xtopology nonstop_tsc aperfmperf eagerfpu pni pclmulqdq dtes64 monitor ds_cpl vmx smx est tm2 ssse3 fma cx16 xtpr pdcm pcid sse4_1 sse4_2 x2apic movbe popcnt tsc_deadline_timer aes xsave avx f16c rdrand lahf_lm abm ida arat epb xsaveopt pln pts dtherm tpr_shadow vnmi flexpriority ept vpid fsgsbase tsc_adjust bmi1 hle avx2 smep bmi2 erms invpcid rtm
bogomips	: 5188.08
clflush size	: 64
cache_alignment	: 64
address sizes	: 39 bits physical, 48 bits virtual
power management:

processor	: 2
vendor_id	: GenuineIntel
cpu family	: 6
model		: 60
model name	: Intel(R) Core(TM) i5-4300M CPU @ 2.60GHz
stepping	: 3
microcode	: 0x16
cpu MHz		: 2601.000
cache size	: 3072 KB
physical id	: 0
siblings	: 4
core id		: 1
cpu cores	: 2
apicid		: 2
initial apicid	: 2
fpu		: yes
fpu_exception	: yes
cpuid level	: 13
wp		: yes
flags		: fpu vme de pse tsc msr pae mce cx8 apic sep mtrr pge mca cmov pat pse36 clflush dts acpi mmx fxsr sse sse2 ss ht tm pbe syscall nx pdpe1gb rdtscp lm constant_tsc arch_perfmon pebs bts rep_good nopl xtopology nonstop_tsc aperfmperf eagerfpu pni pclmulqdq dtes64 monitor ds_cpl vmx smx est tm2 ssse3 fma cx16 xtpr pdcm pcid sse4_1 sse4_2 x2apic movbe popcnt tsc_deadline_timer aes xsave avx f16c rdrand lahf_lm abm ida arat epb xsaveopt pln pts dtherm tpr_shadow vnmi flexpriority ept vpid fsgsbase tsc_adjust bmi1 hle avx2 smep bmi2 erms invpcid rtm
bogomips	: 5188.08
clflush size	: 64
cache_alignment	: 64
address sizes	: 39 bits physical, 48 bits virtual
power management:

processor	: 3
vendor_id	: GenuineIntel
cpu family	: 6
model		: 60
model name	: Intel(R) Core(TM) i5-4300M CPU @ 2.60GHz
stepping	: 3
microcode	: 0x16
cpu MHz		: 800.000
cache size	: 3072 KB
physical id	: 0
siblings	: 4
core id		: 1
cpu cores	: 2
apicid		: 3
initial apicid	: 3
fpu		: yes
fpu_exception	: yes
cpuid level	: 13
wp		: yes
flags		: fpu vme de pse tsc msr pae mce cx8 apic sep mtrr pge mca cmov pat pse36 clflush dts acpi mmx fxsr sse sse2 ss ht tm pbe syscall nx pdpe1gb rdtscp lm constant_tsc arch_perfmon pebs bts rep_good nopl xtopology nonstop_tsc aperfmperf eagerfpu pni pclmulqdq dtes64 monitor ds_cpl vmx smx est tm2 ssse3 fma cx16 xtpr pdcm pcid sse4_1 sse4_2 x2apic movbe popcnt tsc_deadline_timer aes xsave avx f16c rdrand lahf_lm abm ida arat epb xsaveopt pln pts dtherm tpr_shadow vnmi flexpriority ept vpid fsgsbase tsc_adjust bmi1 hle avx2 smep bmi2 erms invpcid rtm
bogomips	: 5188.08
clflush size	: 64
cache_alignment	: 64
address sizes	: 39 bits physical, 48 bits virtual
power management:



Memory: 4k page, physical 3459312k(114164k free), swap 999420k(0k free)

vm_info: OpenJDK 64-Bit Server VM (24.65-b04) for linux-amd64 JRE (1.7.0_65-b32), built on Oct 22 2014 04:37:44 by "buildd" with gcc 4.8.2

time: Mon Feb 16 22:21:11 2015
elapsed time: 59 seconds

