#
# There is insufficient memory for the Java Runtime Environment to continue.
# Native memory allocation (malloc) failed to allocate 89128960 bytes for committing reserved memory.
# Possible reasons:
#   The system is out of physical RAM or swap space
#   In 32 bit mode, the process size limit was hit
# Possible solutions:
#   Reduce memory load on the system
#   Increase physical memory or swap space
#   Check if swap backing store is full
#   Use 64 bit Java on a 64 bit OS
#   Decrease Java heap size (-Xmx/-Xms)
#   Decrease number of Java threads
#   Decrease Java thread stack sizes (-Xss)
#   Set larger code cache with -XX:ReservedCodeCacheSize=
# This output file may be truncated or incomplete.
#
#  Out of Memory Error (os_linux.cpp:2798), pid=8450, tid=140001979778816
#
# JRE version: OpenJDK Runtime Environment (7.0_65-b32) (build 1.7.0_65-b32)
# Java VM: OpenJDK 64-Bit Server VM (24.65-b04 mixed mode linux-amd64 compressed oops)
# Derivative: IcedTea 2.5.3
# Distribution: Ubuntu 14.04 LTS, package 7u71-2.5.3-0ubuntu0.14.04.1
# Failed to write core dump. Core dumps have been disabled. To enable core dumping, try "ulimit -c unlimited" before starting Java again
#

---------------  T H R E A D  ---------------

Current thread (0x00007f54c813c800):  VMThread [stack: 0x00007f54c035c000,0x00007f54c045d000] [id=8463]

Stack: [0x00007f54c035c000,0x00007f54c045d000],  sp=0x00007f54c045b490,  free space=1021k
Native frames: (J=compiled Java code, j=interpreted, Vv=VM code, C=native code)
V  [libjvm.so+0x948b05]  VMError::report_and_die()+0x175
V  [libjvm.so+0x48bc34]  report_vm_out_of_memory(char const*, int, unsigned long, char const*)+0x74
V  [libjvm.so+0x7c7bfb]  os::pd_commit_memory(char*, unsigned long, unsigned long, bool)+0xeb
V  [libjvm.so+0x7c26bf]  os::commit_memory(char*, unsigned long, unsigned long, bool)+0x1f
V  [libjvm.so+0x833e4b]  PSVirtualSpace::expand_by(unsigned long)+0x5b
V  [libjvm.so+0x834ca0]  PSYoungGen::resize_generation(unsigned long, unsigned long)+0xb0
V  [libjvm.so+0x83538b]  PSYoungGen::resize(unsigned long, unsigned long)+0x1b
V  [libjvm.so+0x831670]  PSScavenge::invoke_no_policy()+0xde0
V  [libjvm.so+0x831e48]  PSScavenge::invoke()+0x38
V  [libjvm.so+0x7e8823]  ParallelScavengeHeap::failed_mem_allocate(unsigned long)+0x63
V  [libjvm.so+0x94a504]  VM_ParallelGCFailedAllocation::doit()+0x84
V  [libjvm.so+0x94e9f7]  VM_Operation::evaluate()+0x47
V  [libjvm.so+0x94d368]  VMThread::evaluate_operation(VM_Operation*)+0x318
V  [libjvm.so+0x94d7c9]  VMThread::loop()+0x219
V  [libjvm.so+0x94dc12]  VMThread::run()+0x72
V  [libjvm.so+0x7c4ac2]  java_start(Thread*)+0xf2

VM_Operation (0x00007f54cea7a310): ParallelGCFailedAllocation, mode: safepoint, requested by thread 0x00007f54c800a000


---------------  P R O C E S S  ---------------

Java Threads: ( => current thread )
  0x00007f54c8177800 JavaThread "Service Thread" daemon [_thread_blocked, id=8469, stack(0x00007f54b34b1000,0x00007f54b35b2000)]
  0x00007f54c8175000 JavaThread "C2 CompilerThread1" daemon [_thread_blocked, id=8468, stack(0x00007f54b35b2000,0x00007f54b36b3000)]
  0x00007f54c8172800 JavaThread "C2 CompilerThread0" daemon [_thread_blocked, id=8467, stack(0x00007f54b36b3000,0x00007f54b37b4000)]
  0x00007f54c8170000 JavaThread "Signal Dispatcher" daemon [_thread_blocked, id=8466, stack(0x00007f54c0059000,0x00007f54c015a000)]
  0x00007f54c8143000 JavaThread "Finalizer" daemon [_thread_blocked, id=8465, stack(0x00007f54c015a000,0x00007f54c025b000)]
  0x00007f54c8141000 JavaThread "Reference Handler" daemon [_thread_blocked, id=8464, stack(0x00007f54c025b000,0x00007f54c035c000)]
  0x00007f54c800a000 JavaThread "main" [_thread_blocked, id=8458, stack(0x00007f54ce97b000,0x00007f54cea7c000)]

Other Threads:
=>0x00007f54c813c800 VMThread [stack: 0x00007f54c035c000,0x00007f54c045d000] [id=8463]
  0x00007f54c8182800 WatcherThread [stack: 0x00007f54b33b0000,0x00007f54b34b1000] [id=8470]

VM state:at safepoint (normal execution)

VM Mutex/Monitor currently owned by a thread:  ([mutex/lock_event])
[0x00007f54c80066a0] Threads_lock - owner thread: 0x00007f54c813c800
[0x00007f54c8006ba0] Heap_lock - owner thread: 0x00007f54c800a000

Heap
 PSYoungGen      total 240128K, used 21503K [0x00000000eaa80000, 0x00000000fab00000, 0x0000000100000000)
  eden space 217600K, 0% used [0x00000000eaa80000,0x00000000eaa80000,0x00000000f7f00000)
  from space 22528K, 95% used [0x00000000f7f00000,0x00000000f93ffe70,0x00000000f9500000)
  to   space 20480K, 0% used [0x00000000f9700000,0x00000000f9700000,0x00000000fab00000)
 ParOldGen       total 58368K, used 57166K [0x00000000c0000000, 0x00000000c3900000, 0x00000000eaa80000)
  object space 58368K, 97% used [0x00000000c0000000,0x00000000c37d3950,0x00000000c3900000)
 PSPermGen       total 21504K, used 7250K [0x00000000b5a00000, 0x00000000b6f00000, 0x00000000c0000000)
  object space 21504K, 33% used [0x00000000b5a00000,0x00000000b6114af8,0x00000000b6f00000)

Card table byte_map: [0x00007f54c4367000,0x00007f54c45bb000] byte_map_base: 0x00007f54c3dba000

Polling page: 0x00007f54cea9f000

Code Cache  [0x00007f54c45bb000, 0x00007f54c488b000, 0x00007f54c75bb000)
 total_blobs=1202 nmethods=950 adapters=205 free_code_cache=46363Kb largest_free_block=47423424

Compilation events (10 events):
Event: 9,155 Thread 0x00007f54c8175000 nmethod 962 0x00007f54c4875210 code [0x00007f54c4875340, 0x00007f54c4875398]
Event: 9,156 Thread 0x00007f54c8172800 nmethod 961 0x00007f54c487afd0 code [0x00007f54c487b120, 0x00007f54c487b298]
Event: 9,371 Thread 0x00007f54c8175000  963             com.android.dex.EncodedValueCodec::readSignedLong (48 bytes)
Event: 9,375 Thread 0x00007f54c8175000 nmethod 963 0x00007f54c487aa50 code [0x00007f54c487aba0, 0x00007f54c487aeb8]
Event: 9,540 Thread 0x00007f54c8175000  965             java.security.MessageDigest$Delegate::engineUpdate (11 bytes)
Event: 9,540 Thread 0x00007f54c8172800  964             java.security.MessageDigest::update (45 bytes)
Event: 9,545 Thread 0x00007f54c8175000 nmethod 965 0x00007f54c487d190 code [0x00007f54c487d300, 0x00007f54c487d6a8]
Event: 9,545 Thread 0x00007f54c8172800 nmethod 964 0x00007f54c487c750 code [0x00007f54c487c8e0, 0x00007f54c487cd48]
Event: 9,558 Thread 0x00007f54c8172800  966             java.util.zip.Adler32::update (51 bytes)
Event: 9,558 Thread 0x00007f54c8172800 nmethod 966 0x00007f54c487c450 code [0x00007f54c487c5a0, 0x00007f54c487c668]

GC Heap History (10 events):
Event: 7,023 GC heap after
Heap after GC invocations=11 (full 1):
 PSYoungGen      total 110592K, used 12091K [0x00000000eaa80000, 0x00000000f2c00000, 0x0000000100000000)
  eden space 97792K, 0% used [0x00000000eaa80000,0x00000000eaa80000,0x00000000f0a00000)
  from space 12800K, 94% used [0x00000000f1780000,0x00000000f234eee8,0x00000000f2400000)
  to   space 13824K, 0% used [0x00000000f0a00000,0x00000000f0a00000,0x00000000f1780000)
 ParOldGen       total 58368K, used 31940K [0x00000000c0000000, 0x00000000c3900000, 0x00000000eaa80000)
  object space 58368K, 54% used [0x00000000c0000000,0x00000000c1f312e8,0x00000000c3900000)
 PSPermGen       total 21504K, used 7233K [0x00000000b5a00000, 0x00000000b6f00000, 0x00000000c0000000)
  object space 21504K, 33% used [0x00000000b5a00000,0x00000000b6110588,0x00000000b6f00000)
}
Event: 7,180 GC heap before
{Heap before GC invocations=12 (full 1):
 PSYoungGen      total 110592K, used 109883K [0x00000000eaa80000, 0x00000000f2c00000, 0x0000000100000000)
  eden space 97792K, 100% used [0x00000000eaa80000,0x00000000f0a00000,0x00000000f0a00000)
  from space 12800K, 94% used [0x00000000f1780000,0x00000000f234eee8,0x00000000f2400000)
  to   space 13824K, 0% used [0x00000000f0a00000,0x00000000f0a00000,0x00000000f1780000)
 ParOldGen       total 58368K, used 31940K [0x00000000c0000000, 0x00000000c3900000, 0x00000000eaa80000)
  object space 58368K, 54% used [0x00000000c0000000,0x00000000c1f312e8,0x00000000c3900000)
 PSPermGen       total 21504K, used 7239K [0x00000000b5a00000, 0x00000000b6f00000, 0x00000000c0000000)
  object space 21504K, 33% used [0x00000000b5a00000,0x00000000b6111ce0,0x00000000b6f00000)
Event: 7,188 GC heap after
Heap after GC invocations=12 (full 1):
 PSYoungGen      total 111616K, used 13813K [0x00000000eaa80000, 0x00000000f5a80000, 0x0000000100000000)
  eden space 97792K, 0% used [0x00000000eaa80000,0x00000000eaa80000,0x00000000f0a00000)
  from space 13824K, 99% used [0x00000000f0a00000,0x00000000f177d4c0,0x00000000f1780000)
  to   space 18432K, 0% used [0x00000000f4880000,0x00000000f4880000,0x00000000f5a80000)
 ParOldGen       total 58368K, used 39685K [0x00000000c0000000, 0x00000000c3900000, 0x00000000eaa80000)
  object space 58368K, 67% used [0x00000000c0000000,0x00000000c26c1758,0x00000000c3900000)
 PSPermGen       total 21504K, used 7239K [0x00000000b5a00000, 0x00000000b6f00000, 0x00000000c0000000)
  object space 21504K, 33% used [0x00000000b5a00000,0x00000000b6111ce0,0x00000000b6f00000)
}
Event: 7,336 GC heap before
{Heap before GC invocations=13 (full 1):
 PSYoungGen      total 111616K, used 111605K [0x00000000eaa80000, 0x00000000f5a80000, 0x0000000100000000)
  eden space 97792K, 100% used [0x00000000eaa80000,0x00000000f0a00000,0x00000000f0a00000)
  from space 13824K, 99% used [0x00000000f0a00000,0x00000000f177d4c0,0x00000000f1780000)
  to   space 18432K, 0% used [0x00000000f4880000,0x00000000f4880000,0x00000000f5a80000)
 ParOldGen       total 58368K, used 39685K [0x00000000c0000000, 0x00000000c3900000, 0x00000000eaa80000)
  object space 58368K, 67% used [0x00000000c0000000,0x00000000c26c1758,0x00000000c3900000)
 PSPermGen       total 21504K, used 7242K [0x00000000b5a00000, 0x00000000b6f00000, 0x00000000c0000000)
  object space 21504K, 33% used [0x00000000b5a00000,0x00000000b6112be0,0x00000000b6f00000)
Event: 8,524 GC heap after
Heap after GC invocations=13 (full 1):
 PSYoungGen      total 160256K, used 16166K [0x00000000eaa80000, 0x00000000f6480000, 0x0000000100000000)
  eden space 141824K, 0% used [0x00000000eaa80000,0x00000000eaa80000,0x00000000f3500000)
  from space 18432K, 87% used [0x00000000f4880000,0x00000000f5849950,0x00000000f5a80000)
  to   space 19968K, 0% used [0x00000000f3500000,0x00000000f3500000,0x00000000f4880000)
 ParOldGen       total 58368K, used 47432K [0x00000000c0000000, 0x00000000c3900000, 0x00000000eaa80000)
  object space 58368K, 81% used [0x00000000c0000000,0x00000000c2e52040,0x00000000c3900000)
 PSPermGen       total 21504K, used 7242K [0x00000000b5a00000, 0x00000000b6f00000, 0x00000000c0000000)
  object space 21504K, 33% used [0x00000000b5a00000,0x00000000b6112be0,0x00000000b6f00000)
}
Event: 8,724 GC heap before
{Heap before GC invocations=14 (full 1):
 PSYoungGen      total 160256K, used 157990K [0x00000000eaa80000, 0x00000000f6480000, 0x0000000100000000)
  eden space 141824K, 100% used [0x00000000eaa80000,0x00000000f3500000,0x00000000f3500000)
  from space 18432K, 87% used [0x00000000f4880000,0x00000000f5849950,0x00000000f5a80000)
  to   space 19968K, 0% used [0x00000000f3500000,0x00000000f3500000,0x00000000f4880000)
 ParOldGen       total 58368K, used 47432K [0x00000000c0000000, 0x00000000c3900000, 0x00000000eaa80000)
  object space 58368K, 81% used [0x00000000c0000000,0x00000000c2e52040,0x00000000c3900000)
 PSPermGen       total 21504K, used 7245K [0x00000000b5a00000, 0x00000000b6f00000, 0x00000000c0000000)
  object space 21504K, 33% used [0x00000000b5a00000,0x00000000b6113580,0x00000000b6f00000)
Event: 9,052 GC heap after
Heap after GC invocations=14 (full 1):
 PSYoungGen      total 161792K, used 19769K [0x00000000eaa80000, 0x00000000fad00000, 0x0000000100000000)
  eden space 141824K, 0% used [0x00000000eaa80000,0x00000000eaa80000,0x00000000f3500000)
  from space 19968K, 99% used [0x00000000f3500000,0x00000000f484e718,0x00000000f4880000)
  to   space 22528K, 0% used [0x00000000f9700000,0x00000000f9700000,0x00000000fad00000)
 ParOldGen       total 58368K, used 47432K [0x00000000c0000000, 0x00000000c3900000, 0x00000000eaa80000)
  object space 58368K, 81% used [0x00000000c0000000,0x00000000c2e52040,0x00000000c3900000)
 PSPermGen       total 21504K, used 7245K [0x00000000b5a00000, 0x00000000b6f00000, 0x00000000c0000000)
  object space 21504K, 33% used [0x00000000b5a00000,0x00000000b6113580,0x00000000b6f00000)
}
Event: 9,252 GC heap before
{Heap before GC invocations=15 (full 1):
 PSYoungGen      total 161792K, used 161593K [0x00000000eaa80000, 0x00000000fad00000, 0x0000000100000000)
  eden space 141824K, 100% used [0x00000000eaa80000,0x00000000f3500000,0x00000000f3500000)
  from space 19968K, 99% used [0x00000000f3500000,0x00000000f484e718,0x00000000f4880000)
  to   space 22528K, 0% used [0x00000000f9700000,0x00000000f9700000,0x00000000fad00000)
 ParOldGen       total 58368K, used 47432K [0x00000000c0000000, 0x00000000c3900000, 0x00000000eaa80000)
  object space 58368K, 81% used [0x00000000c0000000,0x00000000c2e52040,0x00000000c3900000)
 PSPermGen       total 21504K, used 7246K [0x00000000b5a00000, 0x00000000b6f00000, 0x00000000c0000000)
  object space 21504K, 33% used [0x00000000b5a00000,0x00000000b6113ad8,0x00000000b6f00000)
Event: 9,258 GC heap after
Heap after GC invocations=15 (full 1):
 PSYoungGen      total 238080K, used 14066K [0x00000000eaa80000, 0x00000000fab00000, 0x0000000100000000)
  eden space 217600K, 0% used [0x00000000eaa80000,0x00000000eaa80000,0x00000000f7f00000)
  from space 20480K, 68% used [0x00000000f9700000,0x00000000fa4bc9b0,0x00000000fab00000)
  to   space 22528K, 0% used [0x00000000f7f00000,0x00000000f7f00000,0x00000000f9500000)
 ParOldGen       total 58368K, used 47432K [0x00000000c0000000, 0x00000000c3900000, 0x00000000eaa80000)
  object space 58368K, 81% used [0x00000000c0000000,0x00000000c2e52040,0x00000000c3900000)
 PSPermGen       total 21504K, used 7246K [0x00000000b5a00000, 0x00000000b6f00000, 0x00000000c0000000)
  object space 21504K, 33% used [0x00000000b5a00000,0x00000000b6113ad8,0x00000000b6f00000)
}
Event: 9,701 GC heap before
{Heap before GC invocations=16 (full 1):
 PSYoungGen      total 238080K, used 231666K [0x00000000eaa80000, 0x00000000fab00000, 0x0000000100000000)
  eden space 217600K, 100% used [0x00000000eaa80000,0x00000000f7f00000,0x00000000f7f00000)
  from space 20480K, 68% used [0x00000000f9700000,0x00000000fa4bc9b0,0x00000000fab00000)
  to   space 22528K, 0% used [0x00000000f7f00000,0x00000000f7f00000,0x00000000f9500000)
 ParOldGen       total 58368K, used 47432K [0x00000000c0000000, 0x00000000c3900000, 0x00000000eaa80000)
  object space 58368K, 81% used [0x00000000c0000000,0x00000000c2e52040,0x00000000c3900000)
 PSPermGen       total 21504K, used 7250K [0x00000000b5a00000, 0x00000000b6f00000, 0x00000000c0000000)
  object space 21504K, 33% used [0x00000000b5a00000,0x00000000b6114af8,0x00000000b6f00000)

Deoptimization events (10 events):
Event: 5,406 Thread 0x00007f54c800a000 Uncommon trap: reason=array_check action=maybe_recompile pc=0x00007f54c466af50 method=java.util.ComparableTimSort.binarySort([Ljava/lang/Object;III)V @ 193
Event: 5,437 Thread 0x00007f54c800a000 Uncommon trap: reason=array_check action=maybe_recompile pc=0x00007f54c466af50 method=java.util.ComparableTimSort.binarySort([Ljava/lang/Object;III)V @ 193
Event: 5,476 Thread 0x00007f54c800a000 Uncommon trap: reason=array_check action=maybe_recompile pc=0x00007f54c4764074 method=java.util.ComparableTimSort.binarySort([Ljava/lang/Object;III)V @ 215
Event: 5,488 Thread 0x00007f54c800a000 Uncommon trap: reason=array_check action=maybe_recompile pc=0x00007f54c4820b7c method=java.util.TimSort.binarySort([Ljava/lang/Object;IIILjava/util/Comparator;)V @ 193
Event: 5,488 Thread 0x00007f54c800a000 Uncommon trap: reason=array_check action=maybe_recompile pc=0x00007f54c4820c4c method=java.util.TimSort.binarySort([Ljava/lang/Object;IIILjava/util/Comparator;)V @ 183
Event: 5,488 Thread 0x00007f54c800a000 Uncommon trap: reason=array_check action=maybe_recompile pc=0x00007f54c4820a8c method=java.util.TimSort.binarySort([Ljava/lang/Object;IIILjava/util/Comparator;)V @ 215
Event: 5,488 Thread 0x00007f54c800a000 Uncommon trap: reason=array_check action=maybe_recompile pc=0x00007f54c4820b7c method=java.util.TimSort.binarySort([Ljava/lang/Object;IIILjava/util/Comparator;)V @ 193
Event: 5,663 Thread 0x00007f54c800a000 Uncommon trap: reason=array_check action=maybe_recompile pc=0x00007f54c4764074 method=java.util.ComparableTimSort.binarySort([Ljava/lang/Object;III)V @ 215
Event: 5,722 Thread 0x00007f54c800a000 Uncommon trap: reason=array_check action=maybe_recompile pc=0x00007f54c47366b0 method=java.util.ComparableTimSort.binarySort([Ljava/lang/Object;III)V @ 183
Event: 5,787 Thread 0x00007f54c800a000 Uncommon trap: reason=array_check action=maybe_recompile pc=0x00007f54c47366b0 method=java.util.ComparableTimSort.binarySort([Ljava/lang/Object;III)V @ 183

Internal exceptions (10 events):
Event: 4,528 Thread 0x00007f54c800a000 Threw 0x00000000eb641608 at /build/buildd/openjdk-7-7u71-2.5.3/build/openjdk/hotspot/src/share/vm/prims/jvm.cpp:1284
Event: 4,530 Thread 0x00007f54c800a000 Threw 0x00000000eb688e30 at /build/buildd/openjdk-7-7u71-2.5.3/build/openjdk/hotspot/src/share/vm/prims/jvm.cpp:1284
Event: 4,530 Thread 0x00007f54c800a000 Threw 0x00000000eb68b9c0 at /build/buildd/openjdk-7-7u71-2.5.3/build/openjdk/hotspot/src/share/vm/prims/jvm.cpp:1284
Event: 4,732 Thread 0x00007f54c800a000 Threw 0x00000000ebdd8188 at /build/buildd/openjdk-7-7u71-2.5.3/build/openjdk/hotspot/src/share/vm/prims/jvm.cpp:1284
Event: 4,732 Thread 0x00007f54c800a000 Threw 0x00000000ebdd82b0 at /build/buildd/openjdk-7-7u71-2.5.3/build/openjdk/hotspot/src/share/vm/prims/jvm.cpp:1284
Event: 4,733 Thread 0x00007f54c800a000 Threw 0x00000000ebdda960 at /build/buildd/openjdk-7-7u71-2.5.3/build/openjdk/hotspot/src/share/vm/prims/jvm.cpp:1284
Event: 4,733 Thread 0x00007f54c800a000 Threw 0x00000000ebddaa88 at /build/buildd/openjdk-7-7u71-2.5.3/build/openjdk/hotspot/src/share/vm/prims/jvm.cpp:1284
Event: 4,733 Thread 0x00007f54c800a000 Threw 0x00000000ebddb488 at /build/buildd/openjdk-7-7u71-2.5.3/build/openjdk/hotspot/src/share/vm/prims/jvm.cpp:1284
Event: 4,733 Thread 0x00007f54c800a000 Threw 0x00000000ebddb5b0 at /build/buildd/openjdk-7-7u71-2.5.3/build/openjdk/hotspot/src/share/vm/prims/jvm.cpp:1284
Event: 4,849 Thread 0x00007f54c800a000 Threw 0x00000000ec4e11b0 at /build/buildd/openjdk-7-7u71-2.5.3/build/openjdk/hotspot/src/share/vm/prims/jvm.cpp:1284

Events (10 events):
Event: 7,180 Executing VM operation: ParallelGCFailedAllocation
Event: 7,188 Executing VM operation: ParallelGCFailedAllocation done
Event: 7,336 Executing VM operation: ParallelGCFailedAllocation
Event: 8,524 Executing VM operation: ParallelGCFailedAllocation done
Event: 8,724 Executing VM operation: ParallelGCFailedAllocation
Event: 9,052 Executing VM operation: ParallelGCFailedAllocation done
Event: 9,252 Executing VM operation: ParallelGCFailedAllocation
Event: 9,258 Executing VM operation: ParallelGCFailedAllocation done
Event: 9,558 Thread 0x00007f54c8172800 flushing nmethod 0x00007f54c4816e10
Event: 9,701 Executing VM operation: ParallelGCFailedAllocation


Dynamic libraries:
00400000-00401000 r-xp 00000000 08:06 1584066                            /usr/lib/jvm/java-7-openjdk-amd64/jre/bin/java
00600000-00601000 r--p 00000000 08:06 1584066                            /usr/lib/jvm/java-7-openjdk-amd64/jre/bin/java
00601000-00602000 rw-p 00001000 08:06 1584066                            /usr/lib/jvm/java-7-openjdk-amd64/jre/bin/java
025aa000-025cb000 rw-p 00000000 00:00 0                                  [heap]
b5a00000-b6f00000 rw-p 00000000 00:00 0 
b6f00000-c0000000 rw-p 00000000 00:00 0 
c0000000-c3900000 rw-p 00000000 00:00 0 
c3900000-eaa80000 rw-p 00000000 00:00 0 
eaa80000-fab00000 rw-p 00000000 00:00 0 
7f548c000000-7f548c021000 rw-p 00000000 00:00 0 
7f548c021000-7f5490000000 ---p 00000000 00:00 0 
7f5490000000-7f5490021000 rw-p 00000000 00:00 0 
7f5490021000-7f5494000000 ---p 00000000 00:00 0 
7f5494000000-7f54952de000 rw-p 00000000 00:00 0 
7f54952de000-7f5498000000 ---p 00000000 00:00 0 
7f5498000000-7f5498da5000 rw-p 00000000 00:00 0 
7f5498da5000-7f549c000000 ---p 00000000 00:00 0 
7f549c000000-7f549c021000 rw-p 00000000 00:00 0 
7f549c021000-7f54a0000000 ---p 00000000 00:00 0 
7f54a0000000-7f54a0021000 rw-p 00000000 00:00 0 
7f54a0021000-7f54a4000000 ---p 00000000 00:00 0 
7f54a4000000-7f54a4243000 rw-p 00000000 00:00 0 
7f54a4243000-7f54a8000000 ---p 00000000 00:00 0 
7f54a8000000-7f54a8021000 rw-p 00000000 00:00 0 
7f54a8021000-7f54ac000000 ---p 00000000 00:00 0 
7f54ac000000-7f54ac021000 rw-p 00000000 00:00 0 
7f54ac021000-7f54b0000000 ---p 00000000 00:00 0 
7f54b1c32000-7f54b1c6f000 r-xp 00000000 08:06 2232416                    /lib/x86_64-linux-gnu/libpcre.so.3.13.1
7f54b1c6f000-7f54b1e6e000 ---p 0003d000 08:06 2232416                    /lib/x86_64-linux-gnu/libpcre.so.3.13.1
7f54b1e6e000-7f54b1e6f000 r--p 0003c000 08:06 2232416                    /lib/x86_64-linux-gnu/libpcre.so.3.13.1
7f54b1e6f000-7f54b1e70000 rw-p 0003d000 08:06 2232416                    /lib/x86_64-linux-gnu/libpcre.so.3.13.1
7f54b1e70000-7f54b1e77000 r-xp 00000000 08:06 1451072                    /usr/lib/x86_64-linux-gnu/libffi.so.6.0.1
7f54b1e77000-7f54b2076000 ---p 00007000 08:06 1451072                    /usr/lib/x86_64-linux-gnu/libffi.so.6.0.1
7f54b2076000-7f54b2077000 r--p 00006000 08:06 1451072                    /usr/lib/x86_64-linux-gnu/libffi.so.6.0.1
7f54b2077000-7f54b2078000 rw-p 00007000 08:06 1451072                    /usr/lib/x86_64-linux-gnu/libffi.so.6.0.1
7f54b2078000-7f54b208f000 r-xp 00000000 08:06 2237559                    /lib/x86_64-linux-gnu/libresolv-2.19.so
7f54b208f000-7f54b228f000 ---p 00017000 08:06 2237559                    /lib/x86_64-linux-gnu/libresolv-2.19.so
7f54b228f000-7f54b2290000 r--p 00017000 08:06 2237559                    /lib/x86_64-linux-gnu/libresolv-2.19.so
7f54b2290000-7f54b2291000 rw-p 00018000 08:06 2237559                    /lib/x86_64-linux-gnu/libresolv-2.19.so
7f54b2291000-7f54b2293000 rw-p 00000000 00:00 0 
7f54b2293000-7f54b22b3000 r-xp 00000000 08:06 2232443                    /lib/x86_64-linux-gnu/libselinux.so.1
7f54b22b3000-7f54b24b2000 ---p 00020000 08:06 2232443                    /lib/x86_64-linux-gnu/libselinux.so.1
7f54b24b2000-7f54b24b3000 r--p 0001f000 08:06 2232443                    /lib/x86_64-linux-gnu/libselinux.so.1
7f54b24b3000-7f54b24b4000 rw-p 00020000 08:06 2232443                    /lib/x86_64-linux-gnu/libselinux.so.1
7f54b24b4000-7f54b24b6000 rw-p 00000000 00:00 0 
7f54b24b6000-7f54b24b9000 r-xp 00000000 08:06 1442156                    /usr/lib/x86_64-linux-gnu/libgmodule-2.0.so.0.4002.0
7f54b24b9000-7f54b26b8000 ---p 00003000 08:06 1442156                    /usr/lib/x86_64-linux-gnu/libgmodule-2.0.so.0.4002.0
7f54b26b8000-7f54b26b9000 r--p 00002000 08:06 1442156                    /usr/lib/x86_64-linux-gnu/libgmodule-2.0.so.0.4002.0
7f54b26b9000-7f54b26ba000 rw-p 00003000 08:06 1442156                    /usr/lib/x86_64-linux-gnu/libgmodule-2.0.so.0.4002.0
7f54b26ba000-7f54b27c0000 r-xp 00000000 08:06 2239090                    /lib/x86_64-linux-gnu/libglib-2.0.so.0.4002.0
7f54b27c0000-7f54b29bf000 ---p 00106000 08:06 2239090                    /lib/x86_64-linux-gnu/libglib-2.0.so.0.4002.0
7f54b29bf000-7f54b29c0000 r--p 00105000 08:06 2239090                    /lib/x86_64-linux-gnu/libglib-2.0.so.0.4002.0
7f54b29c0000-7f54b29c1000 rw-p 00106000 08:06 2239090                    /lib/x86_64-linux-gnu/libglib-2.0.so.0.4002.0
7f54b29c1000-7f54b29c2000 rw-p 00000000 00:00 0 
7f54b29c2000-7f54b2a11000 r-xp 00000000 08:06 1442174                    /usr/lib/x86_64-linux-gnu/libgobject-2.0.so.0.4002.0
7f54b2a11000-7f54b2c11000 ---p 0004f000 08:06 1442174                    /usr/lib/x86_64-linux-gnu/libgobject-2.0.so.0.4002.0
7f54b2c11000-7f54b2c12000 r--p 0004f000 08:06 1442174                    /usr/lib/x86_64-linux-gnu/libgobject-2.0.so.0.4002.0
7f54b2c12000-7f54b2c13000 rw-p 00050000 08:06 1442174                    /usr/lib/x86_64-linux-gnu/libgobject-2.0.so.0.4002.0
7f54b2c13000-7f54b2d7f000 r-xp 00000000 08:06 1442178                    /usr/lib/x86_64-linux-gnu/libgio-2.0.so.0.4002.0
7f54b2d7f000-7f54b2f7e000 ---p 0016c000 08:06 1442178                    /usr/lib/x86_64-linux-gnu/libgio-2.0.so.0.4002.0
7f54b2f7e000-7f54b2f82000 r--p 0016b000 08:06 1442178                    /usr/lib/x86_64-linux-gnu/libgio-2.0.so.0.4002.0
7f54b2f82000-7f54b2f84000 rw-p 0016f000 08:06 1442178                    /usr/lib/x86_64-linux-gnu/libgio-2.0.so.0.4002.0
7f54b2f84000-7f54b2f86000 rw-p 00000000 00:00 0 
7f54b2f86000-7f54b2f9d000 r-xp 00000000 08:06 1455285                    /usr/lib/jvm/java-7-openjdk-amd64/jre/lib/amd64/libnet.so
7f54b2f9d000-7f54b319c000 ---p 00017000 08:06 1455285                    /usr/lib/jvm/java-7-openjdk-amd64/jre/lib/amd64/libnet.so
7f54b319c000-7f54b319d000 r--p 00016000 08:06 1455285                    /usr/lib/jvm/java-7-openjdk-amd64/jre/lib/amd64/libnet.so
7f54b319d000-7f54b319e000 rw-p 00017000 08:06 1455285                    /usr/lib/jvm/java-7-openjdk-amd64/jre/lib/amd64/libnet.so
7f54b319e000-7f54b31ae000 r-xp 00000000 08:06 1455300                    /usr/lib/jvm/java-7-openjdk-amd64/jre/lib/amd64/libnio.so
7f54b31ae000-7f54b33ae000 ---p 00010000 08:06 1455300                    /usr/lib/jvm/java-7-openjdk-amd64/jre/lib/amd64/libnio.so
7f54b33ae000-7f54b33af000 r--p 00010000 08:06 1455300                    /usr/lib/jvm/java-7-openjdk-amd64/jre/lib/amd64/libnio.so
7f54b33af000-7f54b33b0000 rw-p 00011000 08:06 1455300                    /usr/lib/jvm/java-7-openjdk-amd64/jre/lib/amd64/libnio.so
7f54b33b0000-7f54b33b1000 ---p 00000000 00:00 0 
7f54b33b1000-7f54b34b1000 rw-p 00000000 00:00 0                          [stack:8470]
7f54b34b1000-7f54b34b4000 ---p 00000000 00:00 0 
7f54b34b4000-7f54b35b2000 rw-p 00000000 00:00 0                          [stack:8469]
7f54b35b2000-7f54b35b5000 ---p 00000000 00:00 0 
7f54b35b5000-7f54b36b3000 rw-p 00000000 00:00 0                          [stack:8468]
7f54b36b3000-7f54b36b6000 ---p 00000000 00:00 0 
7f54b36b6000-7f54b37b4000 rw-p 00000000 00:00 0                          [stack:8467]
7f54b37b4000-7f54b4000000 r--p 00000000 08:06 1449661                    /usr/lib/locale/locale-archive
7f54b4000000-7f54b4021000 rw-p 00000000 00:00 0 
7f54b4021000-7f54b8000000 ---p 00000000 00:00 0 
7f54b8000000-7f54b8021000 rw-p 00000000 00:00 0 
7f54b8021000-7f54bc000000 ---p 00000000 00:00 0 
7f54bc000000-7f54bc021000 rw-p 00000000 00:00 0 
7f54bc021000-7f54c0000000 ---p 00000000 00:00 0 
7f54c0014000-7f54c001b000 r--s 00000000 08:06 1710979                    /usr/lib/x86_64-linux-gnu/gconv/gconv-modules.cache
7f54c001b000-7f54c004b000 r--p 00000000 08:06 2387679                    /usr/share/locale-langpack/uk/LC_MESSAGES/libc.mo
7f54c004b000-7f54c0059000 r--s 000dc000 08:06 1180921                    /opt/android-studio/sdk/build-tools/21.0.1/lib/dx.jar
7f54c0059000-7f54c005c000 ---p 00000000 00:00 0 
7f54c005c000-7f54c015a000 rw-p 00000000 00:00 0                          [stack:8466]
7f54c015a000-7f54c015d000 ---p 00000000 00:00 0 
7f54c015d000-7f54c025b000 rw-p 00000000 00:00 0                          [stack:8465]
7f54c025b000-7f54c025e000 ---p 00000000 00:00 0 
7f54c025e000-7f54c035c000 rw-p 00000000 00:00 0                          [stack:8464]
7f54c035c000-7f54c035d000 ---p 00000000 00:00 0 
7f54c035d000-7f54c13b5000 rw-p 00000000 00:00 0                          [stack:8463]
7f54c13b5000-7f54c1566000 r--s 01d25000 08:06 1455343                    /usr/lib/jvm/java-7-openjdk-amd64/jre/lib/rt.jar
7f54c1566000-7f54c3dba000 rw-p 00000000 00:00 0 
7f54c3dba000-7f54c3dbb000 ---p 00000000 00:00 0 
7f54c3dbb000-7f54c3ebb000 rw-p 00000000 00:00 0                          [stack:8462]
7f54c3ebb000-7f54c3ebc000 ---p 00000000 00:00 0 
7f54c3ebc000-7f54c3fbc000 rw-p 00000000 00:00 0                          [stack:8461]
7f54c3fbc000-7f54c3fbd000 ---p 00000000 00:00 0 
7f54c3fbd000-7f54c40bd000 rw-p 00000000 00:00 0                          [stack:8460]
7f54c40bd000-7f54c40be000 ---p 00000000 00:00 0 
7f54c40be000-7f54c41c9000 rw-p 00000000 00:00 0                          [stack:8459]
7f54c41c9000-7f54c4211000 rw-p 00000000 00:00 0 
7f54c4211000-7f54c422e000 rw-p 00000000 00:00 0 
7f54c422e000-7f54c4367000 rw-p 00000000 00:00 0 
7f54c4367000-7f54c4372000 rw-p 00000000 00:00 0 
7f54c4372000-7f54c43ba000 rw-p 00000000 00:00 0 
7f54c43ba000-7f54c43d7000 rw-p 00000000 00:00 0 
7f54c43d7000-7f54c450f000 rw-p 00000000 00:00 0 
7f54c450f000-7f54c4590000 rw-p 00000000 00:00 0 
7f54c4590000-7f54c4591000 ---p 00000000 00:00 0 
7f54c4591000-7f54c45ba000 rw-p 00000000 00:00 0 
7f54c45ba000-7f54c45bb000 rw-p 00000000 00:00 0 
7f54c45bb000-7f54c488b000 rwxp 00000000 00:00 0 
7f54c488b000-7f54c75bb000 rw-p 00000000 00:00 0 
7f54c75bb000-7f54c75c3000 r-xp 00000000 08:06 1455279                    /usr/lib/jvm/java-7-openjdk-amd64/jre/lib/amd64/libzip.so
7f54c75c3000-7f54c77c2000 ---p 00008000 08:06 1455279                    /usr/lib/jvm/java-7-openjdk-amd64/jre/lib/amd64/libzip.so
7f54c77c2000-7f54c77c3000 r--p 00007000 08:06 1455279                    /usr/lib/jvm/java-7-openjdk-amd64/jre/lib/amd64/libzip.so
7f54c77c3000-7f54c77c4000 rw-p 00008000 08:06 1455279                    /usr/lib/jvm/java-7-openjdk-amd64/jre/lib/amd64/libzip.so
7f54c77c4000-7f54c77cf000 r-xp 00000000 08:06 2237573                    /lib/x86_64-linux-gnu/libnss_files-2.19.so
7f54c77cf000-7f54c79ce000 ---p 0000b000 08:06 2237573                    /lib/x86_64-linux-gnu/libnss_files-2.19.so
7f54c79ce000-7f54c79cf000 r--p 0000a000 08:06 2237573                    /lib/x86_64-linux-gnu/libnss_files-2.19.so
7f54c79cf000-7f54c79d0000 rw-p 0000b000 08:06 2237573                    /lib/x86_64-linux-gnu/libnss_files-2.19.so
7f54c79d0000-7f54c79db000 r-xp 00000000 08:06 2237574                    /lib/x86_64-linux-gnu/libnss_nis-2.19.so
7f54c79db000-7f54c7bda000 ---p 0000b000 08:06 2237574                    /lib/x86_64-linux-gnu/libnss_nis-2.19.so
7f54c7bda000-7f54c7bdb000 r--p 0000a000 08:06 2237574                    /lib/x86_64-linux-gnu/libnss_nis-2.19.so
7f54c7bdb000-7f54c7bdc000 rw-p 0000b000 08:06 2237574                    /lib/x86_64-linux-gnu/libnss_nis-2.19.so
7f54c7bdc000-7f54c7bf3000 r-xp 00000000 08:06 2237560                    /lib/x86_64-linux-gnu/libnsl-2.19.so
7f54c7bf3000-7f54c7df2000 ---p 00017000 08:06 2237560                    /lib/x86_64-linux-gnu/libnsl-2.19.so
7f54c7df2000-7f54c7df3000 r--p 00016000 08:06 2237560                    /lib/x86_64-linux-gnu/libnsl-2.19.so
7f54c7df3000-7f54c7df4000 rw-p 00017000 08:06 2237560                    /lib/x86_64-linux-gnu/libnsl-2.19.so
7f54c7df4000-7f54c7df6000 rw-p 00000000 00:00 0 
7f54c7df6000-7f54c7dff000 r-xp 00000000 08:06 2237557                    /lib/x86_64-linux-gnu/libnss_compat-2.19.so
7f54c7dff000-7f54c7ffe000 ---p 00009000 08:06 2237557                    /lib/x86_64-linux-gnu/libnss_compat-2.19.so
7f54c7ffe000-7f54c7fff000 r--p 00008000 08:06 2237557                    /lib/x86_64-linux-gnu/libnss_compat-2.19.so
7f54c7fff000-7f54c8000000 rw-p 00009000 08:06 2237557                    /lib/x86_64-linux-gnu/libnss_compat-2.19.so
7f54c8000000-7f54c8394000 rw-p 00000000 00:00 0 
7f54c8394000-7f54cc000000 ---p 00000000 00:00 0 
7f54cc005000-7f54cc00a000 r--s 0004c000 08:06 1455321                    /usr/lib/jvm/java-7-openjdk-amd64/jre/lib/jsse.jar
7f54cc00a000-7f54cc035000 r-xp 00000000 08:06 1455284                    /usr/lib/jvm/java-7-openjdk-amd64/jre/lib/amd64/libjava.so
7f54cc035000-7f54cc234000 ---p 0002b000 08:06 1455284                    /usr/lib/jvm/java-7-openjdk-amd64/jre/lib/amd64/libjava.so
7f54cc234000-7f54cc235000 r--p 0002a000 08:06 1455284                    /usr/lib/jvm/java-7-openjdk-amd64/jre/lib/amd64/libjava.so
7f54cc235000-7f54cc237000 rw-p 0002b000 08:06 1455284                    /usr/lib/jvm/java-7-openjdk-amd64/jre/lib/amd64/libjava.so
7f54cc237000-7f54cc247000 r-xp 00000000 08:06 1455299                    /usr/lib/jvm/java-7-openjdk-amd64/jre/lib/amd64/libverify.so
7f54cc247000-7f54cc446000 ---p 00010000 08:06 1455299                    /usr/lib/jvm/java-7-openjdk-amd64/jre/lib/amd64/libverify.so
7f54cc446000-7f54cc448000 r--p 0000f000 08:06 1455299                    /usr/lib/jvm/java-7-openjdk-amd64/jre/lib/amd64/libverify.so
7f54cc448000-7f54cc449000 rw-p 00011000 08:06 1455299                    /usr/lib/jvm/java-7-openjdk-amd64/jre/lib/amd64/libverify.so
7f54cc449000-7f54cc450000 r-xp 00000000 08:06 2237562                    /lib/x86_64-linux-gnu/librt-2.19.so
7f54cc450000-7f54cc64f000 ---p 00007000 08:06 2237562                    /lib/x86_64-linux-gnu/librt-2.19.so
7f54cc64f000-7f54cc650000 r--p 00006000 08:06 2237562                    /lib/x86_64-linux-gnu/librt-2.19.so
7f54cc650000-7f54cc651000 rw-p 00007000 08:06 2237562                    /lib/x86_64-linux-gnu/librt-2.19.so
7f54cc651000-7f54cc667000 r-xp 00000000 08:06 2232319                    /lib/x86_64-linux-gnu/libgcc_s.so.1
7f54cc667000-7f54cc866000 ---p 00016000 08:06 2232319                    /lib/x86_64-linux-gnu/libgcc_s.so.1
7f54cc866000-7f54cc867000 rw-p 00015000 08:06 2232319                    /lib/x86_64-linux-gnu/libgcc_s.so.1
7f54cc867000-7f54cc96c000 r-xp 00000000 08:06 2237569                    /lib/x86_64-linux-gnu/libm-2.19.so
7f54cc96c000-7f54ccb6b000 ---p 00105000 08:06 2237569                    /lib/x86_64-linux-gnu/libm-2.19.so
7f54ccb6b000-7f54ccb6c000 r--p 00104000 08:06 2237569                    /lib/x86_64-linux-gnu/libm-2.19.so
7f54ccb6c000-7f54ccb6d000 rw-p 00105000 08:06 2237569                    /lib/x86_64-linux-gnu/libm-2.19.so
7f54ccb6d000-7f54ccc53000 r-xp 00000000 08:06 1451700                    /usr/lib/x86_64-linux-gnu/libstdc++.so.6.0.19
7f54ccc53000-7f54cce52000 ---p 000e6000 08:06 1451700                    /usr/lib/x86_64-linux-gnu/libstdc++.so.6.0.19
7f54cce52000-7f54cce5a000 r--p 000e5000 08:06 1451700                    /usr/lib/x86_64-linux-gnu/libstdc++.so.6.0.19
7f54cce5a000-7f54cce5c000 rw-p 000ed000 08:06 1451700                    /usr/lib/x86_64-linux-gnu/libstdc++.so.6.0.19
7f54cce5c000-7f54cce71000 rw-p 00000000 00:00 0 
7f54cce71000-7f54cd987000 r-xp 00000000 08:06 1584041                    /usr/lib/jvm/java-7-openjdk-amd64/jre/lib/amd64/server/libjvm.so
7f54cd987000-7f54cdb86000 ---p 00b16000 08:06 1584041                    /usr/lib/jvm/java-7-openjdk-amd64/jre/lib/amd64/server/libjvm.so
7f54cdb86000-7f54cdc20000 r--p 00b15000 08:06 1584041                    /usr/lib/jvm/java-7-openjdk-amd64/jre/lib/amd64/server/libjvm.so
7f54cdc20000-7f54cdc43000 rw-p 00baf000 08:06 1584041                    /usr/lib/jvm/java-7-openjdk-amd64/jre/lib/amd64/server/libjvm.so
7f54cdc43000-7f54cdc71000 rw-p 00000000 00:00 0 
7f54cdc71000-7f54cdc89000 r-xp 00000000 08:06 2232476                    /lib/x86_64-linux-gnu/libz.so.1.2.8
7f54cdc89000-7f54cde88000 ---p 00018000 08:06 2232476                    /lib/x86_64-linux-gnu/libz.so.1.2.8
7f54cde88000-7f54cde89000 r--p 00017000 08:06 2232476                    /lib/x86_64-linux-gnu/libz.so.1.2.8
7f54cde89000-7f54cde8a000 rw-p 00018000 08:06 2232476                    /lib/x86_64-linux-gnu/libz.so.1.2.8
7f54cde8a000-7f54cdea3000 r-xp 00000000 08:06 2237579                    /lib/x86_64-linux-gnu/libpthread-2.19.so
7f54cdea3000-7f54ce0a2000 ---p 00019000 08:06 2237579                    /lib/x86_64-linux-gnu/libpthread-2.19.so
7f54ce0a2000-7f54ce0a3000 r--p 00018000 08:06 2237579                    /lib/x86_64-linux-gnu/libpthread-2.19.so
7f54ce0a3000-7f54ce0a4000 rw-p 00019000 08:06 2237579                    /lib/x86_64-linux-gnu/libpthread-2.19.so
7f54ce0a4000-7f54ce0a8000 rw-p 00000000 00:00 0 
7f54ce0a8000-7f54ce0ab000 r-xp 00000000 08:06 2237578                    /lib/x86_64-linux-gnu/libdl-2.19.so
7f54ce0ab000-7f54ce2aa000 ---p 00003000 08:06 2237578                    /lib/x86_64-linux-gnu/libdl-2.19.so
7f54ce2aa000-7f54ce2ab000 r--p 00002000 08:06 2237578                    /lib/x86_64-linux-gnu/libdl-2.19.so
7f54ce2ab000-7f54ce2ac000 rw-p 00003000 08:06 2237578                    /lib/x86_64-linux-gnu/libdl-2.19.so
7f54ce2ac000-7f54ce467000 r-xp 00000000 08:06 2237566                    /lib/x86_64-linux-gnu/libc-2.19.so
7f54ce467000-7f54ce667000 ---p 001bb000 08:06 2237566                    /lib/x86_64-linux-gnu/libc-2.19.so
7f54ce667000-7f54ce66b000 r--p 001bb000 08:06 2237566                    /lib/x86_64-linux-gnu/libc-2.19.so
7f54ce66b000-7f54ce66d000 rw-p 001bf000 08:06 2237566                    /lib/x86_64-linux-gnu/libc-2.19.so
7f54ce66d000-7f54ce672000 rw-p 00000000 00:00 0 
7f54ce672000-7f54ce67f000 r-xp 00000000 08:06 1584039                    /usr/lib/jvm/java-7-openjdk-amd64/jre/lib/amd64/jli/libjli.so
7f54ce67f000-7f54ce87e000 ---p 0000d000 08:06 1584039                    /usr/lib/jvm/java-7-openjdk-amd64/jre/lib/amd64/jli/libjli.so
7f54ce87e000-7f54ce87f000 r--p 0000c000 08:06 1584039                    /usr/lib/jvm/java-7-openjdk-amd64/jre/lib/amd64/jli/libjli.so
7f54ce87f000-7f54ce880000 rw-p 0000d000 08:06 1584039                    /usr/lib/jvm/java-7-openjdk-amd64/jre/lib/amd64/jli/libjli.so
7f54ce880000-7f54ce8a3000 r-xp 00000000 08:06 2237567                    /lib/x86_64-linux-gnu/ld-2.19.so
7f54ce8a3000-7f54ce8c7000 rw-p 00000000 00:00 0 
7f54ce8c7000-7f54ce97b000 rw-p 00000000 00:00 0 
7f54ce97b000-7f54ce97e000 ---p 00000000 00:00 0 
7f54ce97e000-7f54cea82000 rw-p 00000000 00:00 0                          [stack:8458]
7f54cea82000-7f54cea86000 r--s 00085000 08:06 1455340                    /usr/lib/jvm/java-7-openjdk-amd64/jre/lib/ext/localedata.jar
7f54cea86000-7f54cea89000 r--s 0000f000 08:06 1455336                    /usr/lib/jvm/java-7-openjdk-amd64/jre/lib/ext/icedtea-sound.jar
7f54cea89000-7f54cea8d000 r--s 00034000 08:06 1455341                    /usr/lib/jvm/java-7-openjdk-amd64/jre/lib/ext/sunjce_provider.jar
7f54cea8d000-7f54cea8f000 r--s 00012000 08:06 1455337                    /usr/lib/jvm/java-7-openjdk-amd64/jre/lib/ext/zipfs.jar
7f54cea8f000-7f54cea93000 r--s 0003c000 08:06 1455339                    /usr/lib/jvm/java-7-openjdk-amd64/jre/lib/ext/sunpkcs11.jar
7f54cea93000-7f54cea95000 r--s 00006000 08:06 1851433                    /usr/share/java/java-atk-wrapper.jar
7f54cea95000-7f54cea96000 r--s 00002000 08:06 1455342                    /usr/lib/jvm/java-7-openjdk-amd64/jre/lib/ext/dnsns.jar
7f54cea96000-7f54cea9e000 rw-s 00000000 08:06 1196799                    /tmp/hsperfdata_gigamole/8450
7f54cea9e000-7f54cea9f000 rw-p 00000000 00:00 0 
7f54cea9f000-7f54ceaa0000 ---p 00000000 00:00 0 
7f54ceaa0000-7f54ceaa2000 rw-p 00000000 00:00 0 
7f54ceaa2000-7f54ceaa3000 r--p 00022000 08:06 2237567                    /lib/x86_64-linux-gnu/ld-2.19.so
7f54ceaa3000-7f54ceaa4000 rw-p 00023000 08:06 2237567                    /lib/x86_64-linux-gnu/ld-2.19.so
7f54ceaa4000-7f54ceaa5000 rw-p 00000000 00:00 0 
7fff75595000-7fff755b6000 rw-p 00000000 00:00 0                          [stack]
7fff755fe000-7fff75600000 r-xp 00000000 00:00 0                          [vdso]
ffffffffff600000-ffffffffff601000 r-xp 00000000 00:00 0                  [vsyscall]

VM Arguments:
jvm_args: -Xmx1024M 
java_command: /opt/android-studio/sdk/build-tools/21.0.1/lib/dx.jar --dex --no-optimize --output /home/gigamole/Projects/tif/tif/app/build/intermediates/dex/debug --input-list=/home/gigamole/Projects/tif/tif/app/build/intermediates/tmp/dex/debug/inputList.txt
Launcher Type: SUN_STANDARD

Environment Variables:
JAVA_HOME=/usr/lib/jvm/jdk1.7.0
CLASSPATH=/opt/android-studio/bin/../lib/bootstrap.jar:/opt/android-studio/bin/../lib/extensions.jar:/opt/android-studio/bin/../lib/util.jar:/opt/android-studio/bin/../lib/jdom.jar:/opt/android-studio/bin/../lib/log4j.jar:/opt/android-studio/bin/../lib/trove4j.jar:/opt/android-studio/bin/../lib/jna.jar:/usr/lib/jvm/java-7-openjdk-amd64/lib/tools.jar
PATH=/usr/local/sbin:/usr/local/bin:/usr/sbin:/usr/bin:/sbin:/bin:/usr/games:/usr/local/games:/home/gigamole/bin:/usr/lib/jvm/jdk1.7.0/bin
LD_LIBRARY_PATH=/opt/android-studio/bin:
SHELL=/bin/bash
DISPLAY=:0

Signal Handlers:
SIGSEGV: [libjvm.so+0x9495e0], sa_mask[0]=0x7ffbfeff, sa_flags=0x10000004
SIGBUS: [libjvm.so+0x9495e0], sa_mask[0]=0x7ffbfeff, sa_flags=0x10000004
SIGFPE: [libjvm.so+0x7c3410], sa_mask[0]=0x7ffbfeff, sa_flags=0x10000004
SIGPIPE: [libjvm.so+0x7c3410], sa_mask[0]=0x7ffbfeff, sa_flags=0x10000004
SIGXFSZ: [libjvm.so+0x7c3410], sa_mask[0]=0x7ffbfeff, sa_flags=0x10000004
SIGILL: [libjvm.so+0x7c3410], sa_mask[0]=0x7ffbfeff, sa_flags=0x10000004
SIGUSR1: SIG_DFL, sa_mask[0]=0x00000000, sa_flags=0x00000000
SIGUSR2: [libjvm.so+0x7c32b0], sa_mask[0]=0x00000004, sa_flags=0x10000004
SIGHUP: [libjvm.so+0x7c3490], sa_mask[0]=0x7ffbfeff, sa_flags=0x10000004
SIGINT: [libjvm.so+0x7c3490], sa_mask[0]=0x7ffbfeff, sa_flags=0x10000004
SIGTERM: [libjvm.so+0x7c3490], sa_mask[0]=0x7ffbfeff, sa_flags=0x10000004
SIGQUIT: [libjvm.so+0x7c3490], sa_mask[0]=0x7ffbfeff, sa_flags=0x10000004
SIGTRAP: SIG_DFL, sa_mask[0]=0x00000000, sa_flags=0x00000000


---------------  S Y S T E M  ---------------

OS:Ubuntu 14.04 (trusty)
uname:Linux 3.13.0-37-generic #64-Ubuntu SMP Mon Sep 22 21:28:38 UTC 2014 x86_64
libc:glibc 2.19 NPTL 2.19 
rlimit: STACK 8192k, CORE 0k, NPROC 26792, NOFILE 4096, AS infinity
load average:1,24 3,88 3,01

/proc/meminfo:
MemTotal:        3459312 kB
MemFree:          107144 kB
Buffers:             764 kB
Cached:           218540 kB
SwapCached:        23300 kB
Active:          2260112 kB
Inactive:         900064 kB
Active(anon):    2246380 kB
Inactive(anon):   881444 kB
Active(file):      13732 kB
Inactive(file):    18620 kB
Unevictable:          32 kB
Mlocked:              32 kB
SwapTotal:        999420 kB
SwapFree:            124 kB
Dirty:               296 kB
Writeback:             0 kB
AnonPages:       2918068 kB
Mapped:            32360 kB
Shmem:            186592 kB
Slab:              65944 kB
SReclaimable:      31352 kB
SUnreclaim:        34592 kB
KernelStack:        4928 kB
PageTables:        38692 kB
NFS_Unstable:          0 kB
Bounce:                0 kB
WritebackTmp:          0 kB
CommitLimit:     2729076 kB
Committed_AS:    7499960 kB
VmallocTotal:   34359738367 kB
VmallocUsed:      545396 kB
VmallocChunk:   34359187440 kB
HardwareCorrupted:     0 kB
AnonHugePages:   1163264 kB
HugePages_Total:       0
HugePages_Free:        0
HugePages_Rsvd:        0
HugePages_Surp:        0
Hugepagesize:       2048 kB
DirectMap4k:       62976 kB
DirectMap2M:     2486272 kB
DirectMap1G:     1048576 kB


CPU:total 4 (2 cores per cpu, 2 threads per core) family 6 model 60 stepping 3, cmov, cx8, fxsr, mmx, sse, sse2, sse3, ssse3, sse4.1, sse4.2, popcnt, avx, avx2, aes, erms, ht, tsc, tscinvbit

/proc/cpuinfo:
processor	: 0
vendor_id	: GenuineIntel
cpu family	: 6
model		: 60
model name	: Intel(R) Core(TM) i5-4300M CPU @ 2.60GHz
stepping	: 3
microcode	: 0x16
cpu MHz		: 800.000
cache size	: 3072 KB
physical id	: 0
siblings	: 4
core id		: 0
cpu cores	: 2
apicid		: 0
initial apicid	: 0
fpu		: yes
fpu_exception	: yes
cpuid level	: 13
wp		: yes
flags		: fpu vme de pse tsc msr pae mce cx8 apic sep mtrr pge mca cmov pat pse36 clflush dts acpi mmx fxsr sse sse2 ss ht tm pbe syscall nx pdpe1gb rdtscp lm constant_tsc arch_perfmon pebs bts rep_good nopl xtopology nonstop_tsc aperfmperf eagerfpu pni pclmulqdq dtes64 monitor ds_cpl vmx smx est tm2 ssse3 fma cx16 xtpr pdcm pcid sse4_1 sse4_2 x2apic movbe popcnt tsc_deadline_timer aes xsave avx f16c rdrand lahf_lm abm ida arat epb xsaveopt pln pts dtherm tpr_shadow vnmi flexpriority ept vpid fsgsbase tsc_adjust bmi1 hle avx2 smep bmi2 erms invpcid rtm
bogomips	: 5188.16
clflush size	: 64
cache_alignment	: 64
address sizes	: 39 bits physical, 48 bits virtual
power management:

processor	: 1
vendor_id	: GenuineIntel
cpu family	: 6
model		: 60
model name	: Intel(R) Core(TM) i5-4300M CPU @ 2.60GHz
stepping	: 3
microcode	: 0x16
cpu MHz		: 2601.000
cache size	: 3072 KB
physical id	: 0
siblings	: 4
core id		: 0
cpu cores	: 2
apicid		: 1
initial apicid	: 1
fpu		: yes
fpu_exception	: yes
cpuid level	: 13
wp		: yes
flags		: fpu vme de pse tsc msr pae mce cx8 apic sep mtrr pge mca cmov pat pse36 clflush dts acpi mmx fxsr sse sse2 ss ht tm pbe syscall nx pdpe1gb rdtscp lm constant_tsc arch_perfmon pebs bts rep_good nopl xtopology nonstop_tsc aperfmperf eagerfpu pni pclmulqdq dtes64 monitor ds_cpl vmx smx est tm2 ssse3 fma cx16 xtpr pdcm pcid sse4_1 sse4_2 x2apic movbe popcnt tsc_deadline_timer aes xsave avx f16c rdrand lahf_lm abm ida arat epb xsaveopt pln pts dtherm tpr_shadow vnmi flexpriority ept vpid fsgsbase tsc_adjust bmi1 hle avx2 smep bmi2 erms invpcid rtm
bogomips	: 5188.16
clflush size	: 64
cache_alignment	: 64
address sizes	: 39 bits physical, 48 bits virtual
power management:

processor	: 2
vendor_id	: GenuineIntel
cpu family	: 6
model		: 60
model name	: Intel(R) Core(TM) i5-4300M CPU @ 2.60GHz
stepping	: 3
microcode	: 0x16
cpu MHz		: 800.000
cache size	: 3072 KB
physical id	: 0
siblings	: 4
core id		: 1
cpu cores	: 2
apicid		: 2
initial apicid	: 2
fpu		: yes
fpu_exception	: yes
cpuid level	: 13
wp		: yes
flags		: fpu vme de pse tsc msr pae mce cx8 apic sep mtrr pge mca cmov pat pse36 clflush dts acpi mmx fxsr sse sse2 ss ht tm pbe syscall nx pdpe1gb rdtscp lm constant_tsc arch_perfmon pebs bts rep_good nopl xtopology nonstop_tsc aperfmperf eagerfpu pni pclmulqdq dtes64 monitor ds_cpl vmx smx est tm2 ssse3 fma cx16 xtpr pdcm pcid sse4_1 sse4_2 x2apic movbe popcnt tsc_deadline_timer aes xsave avx f16c rdrand lahf_lm abm ida arat epb xsaveopt pln pts dtherm tpr_shadow vnmi flexpriority ept vpid fsgsbase tsc_adjust bmi1 hle avx2 smep bmi2 erms invpcid rtm
bogomips	: 5188.16
clflush size	: 64
cache_alignment	: 64
address sizes	: 39 bits physical, 48 bits virtual
power management:

processor	: 3
vendor_id	: GenuineIntel
cpu family	: 6
model		: 60
model name	: Intel(R) Core(TM) i5-4300M CPU @ 2.60GHz
stepping	: 3
microcode	: 0x16
cpu MHz		: 800.000
cache size	: 3072 KB
physical id	: 0
siblings	: 4
core id		: 1
cpu cores	: 2
apicid		: 3
initial apicid	: 3
fpu		: yes
fpu_exception	: yes
cpuid level	: 13
wp		: yes
flags		: fpu vme de pse tsc msr pae mce cx8 apic sep mtrr pge mca cmov pat pse36 clflush dts acpi mmx fxsr sse sse2 ss ht tm pbe syscall nx pdpe1gb rdtscp lm constant_tsc arch_perfmon pebs bts rep_good nopl xtopology nonstop_tsc aperfmperf eagerfpu pni pclmulqdq dtes64 monitor ds_cpl vmx smx est tm2 ssse3 fma cx16 xtpr pdcm pcid sse4_1 sse4_2 x2apic movbe popcnt tsc_deadline_timer aes xsave avx f16c rdrand lahf_lm abm ida arat epb xsaveopt pln pts dtherm tpr_shadow vnmi flexpriority ept vpid fsgsbase tsc_adjust bmi1 hle avx2 smep bmi2 erms invpcid rtm
bogomips	: 5188.16
clflush size	: 64
cache_alignment	: 64
address sizes	: 39 bits physical, 48 bits virtual
power management:



Memory: 4k page, physical 3459312k(107144k free), swap 999420k(124k free)

vm_info: OpenJDK 64-Bit Server VM (24.65-b04) for linux-amd64 JRE (1.7.0_65-b32), built on Oct 22 2014 04:37:44 by "buildd" with gcc 4.8.2

time: Thu Feb 12 12:34:37 2015
elapsed time: 13 seconds

