#
# There is insufficient memory for the Java Runtime Environment to continue.
# Native memory allocation (malloc) failed to allocate 100663296 bytes for committing reserved memory.
# Possible reasons:
#   The system is out of physical RAM or swap space
#   In 32 bit mode, the process size limit was hit
# Possible solutions:
#   Reduce memory load on the system
#   Increase physical memory or swap space
#   Check if swap backing store is full
#   Use 64 bit Java on a 64 bit OS
#   Decrease Java heap size (-Xmx/-Xms)
#   Decrease number of Java threads
#   Decrease Java thread stack sizes (-Xss)
#   Set larger code cache with -XX:ReservedCodeCacheSize=
# This output file may be truncated or incomplete.
#
#  Out of Memory Error (os_linux.cpp:2798), pid=8977, tid=139694418974464
#
# JRE version: OpenJDK Runtime Environment (7.0_65-b32) (build 1.7.0_65-b32)
# Java VM: OpenJDK 64-Bit Server VM (24.65-b04 mixed mode linux-amd64 compressed oops)
# Derivative: IcedTea 2.5.3
# Distribution: Ubuntu 14.04 LTS, package 7u71-2.5.3-0ubuntu0.14.04.1
# Failed to write core dump. Core dumps have been disabled. To enable core dumping, try "ulimit -c unlimited" before starting Java again
#

---------------  T H R E A D  ---------------

Current thread (0x00007f0d2c13c800):  VMThread [stack: 0x00007f0d24285000,0x00007f0d24386000] [id=8991]

Stack: [0x00007f0d24285000,0x00007f0d24386000],  sp=0x00007f0d24384490,  free space=1021k
Native frames: (J=compiled Java code, j=interpreted, Vv=VM code, C=native code)
V  [libjvm.so+0x948b05]  VMError::report_and_die()+0x175
V  [libjvm.so+0x48bc34]  report_vm_out_of_memory(char const*, int, unsigned long, char const*)+0x74
V  [libjvm.so+0x7c7bfb]  os::pd_commit_memory(char*, unsigned long, unsigned long, bool)+0xeb
V  [libjvm.so+0x7c26bf]  os::commit_memory(char*, unsigned long, unsigned long, bool)+0x1f
V  [libjvm.so+0x833e4b]  PSVirtualSpace::expand_by(unsigned long)+0x5b
V  [libjvm.so+0x834ca0]  PSYoungGen::resize_generation(unsigned long, unsigned long)+0xb0
V  [libjvm.so+0x83538b]  PSYoungGen::resize(unsigned long, unsigned long)+0x1b
V  [libjvm.so+0x831670]  PSScavenge::invoke_no_policy()+0xde0
V  [libjvm.so+0x831e48]  PSScavenge::invoke()+0x38
V  [libjvm.so+0x7e8823]  ParallelScavengeHeap::failed_mem_allocate(unsigned long)+0x63
V  [libjvm.so+0x94a504]  VM_ParallelGCFailedAllocation::doit()+0x84
V  [libjvm.so+0x94e9f7]  VM_Operation::evaluate()+0x47
V  [libjvm.so+0x94d368]  VMThread::evaluate_operation(VM_Operation*)+0x318
V  [libjvm.so+0x94d7c9]  VMThread::loop()+0x219
V  [libjvm.so+0x94dc12]  VMThread::run()+0x72
V  [libjvm.so+0x7c4ac2]  java_start(Thread*)+0xf2

VM_Operation (0x00007f0d329b03a0): ParallelGCFailedAllocation, mode: safepoint, requested by thread 0x00007f0d2c00a000


---------------  P R O C E S S  ---------------

Java Threads: ( => current thread )
  0x00007f0d2c177800 JavaThread "Service Thread" daemon [_thread_blocked, id=8997, stack(0x00007f0d1f3b0000,0x00007f0d1f4b1000)]
  0x00007f0d2c175000 JavaThread "C2 CompilerThread1" daemon [_thread_blocked, id=8996, stack(0x00007f0d1f4b1000,0x00007f0d1f5b2000)]
  0x00007f0d2c172800 JavaThread "C2 CompilerThread0" daemon [_thread_blocked, id=8995, stack(0x00007f0d1f5b2000,0x00007f0d1f6b3000)]
  0x00007f0d2c170000 JavaThread "Signal Dispatcher" daemon [_thread_blocked, id=8994, stack(0x00007f0d1f6b3000,0x00007f0d1f7b4000)]
  0x00007f0d2c143000 JavaThread "Finalizer" daemon [_thread_blocked, id=8993, stack(0x00007f0d24083000,0x00007f0d24184000)]
  0x00007f0d2c141000 JavaThread "Reference Handler" daemon [_thread_blocked, id=8992, stack(0x00007f0d24184000,0x00007f0d24285000)]
  0x00007f0d2c00a000 JavaThread "main" [_thread_blocked, id=8986, stack(0x00007f0d328b1000,0x00007f0d329b2000)]

Other Threads:
=>0x00007f0d2c13c800 VMThread [stack: 0x00007f0d24285000,0x00007f0d24386000] [id=8991]
  0x00007f0d2c182800 WatcherThread [stack: 0x00007f0d1f2af000,0x00007f0d1f3b0000] [id=8998]

VM state:at safepoint (normal execution)

VM Mutex/Monitor currently owned by a thread:  ([mutex/lock_event])
[0x00007f0d2c0066a0] Threads_lock - owner thread: 0x00007f0d2c13c800
[0x00007f0d2c006ba0] Heap_lock - owner thread: 0x00007f0d2c00a000

Heap
 PSYoungGen      total 204800K, used 16366K [0x00000000eaa80000, 0x00000000f8b00000, 0x0000000100000000)
  eden space 188416K, 0% used [0x00000000eaa80000,0x00000000eaa80000,0x00000000f6280000)
  from space 16384K, 99% used [0x00000000f6280000,0x00000000f727b9e8,0x00000000f7280000)
  to   space 15360K, 0% used [0x00000000f7280000,0x00000000f7280000,0x00000000f8180000)
 ParOldGen       total 63488K, used 54349K [0x00000000c0000000, 0x00000000c3e00000, 0x00000000eaa80000)
  object space 63488K, 85% used [0x00000000c0000000,0x00000000c35135a0,0x00000000c3e00000)
 PSPermGen       total 21504K, used 7256K [0x00000000b5a00000, 0x00000000b6f00000, 0x00000000c0000000)
  object space 21504K, 33% used [0x00000000b5a00000,0x00000000b61161e0,0x00000000b6f00000)

Card table byte_map: [0x00007f0d2813a000,0x00007f0d2838e000] byte_map_base: 0x00007f0d27b8d000

Polling page: 0x00007f0d329d5000

Code Cache  [0x00007f0d2838e000, 0x00007f0d2865e000, 0x00007f0d2b38e000)
 total_blobs=1201 nmethods=949 adapters=205 free_code_cache=46346Kb largest_free_block=47401600

Compilation events (10 events):
Event: 10,704 Thread 0x00007f0d2c175000 nmethod 964 0x00007f0d28419210 code [0x00007f0d28419340, 0x00007f0d28419398]
Event: 10,704 Thread 0x00007f0d2c175000  965             com.android.dx.io.instructions.FiveRegisterDecodedInstruction::getB (5 bytes)
Event: 10,705 Thread 0x00007f0d2c175000 nmethod 965 0x00007f0d28419010 code [0x00007f0d28419140, 0x00007f0d28419198]
Event: 10,705 Thread 0x00007f0d2c175000  966             com.android.dx.io.instructions.FiveRegisterDecodedInstruction::getC (5 bytes)
Event: 10,705 Thread 0x00007f0d2c175000 nmethod 966 0x00007f0d285b3d90 code [0x00007f0d285b3ec0, 0x00007f0d285b3f18]
Event: 10,705 Thread 0x00007f0d2c175000  967             com.android.dx.io.instructions.FiveRegisterDecodedInstruction::getD (5 bytes)
Event: 10,705 Thread 0x00007f0d2c172800 nmethod 961 0x00007f0d285b3910 code [0x00007f0d285b3a60, 0x00007f0d285b3c38]
Event: 10,705 Thread 0x00007f0d2c175000 nmethod 967 0x00007f0d285b3710 code [0x00007f0d285b3840, 0x00007f0d285b3898]
Event: 11,793 Thread 0x00007f0d2c172800  968             com.android.dex.EncodedValueCodec::readSignedLong (48 bytes)
Event: 12,206 Thread 0x00007f0d2c172800 nmethod 968 0x00007f0d285be350 code [0x00007f0d285be4a0, 0x00007f0d285be7b8]

GC Heap History (10 events):
Event: 8,427 GC heap after
Heap after GC invocations=11 (full 1):
 PSYoungGen      total 99328K, used 13567K [0x00000000eaa80000, 0x00000000f1f00000, 0x0000000100000000)
  eden space 85504K, 0% used [0x00000000eaa80000,0x00000000eaa80000,0x00000000efe00000)
  from space 13824K, 98% used [0x00000000f0d00000,0x00000000f1a3fea0,0x00000000f1a80000)
  to   space 15360K, 0% used [0x00000000efe00000,0x00000000efe00000,0x00000000f0d00000)
 ParOldGen       total 63488K, used 36665K [0x00000000c0000000, 0x00000000c3e00000, 0x00000000eaa80000)
  object space 63488K, 57% used [0x00000000c0000000,0x00000000c23ce770,0x00000000c3e00000)
 PSPermGen       total 21504K, used 7151K [0x00000000b5a00000, 0x00000000b6f00000, 0x00000000c0000000)
  object space 21504K, 33% used [0x00000000b5a00000,0x00000000b60fbd20,0x00000000b6f00000)
}
Event: 8,768 GC heap before
{Heap before GC invocations=12 (full 1):
 PSYoungGen      total 99328K, used 99071K [0x00000000eaa80000, 0x00000000f1f00000, 0x0000000100000000)
  eden space 85504K, 100% used [0x00000000eaa80000,0x00000000efe00000,0x00000000efe00000)
  from space 13824K, 98% used [0x00000000f0d00000,0x00000000f1a3fea0,0x00000000f1a80000)
  to   space 15360K, 0% used [0x00000000efe00000,0x00000000efe00000,0x00000000f0d00000)
 ParOldGen       total 63488K, used 36665K [0x00000000c0000000, 0x00000000c3e00000, 0x00000000eaa80000)
  object space 63488K, 57% used [0x00000000c0000000,0x00000000c23ce770,0x00000000c3e00000)
 PSPermGen       total 21504K, used 7245K [0x00000000b5a00000, 0x00000000b6f00000, 0x00000000c0000000)
  object space 21504K, 33% used [0x00000000b5a00000,0x00000000b61135e0,0x00000000b6f00000)
Event: 8,777 GC heap after
Heap after GC invocations=12 (full 1):
 PSYoungGen      total 100864K, used 11036K [0x00000000eaa80000, 0x00000000f4780000, 0x0000000100000000)
  eden space 85504K, 0% used [0x00000000eaa80000,0x00000000eaa80000,0x00000000efe00000)
  from space 15360K, 71% used [0x00000000efe00000,0x00000000f08c7218,0x00000000f0d00000)
  to   space 15360K, 0% used [0x00000000f3880000,0x00000000f3880000,0x00000000f4780000)
 ParOldGen       total 63488K, used 40136K [0x00000000c0000000, 0x00000000c3e00000, 0x00000000eaa80000)
  object space 63488K, 63% used [0x00000000c0000000,0x00000000c27320e0,0x00000000c3e00000)
 PSPermGen       total 21504K, used 7245K [0x00000000b5a00000, 0x00000000b6f00000, 0x00000000c0000000)
  object space 21504K, 33% used [0x00000000b5a00000,0x00000000b61135e0,0x00000000b6f00000)
}
Event: 8,928 GC heap before
{Heap before GC invocations=13 (full 1):
 PSYoungGen      total 100864K, used 96540K [0x00000000eaa80000, 0x00000000f4780000, 0x0000000100000000)
  eden space 85504K, 100% used [0x00000000eaa80000,0x00000000efe00000,0x00000000efe00000)
  from space 15360K, 71% used [0x00000000efe00000,0x00000000f08c7218,0x00000000f0d00000)
  to   space 15360K, 0% used [0x00000000f3880000,0x00000000f3880000,0x00000000f4780000)
 ParOldGen       total 63488K, used 40136K [0x00000000c0000000, 0x00000000c3e00000, 0x00000000eaa80000)
  object space 63488K, 63% used [0x00000000c0000000,0x00000000c27320e0,0x00000000c3e00000)
 PSPermGen       total 21504K, used 7250K [0x00000000b5a00000, 0x00000000b6f00000, 0x00000000c0000000)
  object space 21504K, 33% used [0x00000000b5a00000,0x00000000b6114870,0x00000000b6f00000)
Event: 8,933 GC heap after
Heap after GC invocations=13 (full 1):
 PSYoungGen      total 141312K, used 7326K [0x00000000eaa80000, 0x00000000f4500000, 0x0000000100000000)
  eden space 128512K, 0% used [0x00000000eaa80000,0x00000000eaa80000,0x00000000f2800000)
  from space 12800K, 57% used [0x00000000f3880000,0x00000000f3fa7830,0x00000000f4500000)
  to   space 14848K, 0% used [0x00000000f2800000,0x00000000f2800000,0x00000000f3680000)
 ParOldGen       total 63488K, used 43419K [0x00000000c0000000, 0x00000000c3e00000, 0x00000000eaa80000)
  object space 63488K, 68% used [0x00000000c0000000,0x00000000c2a66cf0,0x00000000c3e00000)
 PSPermGen       total 21504K, used 7250K [0x00000000b5a00000, 0x00000000b6f00000, 0x00000000c0000000)
  object space 21504K, 33% used [0x00000000b5a00000,0x00000000b6114870,0x00000000b6f00000)
}
Event: 9,136 GC heap before
{Heap before GC invocations=14 (full 1):
 PSYoungGen      total 141312K, used 134937K [0x00000000eaa80000, 0x00000000f4500000, 0x0000000100000000)
  eden space 128512K, 99% used [0x00000000eaa80000,0x00000000f271eee0,0x00000000f2800000)
  from space 12800K, 57% used [0x00000000f3880000,0x00000000f3fa7830,0x00000000f4500000)
  to   space 14848K, 0% used [0x00000000f2800000,0x00000000f2800000,0x00000000f3680000)
 ParOldGen       total 63488K, used 43419K [0x00000000c0000000, 0x00000000c3e00000, 0x00000000eaa80000)
  object space 63488K, 68% used [0x00000000c0000000,0x00000000c2a66cf0,0x00000000c3e00000)
 PSPermGen       total 21504K, used 7252K [0x00000000b5a00000, 0x00000000b6f00000, 0x00000000c0000000)
  object space 21504K, 33% used [0x00000000b5a00000,0x00000000b6115210,0x00000000b6f00000)
Event: 9,139 GC heap after
Heap after GC invocations=14 (full 1):
 PSYoungGen      total 143360K, used 6306K [0x00000000eaa80000, 0x00000000f8180000, 0x0000000100000000)
  eden space 128512K, 0% used [0x00000000eaa80000,0x00000000eaa80000,0x00000000f2800000)
  from space 14848K, 42% used [0x00000000f2800000,0x00000000f2e28a00,0x00000000f3680000)
  to   space 15360K, 0% used [0x00000000f7280000,0x00000000f7280000,0x00000000f8180000)
 ParOldGen       total 63488K, used 43427K [0x00000000c0000000, 0x00000000c3e00000, 0x00000000eaa80000)
  object space 63488K, 68% used [0x00000000c0000000,0x00000000c2a68cf0,0x00000000c3e00000)
 PSPermGen       total 21504K, used 7252K [0x00000000b5a00000, 0x00000000b6f00000, 0x00000000c0000000)
  object space 21504K, 33% used [0x00000000b5a00000,0x00000000b6115210,0x00000000b6f00000)
}
Event: 9,326 GC heap before
{Heap before GC invocations=15 (full 1):
 PSYoungGen      total 143360K, used 134818K [0x00000000eaa80000, 0x00000000f8180000, 0x0000000100000000)
  eden space 128512K, 100% used [0x00000000eaa80000,0x00000000f2800000,0x00000000f2800000)
  from space 14848K, 42% used [0x00000000f2800000,0x00000000f2e28a00,0x00000000f3680000)
  to   space 15360K, 0% used [0x00000000f7280000,0x00000000f7280000,0x00000000f8180000)
 ParOldGen       total 63488K, used 43427K [0x00000000c0000000, 0x00000000c3e00000, 0x00000000eaa80000)
  object space 63488K, 68% used [0x00000000c0000000,0x00000000c2a68cf0,0x00000000c3e00000)
 PSPermGen       total 21504K, used 7252K [0x00000000b5a00000, 0x00000000b6f00000, 0x00000000c0000000)
  object space 21504K, 33% used [0x00000000b5a00000,0x00000000b6115210,0x00000000b6f00000)
Event: 10,518 GC heap after
Heap after GC invocations=15 (full 1):
 PSYoungGen      total 203776K, used 14522K [0x00000000eaa80000, 0x00000000f8b00000, 0x0000000100000000)
  eden space 188416K, 0% used [0x00000000eaa80000,0x00000000eaa80000,0x00000000f6280000)
  from space 15360K, 94% used [0x00000000f7280000,0x00000000f80ae8e8,0x00000000f8180000)
  to   space 16384K, 0% used [0x00000000f6280000,0x00000000f6280000,0x00000000f7280000)
 ParOldGen       total 63488K, used 47897K [0x00000000c0000000, 0x00000000c3e00000, 0x00000000eaa80000)
  object space 63488K, 75% used [0x00000000c0000000,0x00000000c2ec66a0,0x00000000c3e00000)
 PSPermGen       total 21504K, used 7252K [0x00000000b5a00000, 0x00000000b6f00000, 0x00000000c0000000)
  object space 21504K, 33% used [0x00000000b5a00000,0x00000000b6115210,0x00000000b6f00000)
}
Event: 12,680 GC heap before
{Heap before GC invocations=16 (full 1):
 PSYoungGen      total 203776K, used 202938K [0x00000000eaa80000, 0x00000000f8b00000, 0x0000000100000000)
  eden space 188416K, 100% used [0x00000000eaa80000,0x00000000f6280000,0x00000000f6280000)
  from space 15360K, 94% used [0x00000000f7280000,0x00000000f80ae8e8,0x00000000f8180000)
  to   space 16384K, 0% used [0x00000000f6280000,0x00000000f6280000,0x00000000f7280000)
 ParOldGen       total 63488K, used 47897K [0x00000000c0000000, 0x00000000c3e00000, 0x00000000eaa80000)
  object space 63488K, 75% used [0x00000000c0000000,0x00000000c2ec66a0,0x00000000c3e00000)
 PSPermGen       total 21504K, used 7256K [0x00000000b5a00000, 0x00000000b6f00000, 0x00000000c0000000)
  object space 21504K, 33% used [0x00000000b5a00000,0x00000000b61161e0,0x00000000b6f00000)

Deoptimization events (10 events):
Event: 7,019 Thread 0x00007f0d2c00a000 Uncommon trap: reason=array_check action=maybe_recompile pc=0x00007f0d2841967c method=java.util.TimSort.binarySort([Ljava/lang/Object;IIILjava/util/Comparator;)V @ 193
Event: 7,019 Thread 0x00007f0d2c00a000 Uncommon trap: reason=array_check action=maybe_recompile pc=0x00007f0d2841958c method=java.util.TimSort.binarySort([Ljava/lang/Object;IIILjava/util/Comparator;)V @ 215
Event: 7,019 Thread 0x00007f0d2c00a000 Uncommon trap: reason=array_check action=maybe_recompile pc=0x00007f0d2841958c method=java.util.TimSort.binarySort([Ljava/lang/Object;IIILjava/util/Comparator;)V @ 215
Event: 7,019 Thread 0x00007f0d2c00a000 Uncommon trap: reason=array_check action=maybe_recompile pc=0x00007f0d2841967c method=java.util.TimSort.binarySort([Ljava/lang/Object;IIILjava/util/Comparator;)V @ 193
Event: 7,049 Thread 0x00007f0d2c00a000 Uncommon trap: reason=array_check action=maybe_recompile pc=0x00007f0d286069f4 method=java.util.ComparableTimSort.binarySort([Ljava/lang/Object;III)V @ 215
Event: 7,767 Thread 0x00007f0d2c00a000 Uncommon trap: reason=array_check action=maybe_recompile pc=0x00007f0d285fcdac method=java.util.TimSort.binarySort([Ljava/lang/Object;IIILjava/util/Comparator;)V @ 183
Event: 7,767 Thread 0x00007f0d2c00a000 Uncommon trap: reason=array_check action=maybe_recompile pc=0x00007f0d285fcdac method=java.util.TimSort.binarySort([Ljava/lang/Object;IIILjava/util/Comparator;)V @ 183
Event: 7,795 Thread 0x00007f0d2c00a000 Uncommon trap: reason=array_check action=maybe_recompile pc=0x00007f0d286069f4 method=java.util.ComparableTimSort.binarySort([Ljava/lang/Object;III)V @ 215
Event: 7,857 Thread 0x00007f0d2c00a000 Uncommon trap: reason=array_check action=maybe_recompile pc=0x00007f0d2841df30 method=java.util.ComparableTimSort.binarySort([Ljava/lang/Object;III)V @ 183
Event: 8,442 Thread 0x00007f0d2c00a000 Uncommon trap: reason=array_check action=maybe_recompile pc=0x00007f0d2841df30 method=java.util.ComparableTimSort.binarySort([Ljava/lang/Object;III)V @ 183

Internal exceptions (10 events):
Event: 6,011 Thread 0x00007f0d2c00a000 Threw 0x00000000eb8bebf0 at /build/buildd/openjdk-7-7u71-2.5.3/build/openjdk/hotspot/src/share/vm/prims/jvm.cpp:1284
Event: 6,013 Thread 0x00007f0d2c00a000 Threw 0x00000000eb906418 at /build/buildd/openjdk-7-7u71-2.5.3/build/openjdk/hotspot/src/share/vm/prims/jvm.cpp:1284
Event: 6,013 Thread 0x00007f0d2c00a000 Threw 0x00000000eb908fa8 at /build/buildd/openjdk-7-7u71-2.5.3/build/openjdk/hotspot/src/share/vm/prims/jvm.cpp:1284
Event: 6,215 Thread 0x00007f0d2c00a000 Threw 0x00000000ec07c7f0 at /build/buildd/openjdk-7-7u71-2.5.3/build/openjdk/hotspot/src/share/vm/prims/jvm.cpp:1284
Event: 6,215 Thread 0x00007f0d2c00a000 Threw 0x00000000ec07c918 at /build/buildd/openjdk-7-7u71-2.5.3/build/openjdk/hotspot/src/share/vm/prims/jvm.cpp:1284
Event: 6,215 Thread 0x00007f0d2c00a000 Threw 0x00000000ec07efc8 at /build/buildd/openjdk-7-7u71-2.5.3/build/openjdk/hotspot/src/share/vm/prims/jvm.cpp:1284
Event: 6,215 Thread 0x00007f0d2c00a000 Threw 0x00000000ec07f0f0 at /build/buildd/openjdk-7-7u71-2.5.3/build/openjdk/hotspot/src/share/vm/prims/jvm.cpp:1284
Event: 6,215 Thread 0x00007f0d2c00a000 Threw 0x00000000ec07faf0 at /build/buildd/openjdk-7-7u71-2.5.3/build/openjdk/hotspot/src/share/vm/prims/jvm.cpp:1284
Event: 6,215 Thread 0x00007f0d2c00a000 Threw 0x00000000ec07fc18 at /build/buildd/openjdk-7-7u71-2.5.3/build/openjdk/hotspot/src/share/vm/prims/jvm.cpp:1284
Event: 6,371 Thread 0x00007f0d2c00a000 Threw 0x00000000eab6d220 at /build/buildd/openjdk-7-7u71-2.5.3/build/openjdk/hotspot/src/share/vm/prims/jvm.cpp:1284

Events (10 events):
Event: 8,928 Executing VM operation: ParallelGCFailedAllocation
Event: 8,933 Executing VM operation: ParallelGCFailedAllocation done
Event: 9,136 Executing VM operation: ParallelGCFailedAllocation
Event: 9,139 Executing VM operation: ParallelGCFailedAllocation done
Event: 9,164 Thread 0x00007f0d2c172800 flushing nmethod 0x00007f0d28418ed0
Event: 9,326 Executing VM operation: ParallelGCFailedAllocation
Event: 10,518 Executing VM operation: ParallelGCFailedAllocation done
Event: 10,705 Thread 0x00007f0d2c175000 flushing nmethod 0x00007f0d285b3310
Event: 10,705 Thread 0x00007f0d2c175000 flushing nmethod 0x00007f0d285bdc10
Event: 12,679 Executing VM operation: ParallelGCFailedAllocation


Dynamic libraries:
00400000-00401000 r-xp 00000000 08:06 1584066                            /usr/lib/jvm/java-7-openjdk-amd64/jre/bin/java
00600000-00601000 r--p 00000000 08:06 1584066                            /usr/lib/jvm/java-7-openjdk-amd64/jre/bin/java
00601000-00602000 rw-p 00001000 08:06 1584066                            /usr/lib/jvm/java-7-openjdk-amd64/jre/bin/java
01ae8000-01b09000 rw-p 00000000 00:00 0                                  [heap]
b5a00000-b6f00000 rw-p 00000000 00:00 0 
b6f00000-c0000000 rw-p 00000000 00:00 0 
c0000000-c3e00000 rw-p 00000000 00:00 0 
c3e00000-eaa80000 rw-p 00000000 00:00 0 
eaa80000-f8b00000 rw-p 00000000 00:00 0 
feb00000-100000000 rw-p 00000000 00:00 0 
7f0ce8000000-7f0ce8021000 rw-p 00000000 00:00 0 
7f0ce8021000-7f0cec000000 ---p 00000000 00:00 0 
7f0cf0000000-7f0cf1590000 rw-p 00000000 00:00 0 
7f0cf1590000-7f0cf4000000 ---p 00000000 00:00 0 
7f0cf4000000-7f0cf4021000 rw-p 00000000 00:00 0 
7f0cf4021000-7f0cf8000000 ---p 00000000 00:00 0 
7f0cf8000000-7f0cf8021000 rw-p 00000000 00:00 0 
7f0cf8021000-7f0cfc000000 ---p 00000000 00:00 0 
7f0cfc000000-7f0cfcda6000 rw-p 00000000 00:00 0 
7f0cfcda6000-7f0d00000000 ---p 00000000 00:00 0 
7f0d00000000-7f0d00021000 rw-p 00000000 00:00 0 
7f0d00021000-7f0d04000000 ---p 00000000 00:00 0 
7f0d04000000-7f0d04021000 rw-p 00000000 00:00 0 
7f0d04021000-7f0d08000000 ---p 00000000 00:00 0 
7f0d08000000-7f0d08021000 rw-p 00000000 00:00 0 
7f0d08021000-7f0d0c000000 ---p 00000000 00:00 0 
7f0d0c000000-7f0d0c243000 rw-p 00000000 00:00 0 
7f0d0c243000-7f0d10000000 ---p 00000000 00:00 0 
7f0d10000000-7f0d10021000 rw-p 00000000 00:00 0 
7f0d10021000-7f0d14000000 ---p 00000000 00:00 0 
7f0d18000000-7f0d18021000 rw-p 00000000 00:00 0 
7f0d18021000-7f0d1c000000 ---p 00000000 00:00 0 
7f0d1db31000-7f0d1db6e000 r-xp 00000000 08:06 2232416                    /lib/x86_64-linux-gnu/libpcre.so.3.13.1
7f0d1db6e000-7f0d1dd6d000 ---p 0003d000 08:06 2232416                    /lib/x86_64-linux-gnu/libpcre.so.3.13.1
7f0d1dd6d000-7f0d1dd6e000 r--p 0003c000 08:06 2232416                    /lib/x86_64-linux-gnu/libpcre.so.3.13.1
7f0d1dd6e000-7f0d1dd6f000 rw-p 0003d000 08:06 2232416                    /lib/x86_64-linux-gnu/libpcre.so.3.13.1
7f0d1dd6f000-7f0d1dd76000 r-xp 00000000 08:06 1451072                    /usr/lib/x86_64-linux-gnu/libffi.so.6.0.1
7f0d1dd76000-7f0d1df75000 ---p 00007000 08:06 1451072                    /usr/lib/x86_64-linux-gnu/libffi.so.6.0.1
7f0d1df75000-7f0d1df76000 r--p 00006000 08:06 1451072                    /usr/lib/x86_64-linux-gnu/libffi.so.6.0.1
7f0d1df76000-7f0d1df77000 rw-p 00007000 08:06 1451072                    /usr/lib/x86_64-linux-gnu/libffi.so.6.0.1
7f0d1df77000-7f0d1df8e000 r-xp 00000000 08:06 2237559                    /lib/x86_64-linux-gnu/libresolv-2.19.so
7f0d1df8e000-7f0d1e18e000 ---p 00017000 08:06 2237559                    /lib/x86_64-linux-gnu/libresolv-2.19.so
7f0d1e18e000-7f0d1e18f000 r--p 00017000 08:06 2237559                    /lib/x86_64-linux-gnu/libresolv-2.19.so
7f0d1e18f000-7f0d1e190000 rw-p 00018000 08:06 2237559                    /lib/x86_64-linux-gnu/libresolv-2.19.so
7f0d1e190000-7f0d1e192000 rw-p 00000000 00:00 0 
7f0d1e192000-7f0d1e1b2000 r-xp 00000000 08:06 2232443                    /lib/x86_64-linux-gnu/libselinux.so.1
7f0d1e1b2000-7f0d1e3b1000 ---p 00020000 08:06 2232443                    /lib/x86_64-linux-gnu/libselinux.so.1
7f0d1e3b1000-7f0d1e3b2000 r--p 0001f000 08:06 2232443                    /lib/x86_64-linux-gnu/libselinux.so.1
7f0d1e3b2000-7f0d1e3b3000 rw-p 00020000 08:06 2232443                    /lib/x86_64-linux-gnu/libselinux.so.1
7f0d1e3b3000-7f0d1e3b5000 rw-p 00000000 00:00 0 
7f0d1e3b5000-7f0d1e3b8000 r-xp 00000000 08:06 1442156                    /usr/lib/x86_64-linux-gnu/libgmodule-2.0.so.0.4002.0
7f0d1e3b8000-7f0d1e5b7000 ---p 00003000 08:06 1442156                    /usr/lib/x86_64-linux-gnu/libgmodule-2.0.so.0.4002.0
7f0d1e5b7000-7f0d1e5b8000 r--p 00002000 08:06 1442156                    /usr/lib/x86_64-linux-gnu/libgmodule-2.0.so.0.4002.0
7f0d1e5b8000-7f0d1e5b9000 rw-p 00003000 08:06 1442156                    /usr/lib/x86_64-linux-gnu/libgmodule-2.0.so.0.4002.0
7f0d1e5b9000-7f0d1e6bf000 r-xp 00000000 08:06 2239090                    /lib/x86_64-linux-gnu/libglib-2.0.so.0.4002.0
7f0d1e6bf000-7f0d1e8be000 ---p 00106000 08:06 2239090                    /lib/x86_64-linux-gnu/libglib-2.0.so.0.4002.0
7f0d1e8be000-7f0d1e8bf000 r--p 00105000 08:06 2239090                    /lib/x86_64-linux-gnu/libglib-2.0.so.0.4002.0
7f0d1e8bf000-7f0d1e8c0000 rw-p 00106000 08:06 2239090                    /lib/x86_64-linux-gnu/libglib-2.0.so.0.4002.0
7f0d1e8c0000-7f0d1e8c1000 rw-p 00000000 00:00 0 
7f0d1e8c1000-7f0d1e910000 r-xp 00000000 08:06 1442174                    /usr/lib/x86_64-linux-gnu/libgobject-2.0.so.0.4002.0
7f0d1e910000-7f0d1eb10000 ---p 0004f000 08:06 1442174                    /usr/lib/x86_64-linux-gnu/libgobject-2.0.so.0.4002.0
7f0d1eb10000-7f0d1eb11000 r--p 0004f000 08:06 1442174                    /usr/lib/x86_64-linux-gnu/libgobject-2.0.so.0.4002.0
7f0d1eb11000-7f0d1eb12000 rw-p 00050000 08:06 1442174                    /usr/lib/x86_64-linux-gnu/libgobject-2.0.so.0.4002.0
7f0d1eb12000-7f0d1ec7e000 r-xp 00000000 08:06 1442178                    /usr/lib/x86_64-linux-gnu/libgio-2.0.so.0.4002.0
7f0d1ec7e000-7f0d1ee7d000 ---p 0016c000 08:06 1442178                    /usr/lib/x86_64-linux-gnu/libgio-2.0.so.0.4002.0
7f0d1ee7d000-7f0d1ee81000 r--p 0016b000 08:06 1442178                    /usr/lib/x86_64-linux-gnu/libgio-2.0.so.0.4002.0
7f0d1ee81000-7f0d1ee83000 rw-p 0016f000 08:06 1442178                    /usr/lib/x86_64-linux-gnu/libgio-2.0.so.0.4002.0
7f0d1ee83000-7f0d1ee85000 rw-p 00000000 00:00 0 
7f0d1ee85000-7f0d1ee9c000 r-xp 00000000 08:06 1455285                    /usr/lib/jvm/java-7-openjdk-amd64/jre/lib/amd64/libnet.so
7f0d1ee9c000-7f0d1f09b000 ---p 00017000 08:06 1455285                    /usr/lib/jvm/java-7-openjdk-amd64/jre/lib/amd64/libnet.so
7f0d1f09b000-7f0d1f09c000 r--p 00016000 08:06 1455285                    /usr/lib/jvm/java-7-openjdk-amd64/jre/lib/amd64/libnet.so
7f0d1f09c000-7f0d1f09d000 rw-p 00017000 08:06 1455285                    /usr/lib/jvm/java-7-openjdk-amd64/jre/lib/amd64/libnet.so
7f0d1f09d000-7f0d1f0ad000 r-xp 00000000 08:06 1455300                    /usr/lib/jvm/java-7-openjdk-amd64/jre/lib/amd64/libnio.so
7f0d1f0ad000-7f0d1f2ad000 ---p 00010000 08:06 1455300                    /usr/lib/jvm/java-7-openjdk-amd64/jre/lib/amd64/libnio.so
7f0d1f2ad000-7f0d1f2ae000 r--p 00010000 08:06 1455300                    /usr/lib/jvm/java-7-openjdk-amd64/jre/lib/amd64/libnio.so
7f0d1f2ae000-7f0d1f2af000 rw-p 00011000 08:06 1455300                    /usr/lib/jvm/java-7-openjdk-amd64/jre/lib/amd64/libnio.so
7f0d1f2af000-7f0d1f2b0000 ---p 00000000 00:00 0 
7f0d1f2b0000-7f0d1f3b0000 rw-p 00000000 00:00 0                          [stack:8998]
7f0d1f3b0000-7f0d1f3b3000 ---p 00000000 00:00 0 
7f0d1f3b3000-7f0d1f4b1000 rw-p 00000000 00:00 0                          [stack:8997]
7f0d1f4b1000-7f0d1f4b4000 ---p 00000000 00:00 0 
7f0d1f4b4000-7f0d1f5b2000 rw-p 00000000 00:00 0                          [stack:8996]
7f0d1f5b2000-7f0d1f5b5000 ---p 00000000 00:00 0 
7f0d1f5b5000-7f0d1f6b3000 rw-p 00000000 00:00 0                          [stack:8995]
7f0d1f6b3000-7f0d1f6b6000 ---p 00000000 00:00 0 
7f0d1f6b6000-7f0d1f7b4000 rw-p 00000000 00:00 0                          [stack:8994]
7f0d1f7b4000-7f0d20000000 r--p 00000000 08:06 1449661                    /usr/lib/locale/locale-archive
7f0d20000000-7f0d20021000 rw-p 00000000 00:00 0 
7f0d20021000-7f0d24000000 ---p 00000000 00:00 0 
7f0d2404c000-7f0d24053000 r--s 00000000 08:06 1710979                    /usr/lib/x86_64-linux-gnu/gconv/gconv-modules.cache
7f0d24053000-7f0d24083000 r--p 00000000 08:06 2387679                    /usr/share/locale-langpack/uk/LC_MESSAGES/libc.mo
7f0d24083000-7f0d24086000 ---p 00000000 00:00 0 
7f0d24086000-7f0d24184000 rw-p 00000000 00:00 0                          [stack:8993]
7f0d24184000-7f0d24187000 ---p 00000000 00:00 0 
7f0d24187000-7f0d24285000 rw-p 00000000 00:00 0                          [stack:8992]
7f0d24285000-7f0d24286000 ---p 00000000 00:00 0 
7f0d24286000-7f0d252de000 rw-p 00000000 00:00 0                          [stack:8991]
7f0d252de000-7f0d2548f000 r--s 01d25000 08:06 1455343                    /usr/lib/jvm/java-7-openjdk-amd64/jre/lib/rt.jar
7f0d2548f000-7f0d27ce3000 rw-p 00000000 00:00 0 
7f0d27ce3000-7f0d27ce4000 ---p 00000000 00:00 0 
7f0d27ce4000-7f0d27de4000 rw-p 00000000 00:00 0                          [stack:8990]
7f0d27de4000-7f0d27de5000 ---p 00000000 00:00 0 
7f0d27de5000-7f0d27ee5000 rw-p 00000000 00:00 0                          [stack:8989]
7f0d27ee5000-7f0d27ee6000 ---p 00000000 00:00 0 
7f0d27ee6000-7f0d27fe6000 rw-p 00000000 00:00 0                          [stack:8988]
7f0d27fe6000-7f0d27fe7000 ---p 00000000 00:00 0 
7f0d27fe7000-7f0d280f2000 rw-p 00000000 00:00 0                          [stack:8987]
7f0d280f2000-7f0d2813a000 rw-p 00000000 00:00 0 
7f0d2813a000-7f0d28145000 rw-p 00000000 00:00 0 
7f0d28145000-7f0d2818d000 rw-p 00000000 00:00 0 
7f0d2818d000-7f0d281ac000 rw-p 00000000 00:00 0 
7f0d281ac000-7f0d282e2000 rw-p 00000000 00:00 0 
7f0d282e2000-7f0d28353000 rw-p 00000000 00:00 0 
7f0d28353000-7f0d2838d000 rw-p 00000000 00:00 0 
7f0d2838d000-7f0d2838e000 rw-p 00000000 00:00 0 
7f0d2838e000-7f0d2865e000 rwxp 00000000 00:00 0 
7f0d2865e000-7f0d2b38e000 rw-p 00000000 00:00 0 
7f0d2b38e000-7f0d2b396000 r-xp 00000000 08:06 1455279                    /usr/lib/jvm/java-7-openjdk-amd64/jre/lib/amd64/libzip.so
7f0d2b396000-7f0d2b595000 ---p 00008000 08:06 1455279                    /usr/lib/jvm/java-7-openjdk-amd64/jre/lib/amd64/libzip.so
7f0d2b595000-7f0d2b596000 r--p 00007000 08:06 1455279                    /usr/lib/jvm/java-7-openjdk-amd64/jre/lib/amd64/libzip.so
7f0d2b596000-7f0d2b597000 rw-p 00008000 08:06 1455279                    /usr/lib/jvm/java-7-openjdk-amd64/jre/lib/amd64/libzip.so
7f0d2b597000-7f0d2b5a2000 r-xp 00000000 08:06 2237573                    /lib/x86_64-linux-gnu/libnss_files-2.19.so
7f0d2b5a2000-7f0d2b7a1000 ---p 0000b000 08:06 2237573                    /lib/x86_64-linux-gnu/libnss_files-2.19.so
7f0d2b7a1000-7f0d2b7a2000 r--p 0000a000 08:06 2237573                    /lib/x86_64-linux-gnu/libnss_files-2.19.so
7f0d2b7a2000-7f0d2b7a3000 rw-p 0000b000 08:06 2237573                    /lib/x86_64-linux-gnu/libnss_files-2.19.so
7f0d2b7a3000-7f0d2b7ae000 r-xp 00000000 08:06 2237574                    /lib/x86_64-linux-gnu/libnss_nis-2.19.so
7f0d2b7ae000-7f0d2b9ad000 ---p 0000b000 08:06 2237574                    /lib/x86_64-linux-gnu/libnss_nis-2.19.so
7f0d2b9ad000-7f0d2b9ae000 r--p 0000a000 08:06 2237574                    /lib/x86_64-linux-gnu/libnss_nis-2.19.so
7f0d2b9ae000-7f0d2b9af000 rw-p 0000b000 08:06 2237574                    /lib/x86_64-linux-gnu/libnss_nis-2.19.so
7f0d2b9af000-7f0d2b9c6000 r-xp 00000000 08:06 2237560                    /lib/x86_64-linux-gnu/libnsl-2.19.so
7f0d2b9c6000-7f0d2bbc5000 ---p 00017000 08:06 2237560                    /lib/x86_64-linux-gnu/libnsl-2.19.so
7f0d2bbc5000-7f0d2bbc6000 r--p 00016000 08:06 2237560                    /lib/x86_64-linux-gnu/libnsl-2.19.so
7f0d2bbc6000-7f0d2bbc7000 rw-p 00017000 08:06 2237560                    /lib/x86_64-linux-gnu/libnsl-2.19.so
7f0d2bbc7000-7f0d2bbc9000 rw-p 00000000 00:00 0 
7f0d2bbc9000-7f0d2bbd2000 r-xp 00000000 08:06 2237557                    /lib/x86_64-linux-gnu/libnss_compat-2.19.so
7f0d2bbd2000-7f0d2bdd1000 ---p 00009000 08:06 2237557                    /lib/x86_64-linux-gnu/libnss_compat-2.19.so
7f0d2bdd1000-7f0d2bdd2000 r--p 00008000 08:06 2237557                    /lib/x86_64-linux-gnu/libnss_compat-2.19.so
7f0d2bdd2000-7f0d2bdd3000 rw-p 00009000 08:06 2237557                    /lib/x86_64-linux-gnu/libnss_compat-2.19.so
7f0d2bdd3000-7f0d2bdfe000 r-xp 00000000 08:06 1455284                    /usr/lib/jvm/java-7-openjdk-amd64/jre/lib/amd64/libjava.so
7f0d2bdfe000-7f0d2bffd000 ---p 0002b000 08:06 1455284                    /usr/lib/jvm/java-7-openjdk-amd64/jre/lib/amd64/libjava.so
7f0d2bffd000-7f0d2bffe000 r--p 0002a000 08:06 1455284                    /usr/lib/jvm/java-7-openjdk-amd64/jre/lib/amd64/libjava.so
7f0d2bffe000-7f0d2c000000 rw-p 0002b000 08:06 1455284                    /usr/lib/jvm/java-7-openjdk-amd64/jre/lib/amd64/libjava.so
7f0d2c000000-7f0d2c355000 rw-p 00000000 00:00 0 
7f0d2c355000-7f0d30000000 ---p 00000000 00:00 0 
7f0d30004000-7f0d30009000 r--s 0004c000 08:06 1455321                    /usr/lib/jvm/java-7-openjdk-amd64/jre/lib/jsse.jar
7f0d30009000-7f0d30017000 r--s 000dc000 08:06 1180921                    /opt/android-studio/sdk/build-tools/21.0.1/lib/dx.jar
7f0d30017000-7f0d30036000 rw-p 00000000 00:00 0 
7f0d30036000-7f0d3016d000 rw-p 00000000 00:00 0 
7f0d3016d000-7f0d3017d000 r-xp 00000000 08:06 1455299                    /usr/lib/jvm/java-7-openjdk-amd64/jre/lib/amd64/libverify.so
7f0d3017d000-7f0d3037c000 ---p 00010000 08:06 1455299                    /usr/lib/jvm/java-7-openjdk-amd64/jre/lib/amd64/libverify.so
7f0d3037c000-7f0d3037e000 r--p 0000f000 08:06 1455299                    /usr/lib/jvm/java-7-openjdk-amd64/jre/lib/amd64/libverify.so
7f0d3037e000-7f0d3037f000 rw-p 00011000 08:06 1455299                    /usr/lib/jvm/java-7-openjdk-amd64/jre/lib/amd64/libverify.so
7f0d3037f000-7f0d30386000 r-xp 00000000 08:06 2237562                    /lib/x86_64-linux-gnu/librt-2.19.so
7f0d30386000-7f0d30585000 ---p 00007000 08:06 2237562                    /lib/x86_64-linux-gnu/librt-2.19.so
7f0d30585000-7f0d30586000 r--p 00006000 08:06 2237562                    /lib/x86_64-linux-gnu/librt-2.19.so
7f0d30586000-7f0d30587000 rw-p 00007000 08:06 2237562                    /lib/x86_64-linux-gnu/librt-2.19.so
7f0d30587000-7f0d3059d000 r-xp 00000000 08:06 2232319                    /lib/x86_64-linux-gnu/libgcc_s.so.1
7f0d3059d000-7f0d3079c000 ---p 00016000 08:06 2232319                    /lib/x86_64-linux-gnu/libgcc_s.so.1
7f0d3079c000-7f0d3079d000 rw-p 00015000 08:06 2232319                    /lib/x86_64-linux-gnu/libgcc_s.so.1
7f0d3079d000-7f0d308a2000 r-xp 00000000 08:06 2237569                    /lib/x86_64-linux-gnu/libm-2.19.so
7f0d308a2000-7f0d30aa1000 ---p 00105000 08:06 2237569                    /lib/x86_64-linux-gnu/libm-2.19.so
7f0d30aa1000-7f0d30aa2000 r--p 00104000 08:06 2237569                    /lib/x86_64-linux-gnu/libm-2.19.so
7f0d30aa2000-7f0d30aa3000 rw-p 00105000 08:06 2237569                    /lib/x86_64-linux-gnu/libm-2.19.so
7f0d30aa3000-7f0d30b89000 r-xp 00000000 08:06 1451700                    /usr/lib/x86_64-linux-gnu/libstdc++.so.6.0.19
7f0d30b89000-7f0d30d88000 ---p 000e6000 08:06 1451700                    /usr/lib/x86_64-linux-gnu/libstdc++.so.6.0.19
7f0d30d88000-7f0d30d90000 r--p 000e5000 08:06 1451700                    /usr/lib/x86_64-linux-gnu/libstdc++.so.6.0.19
7f0d30d90000-7f0d30d92000 rw-p 000ed000 08:06 1451700                    /usr/lib/x86_64-linux-gnu/libstdc++.so.6.0.19
7f0d30d92000-7f0d30da7000 rw-p 00000000 00:00 0 
7f0d30da7000-7f0d318bd000 r-xp 00000000 08:06 1584041                    /usr/lib/jvm/java-7-openjdk-amd64/jre/lib/amd64/server/libjvm.so
7f0d318bd000-7f0d31abc000 ---p 00b16000 08:06 1584041                    /usr/lib/jvm/java-7-openjdk-amd64/jre/lib/amd64/server/libjvm.so
7f0d31abc000-7f0d31b56000 r--p 00b15000 08:06 1584041                    /usr/lib/jvm/java-7-openjdk-amd64/jre/lib/amd64/server/libjvm.so
7f0d31b56000-7f0d31b79000 rw-p 00baf000 08:06 1584041                    /usr/lib/jvm/java-7-openjdk-amd64/jre/lib/amd64/server/libjvm.so
7f0d31b79000-7f0d31ba7000 rw-p 00000000 00:00 0 
7f0d31ba7000-7f0d31bbf000 r-xp 00000000 08:06 2232476                    /lib/x86_64-linux-gnu/libz.so.1.2.8
7f0d31bbf000-7f0d31dbe000 ---p 00018000 08:06 2232476                    /lib/x86_64-linux-gnu/libz.so.1.2.8
7f0d31dbe000-7f0d31dbf000 r--p 00017000 08:06 2232476                    /lib/x86_64-linux-gnu/libz.so.1.2.8
7f0d31dbf000-7f0d31dc0000 rw-p 00018000 08:06 2232476                    /lib/x86_64-linux-gnu/libz.so.1.2.8
7f0d31dc0000-7f0d31dd9000 r-xp 00000000 08:06 2237579                    /lib/x86_64-linux-gnu/libpthread-2.19.so
7f0d31dd9000-7f0d31fd8000 ---p 00019000 08:06 2237579                    /lib/x86_64-linux-gnu/libpthread-2.19.so
7f0d31fd8000-7f0d31fd9000 r--p 00018000 08:06 2237579                    /lib/x86_64-linux-gnu/libpthread-2.19.so
7f0d31fd9000-7f0d31fda000 rw-p 00019000 08:06 2237579                    /lib/x86_64-linux-gnu/libpthread-2.19.so
7f0d31fda000-7f0d31fde000 rw-p 00000000 00:00 0 
7f0d31fde000-7f0d31fe1000 r-xp 00000000 08:06 2237578                    /lib/x86_64-linux-gnu/libdl-2.19.so
7f0d31fe1000-7f0d321e0000 ---p 00003000 08:06 2237578                    /lib/x86_64-linux-gnu/libdl-2.19.so
7f0d321e0000-7f0d321e1000 r--p 00002000 08:06 2237578                    /lib/x86_64-linux-gnu/libdl-2.19.so
7f0d321e1000-7f0d321e2000 rw-p 00003000 08:06 2237578                    /lib/x86_64-linux-gnu/libdl-2.19.so
7f0d321e2000-7f0d3239d000 r-xp 00000000 08:06 2237566                    /lib/x86_64-linux-gnu/libc-2.19.so
7f0d3239d000-7f0d3259d000 ---p 001bb000 08:06 2237566                    /lib/x86_64-linux-gnu/libc-2.19.so
7f0d3259d000-7f0d325a1000 r--p 001bb000 08:06 2237566                    /lib/x86_64-linux-gnu/libc-2.19.so
7f0d325a1000-7f0d325a3000 rw-p 001bf000 08:06 2237566                    /lib/x86_64-linux-gnu/libc-2.19.so
7f0d325a3000-7f0d325a8000 rw-p 00000000 00:00 0 
7f0d325a8000-7f0d325b5000 r-xp 00000000 08:06 1584039                    /usr/lib/jvm/java-7-openjdk-amd64/jre/lib/amd64/jli/libjli.so
7f0d325b5000-7f0d327b4000 ---p 0000d000 08:06 1584039                    /usr/lib/jvm/java-7-openjdk-amd64/jre/lib/amd64/jli/libjli.so
7f0d327b4000-7f0d327b5000 r--p 0000c000 08:06 1584039                    /usr/lib/jvm/java-7-openjdk-amd64/jre/lib/amd64/jli/libjli.so
7f0d327b5000-7f0d327b6000 rw-p 0000d000 08:06 1584039                    /usr/lib/jvm/java-7-openjdk-amd64/jre/lib/amd64/jli/libjli.so
7f0d327b6000-7f0d327d9000 r-xp 00000000 08:06 2237567                    /lib/x86_64-linux-gnu/ld-2.19.so
7f0d327d9000-7f0d327fd000 rw-p 00000000 00:00 0 
7f0d327fd000-7f0d328b1000 rw-p 00000000 00:00 0 
7f0d328b1000-7f0d328b4000 ---p 00000000 00:00 0 
7f0d328b4000-7f0d329b8000 rw-p 00000000 00:00 0                          [stack:8986]
7f0d329b8000-7f0d329bc000 r--s 00085000 08:06 1455340                    /usr/lib/jvm/java-7-openjdk-amd64/jre/lib/ext/localedata.jar
7f0d329bc000-7f0d329bf000 r--s 0000f000 08:06 1455336                    /usr/lib/jvm/java-7-openjdk-amd64/jre/lib/ext/icedtea-sound.jar
7f0d329bf000-7f0d329c3000 r--s 00034000 08:06 1455341                    /usr/lib/jvm/java-7-openjdk-amd64/jre/lib/ext/sunjce_provider.jar
7f0d329c3000-7f0d329c5000 r--s 00012000 08:06 1455337                    /usr/lib/jvm/java-7-openjdk-amd64/jre/lib/ext/zipfs.jar
7f0d329c5000-7f0d329c9000 r--s 0003c000 08:06 1455339                    /usr/lib/jvm/java-7-openjdk-amd64/jre/lib/ext/sunpkcs11.jar
7f0d329c9000-7f0d329cb000 r--s 00006000 08:06 1851433                    /usr/share/java/java-atk-wrapper.jar
7f0d329cb000-7f0d329cc000 r--s 00002000 08:06 1455342                    /usr/lib/jvm/java-7-openjdk-amd64/jre/lib/ext/dnsns.jar
7f0d329cc000-7f0d329d4000 rw-s 00000000 08:06 1196782                    /tmp/hsperfdata_gigamole/8977
7f0d329d4000-7f0d329d5000 rw-p 00000000 00:00 0 
7f0d329d5000-7f0d329d6000 ---p 00000000 00:00 0 
7f0d329d6000-7f0d329d8000 rw-p 00000000 00:00 0 
7f0d329d8000-7f0d329d9000 r--p 00022000 08:06 2237567                    /lib/x86_64-linux-gnu/ld-2.19.so
7f0d329d9000-7f0d329da000 rw-p 00023000 08:06 2237567                    /lib/x86_64-linux-gnu/ld-2.19.so
7f0d329da000-7f0d329db000 rw-p 00000000 00:00 0 
7fff1fbdc000-7fff1fbfd000 rw-p 00000000 00:00 0                          [stack]
7fff1fbfe000-7fff1fc00000 r-xp 00000000 00:00 0                          [vdso]
ffffffffff600000-ffffffffff601000 r-xp 00000000 00:00 0                  [vsyscall]

VM Arguments:
jvm_args: -Xmx1024M 
java_command: /opt/android-studio/sdk/build-tools/21.0.1/lib/dx.jar --dex --no-optimize --output /home/gigamole/Projects/tif/tif/app/build/intermediates/dex/debug --input-list=/home/gigamole/Projects/tif/tif/app/build/intermediates/tmp/dex/debug/inputList.txt
Launcher Type: SUN_STANDARD

Environment Variables:
JAVA_HOME=/usr/lib/jvm/jdk1.7.0
CLASSPATH=/opt/android-studio/bin/../lib/bootstrap.jar:/opt/android-studio/bin/../lib/extensions.jar:/opt/android-studio/bin/../lib/util.jar:/opt/android-studio/bin/../lib/jdom.jar:/opt/android-studio/bin/../lib/log4j.jar:/opt/android-studio/bin/../lib/trove4j.jar:/opt/android-studio/bin/../lib/jna.jar:/usr/lib/jvm/java-7-openjdk-amd64/lib/tools.jar
PATH=/usr/local/sbin:/usr/local/bin:/usr/sbin:/usr/bin:/sbin:/bin:/usr/games:/usr/local/games:/home/gigamole/bin:/usr/lib/jvm/jdk1.7.0/bin
LD_LIBRARY_PATH=/opt/android-studio/bin:
SHELL=/bin/bash
DISPLAY=:0

Signal Handlers:
SIGSEGV: [libjvm.so+0x9495e0], sa_mask[0]=0x7ffbfeff, sa_flags=0x10000004
SIGBUS: [libjvm.so+0x9495e0], sa_mask[0]=0x7ffbfeff, sa_flags=0x10000004
SIGFPE: [libjvm.so+0x7c3410], sa_mask[0]=0x7ffbfeff, sa_flags=0x10000004
SIGPIPE: [libjvm.so+0x7c3410], sa_mask[0]=0x7ffbfeff, sa_flags=0x10000004
SIGXFSZ: [libjvm.so+0x7c3410], sa_mask[0]=0x7ffbfeff, sa_flags=0x10000004
SIGILL: [libjvm.so+0x7c3410], sa_mask[0]=0x7ffbfeff, sa_flags=0x10000004
SIGUSR1: SIG_DFL, sa_mask[0]=0x00000000, sa_flags=0x00000000
SIGUSR2: [libjvm.so+0x7c32b0], sa_mask[0]=0x00000004, sa_flags=0x10000004
SIGHUP: [libjvm.so+0x7c3490], sa_mask[0]=0x7ffbfeff, sa_flags=0x10000004
SIGINT: [libjvm.so+0x7c3490], sa_mask[0]=0x7ffbfeff, sa_flags=0x10000004
SIGTERM: [libjvm.so+0x7c3490], sa_mask[0]=0x7ffbfeff, sa_flags=0x10000004
SIGQUIT: [libjvm.so+0x7c3490], sa_mask[0]=0x7ffbfeff, sa_flags=0x10000004
SIGTRAP: SIG_DFL, sa_mask[0]=0x00000000, sa_flags=0x00000000


---------------  S Y S T E M  ---------------

OS:Ubuntu 14.04 (trusty)
uname:Linux 3.13.0-37-generic #64-Ubuntu SMP Mon Sep 22 21:28:38 UTC 2014 x86_64
libc:glibc 2.19 NPTL 2.19 
rlimit: STACK 8192k, CORE 0k, NPROC 26792, NOFILE 4096, AS infinity
load average:2,96 1,16 0,96

/proc/meminfo:
MemTotal:        3459312 kB
MemFree:          117312 kB
Buffers:             760 kB
Cached:           339628 kB
SwapCached:         9612 kB
Active:          2241524 kB
Inactive:         899884 kB
Active(anon):    2224876 kB
Inactive(anon):   870700 kB
Active(file):      16648 kB
Inactive(file):    29184 kB
Unevictable:          32 kB
Mlocked:              32 kB
SwapTotal:        999420 kB
SwapFree:           2296 kB
Dirty:                72 kB
Writeback:             0 kB
AnonPages:       2791364 kB
Mapped:            61944 kB
Shmem:            294500 kB
Slab:              83068 kB
SReclaimable:      45912 kB
SUnreclaim:        37156 kB
KernelStack:        5176 kB
PageTables:        39612 kB
NFS_Unstable:          0 kB
Bounce:                0 kB
WritebackTmp:          0 kB
CommitLimit:     2729076 kB
Committed_AS:    7930344 kB
VmallocTotal:   34359738367 kB
VmallocUsed:      548168 kB
VmallocChunk:   34359184796 kB
HardwareCorrupted:     0 kB
AnonHugePages:    784384 kB
HugePages_Total:       0
HugePages_Free:        0
HugePages_Rsvd:        0
HugePages_Surp:        0
Hugepagesize:       2048 kB
DirectMap4k:      110080 kB
DirectMap2M:     3487744 kB
DirectMap1G:           0 kB


CPU:total 4 (2 cores per cpu, 2 threads per core) family 6 model 60 stepping 3, cmov, cx8, fxsr, mmx, sse, sse2, sse3, ssse3, sse4.1, sse4.2, popcnt, avx, avx2, aes, erms, ht, tsc, tscinvbit

/proc/cpuinfo:
processor	: 0
vendor_id	: GenuineIntel
cpu family	: 6
model		: 60
model name	: Intel(R) Core(TM) i5-4300M CPU @ 2.60GHz
stepping	: 3
microcode	: 0x16
cpu MHz		: 2601.000
cache size	: 3072 KB
physical id	: 0
siblings	: 4
core id		: 0
cpu cores	: 2
apicid		: 0
initial apicid	: 0
fpu		: yes
fpu_exception	: yes
cpuid level	: 13
wp		: yes
flags		: fpu vme de pse tsc msr pae mce cx8 apic sep mtrr pge mca cmov pat pse36 clflush dts acpi mmx fxsr sse sse2 ss ht tm pbe syscall nx pdpe1gb rdtscp lm constant_tsc arch_perfmon pebs bts rep_good nopl xtopology nonstop_tsc aperfmperf eagerfpu pni pclmulqdq dtes64 monitor ds_cpl vmx smx est tm2 ssse3 fma cx16 xtpr pdcm pcid sse4_1 sse4_2 x2apic movbe popcnt tsc_deadline_timer aes xsave avx f16c rdrand lahf_lm abm ida arat epb xsaveopt pln pts dtherm tpr_shadow vnmi flexpriority ept vpid fsgsbase tsc_adjust bmi1 hle avx2 smep bmi2 erms invpcid rtm
bogomips	: 5188.08
clflush size	: 64
cache_alignment	: 64
address sizes	: 39 bits physical, 48 bits virtual
power management:

processor	: 1
vendor_id	: GenuineIntel
cpu family	: 6
model		: 60
model name	: Intel(R) Core(TM) i5-4300M CPU @ 2.60GHz
stepping	: 3
microcode	: 0x16
cpu MHz		: 800.000
cache size	: 3072 KB
physical id	: 0
siblings	: 4
core id		: 0
cpu cores	: 2
apicid		: 1
initial apicid	: 1
fpu		: yes
fpu_exception	: yes
cpuid level	: 13
wp		: yes
flags		: fpu vme de pse tsc msr pae mce cx8 apic sep mtrr pge mca cmov pat pse36 clflush dts acpi mmx fxsr sse sse2 ss ht tm pbe syscall nx pdpe1gb rdtscp lm constant_tsc arch_perfmon pebs bts rep_good nopl xtopology nonstop_tsc aperfmperf eagerfpu pni pclmulqdq dtes64 monitor ds_cpl vmx smx est tm2 ssse3 fma cx16 xtpr pdcm pcid sse4_1 sse4_2 x2apic movbe popcnt tsc_deadline_timer aes xsave avx f16c rdrand lahf_lm abm ida arat epb xsaveopt pln pts dtherm tpr_shadow vnmi flexpriority ept vpid fsgsbase tsc_adjust bmi1 hle avx2 smep bmi2 erms invpcid rtm
bogomips	: 5188.08
clflush size	: 64
cache_alignment	: 64
address sizes	: 39 bits physical, 48 bits virtual
power management:

processor	: 2
vendor_id	: GenuineIntel
cpu family	: 6
model		: 60
model name	: Intel(R) Core(TM) i5-4300M CPU @ 2.60GHz
stepping	: 3
microcode	: 0x16
cpu MHz		: 800.000
cache size	: 3072 KB
physical id	: 0
siblings	: 4
core id		: 1
cpu cores	: 2
apicid		: 2
initial apicid	: 2
fpu		: yes
fpu_exception	: yes
cpuid level	: 13
wp		: yes
flags		: fpu vme de pse tsc msr pae mce cx8 apic sep mtrr pge mca cmov pat pse36 clflush dts acpi mmx fxsr sse sse2 ss ht tm pbe syscall nx pdpe1gb rdtscp lm constant_tsc arch_perfmon pebs bts rep_good nopl xtopology nonstop_tsc aperfmperf eagerfpu pni pclmulqdq dtes64 monitor ds_cpl vmx smx est tm2 ssse3 fma cx16 xtpr pdcm pcid sse4_1 sse4_2 x2apic movbe popcnt tsc_deadline_timer aes xsave avx f16c rdrand lahf_lm abm ida arat epb xsaveopt pln pts dtherm tpr_shadow vnmi flexpriority ept vpid fsgsbase tsc_adjust bmi1 hle avx2 smep bmi2 erms invpcid rtm
bogomips	: 5188.08
clflush size	: 64
cache_alignment	: 64
address sizes	: 39 bits physical, 48 bits virtual
power management:

processor	: 3
vendor_id	: GenuineIntel
cpu family	: 6
model		: 60
model name	: Intel(R) Core(TM) i5-4300M CPU @ 2.60GHz
stepping	: 3
microcode	: 0x16
cpu MHz		: 2601.000
cache size	: 3072 KB
physical id	: 0
siblings	: 4
core id		: 1
cpu cores	: 2
apicid		: 3
initial apicid	: 3
fpu		: yes
fpu_exception	: yes
cpuid level	: 13
wp		: yes
flags		: fpu vme de pse tsc msr pae mce cx8 apic sep mtrr pge mca cmov pat pse36 clflush dts acpi mmx fxsr sse sse2 ss ht tm pbe syscall nx pdpe1gb rdtscp lm constant_tsc arch_perfmon pebs bts rep_good nopl xtopology nonstop_tsc aperfmperf eagerfpu pni pclmulqdq dtes64 monitor ds_cpl vmx smx est tm2 ssse3 fma cx16 xtpr pdcm pcid sse4_1 sse4_2 x2apic movbe popcnt tsc_deadline_timer aes xsave avx f16c rdrand lahf_lm abm ida arat epb xsaveopt pln pts dtherm tpr_shadow vnmi flexpriority ept vpid fsgsbase tsc_adjust bmi1 hle avx2 smep bmi2 erms invpcid rtm
bogomips	: 5188.08
clflush size	: 64
cache_alignment	: 64
address sizes	: 39 bits physical, 48 bits virtual
power management:



Memory: 4k page, physical 3459312k(117312k free), swap 999420k(2296k free)

vm_info: OpenJDK 64-Bit Server VM (24.65-b04) for linux-amd64 JRE (1.7.0_65-b32), built on Oct 22 2014 04:37:44 by "buildd" with gcc 4.8.2

time: Mon Feb 16 16:35:19 2015
elapsed time: 16 seconds

